[0.629s] DEBUG:colcon:Command line arguments: ['/usr/bin/colcon', 'build']
[0.629s] DEBUG:colcon:Parsed command line arguments: Namespace(allow_overriding=[], ament_cmake_args=None, base_paths=['.'], build_base='build', catkin_cmake_args=None, catkin_skip_building_tests=False, cmake_args=None, cmake_clean_cache=False, cmake_clean_first=False, cmake_force_configure=False, cmake_target=None, cmake_target_skip_unavailable=False, continue_on_error=False, event_handlers=None, executor='parallel', ignore_user_meta=False, install_base='install', log_base=None, log_level=None, main=<bound method BuildVerb.main of <colcon_core.verb.build.BuildVerb object at 0x7f89addfbc40>>, merge_install=False, metas=['./colcon.meta'], packages_above=None, packages_above_and_dependencies=None, packages_above_depth=None, packages_end=None, packages_ignore=None, packages_ignore_regex=None, packages_select=None, packages_select_build_failed=False, packages_select_by_dep=None, packages_select_regex=None, packages_select_test_failures=False, packages_skip=None, packages_skip_build_finished=False, packages_skip_by_dep=None, packages_skip_regex=None, packages_skip_test_passed=False, packages_skip_up_to=None, packages_start=None, packages_up_to=None, packages_up_to_regex=None, parallel_workers=2, paths=None, symlink_install=False, test_result_base=None, verb_extension=<colcon_core.verb.build.BuildVerb object at 0x7f89addfbc40>, verb_name='build', verb_parser=<colcon_defaults.argument_parser.defaults.DefaultArgumentsDecorator object at 0x7f89add24550>)
[0.687s] Level 1:colcon.colcon_core.package_discovery:discover_packages(colcon_meta) check parameters
[0.687s] Level 1:colcon.colcon_core.package_discovery:discover_packages(recursive) check parameters
[0.687s] Level 1:colcon.colcon_core.package_discovery:discover_packages(ignore) check parameters
[0.687s] Level 1:colcon.colcon_core.package_discovery:discover_packages(path) check parameters
[0.687s] Level 1:colcon.colcon_core.package_discovery:discover_packages(colcon_meta) discover
[0.688s] Level 1:colcon.colcon_core.package_discovery:discover_packages(recursive) discover
[0.688s] INFO:colcon.colcon_core.package_discovery:Crawling recursively for packages in '/home/minkyo2/ROS2/ros2_package2'
[0.688s] Level 1:colcon.colcon_core.package_identification:_identify(.) by extensions ['ignore', 'ignore_ament_install']
[0.688s] Level 1:colcon.colcon_core.package_identification:_identify(.) by extension 'ignore'
[0.688s] Level 1:colcon.colcon_core.package_identification:_identify(.) by extension 'ignore_ament_install'
[0.688s] Level 1:colcon.colcon_core.package_identification:_identify(.) by extensions ['colcon_pkg']
[0.689s] Level 1:colcon.colcon_core.package_identification:_identify(.) by extension 'colcon_pkg'
[0.689s] Level 1:colcon.colcon_core.package_identification:_identify(.) by extensions ['colcon_meta']
[0.689s] Level 1:colcon.colcon_core.package_identification:_identify(.) by extension 'colcon_meta'
[0.689s] Level 1:colcon.colcon_core.package_identification:_identify(.) by extensions ['ros']
[0.689s] Level 1:colcon.colcon_core.package_identification:_identify(.) by extension 'ros'
[0.732s] Level 1:colcon.colcon_core.package_identification:_identify(.) by extensions ['cmake', 'python']
[0.732s] Level 1:colcon.colcon_core.package_identification:_identify(.) by extension 'cmake'
[0.732s] Level 1:colcon.colcon_core.package_identification:_identify(.) by extension 'python'
[0.732s] Level 1:colcon.colcon_core.package_identification:_identify(.) by extensions ['python_setup_py']
[0.732s] Level 1:colcon.colcon_core.package_identification:_identify(.) by extension 'python_setup_py'
[0.732s] Level 1:colcon.colcon_core.package_identification:_identify(build) by extensions ['ignore', 'ignore_ament_install']
[0.733s] Level 1:colcon.colcon_core.package_identification:_identify(build) by extension 'ignore'
[0.733s] Level 1:colcon.colcon_core.package_identification:_identify(build) ignored
[0.733s] Level 1:colcon.colcon_core.package_identification:_identify(install) by extensions ['ignore', 'ignore_ament_install']
[0.734s] Level 1:colcon.colcon_core.package_identification:_identify(install) by extension 'ignore'
[0.734s] Level 1:colcon.colcon_core.package_identification:_identify(install) ignored
[0.734s] Level 1:colcon.colcon_core.package_identification:_identify(log) by extensions ['ignore', 'ignore_ament_install']
[0.734s] Level 1:colcon.colcon_core.package_identification:_identify(log) by extension 'ignore'
[0.734s] Level 1:colcon.colcon_core.package_identification:_identify(log) ignored
[0.734s] Level 1:colcon.colcon_core.package_identification:_identify(src) by extensions ['ignore', 'ignore_ament_install']
[0.735s] Level 1:colcon.colcon_core.package_identification:_identify(src) by extension 'ignore'
[0.735s] Level 1:colcon.colcon_core.package_identification:_identify(src) by extension 'ignore_ament_install'
[0.735s] Level 1:colcon.colcon_core.package_identification:_identify(src) by extensions ['colcon_pkg']
[0.735s] Level 1:colcon.colcon_core.package_identification:_identify(src) by extension 'colcon_pkg'
[0.735s] Level 1:colcon.colcon_core.package_identification:_identify(src) by extensions ['colcon_meta']
[0.735s] Level 1:colcon.colcon_core.package_identification:_identify(src) by extension 'colcon_meta'
[0.735s] Level 1:colcon.colcon_core.package_identification:_identify(src) by extensions ['ros']
[0.736s] Level 1:colcon.colcon_core.package_identification:_identify(src) by extension 'ros'
[0.736s] Level 1:colcon.colcon_core.package_identification:_identify(src) by extensions ['cmake', 'python']
[0.736s] Level 1:colcon.colcon_core.package_identification:_identify(src) by extension 'cmake'
[0.736s] Level 1:colcon.colcon_core.package_identification:_identify(src) by extension 'python'
[0.736s] Level 1:colcon.colcon_core.package_identification:_identify(src) by extensions ['python_setup_py']
[0.736s] Level 1:colcon.colcon_core.package_identification:_identify(src) by extension 'python_setup_py'
[0.737s] Level 1:colcon.colcon_core.package_identification:_identify(src/my_first_package) by extensions ['ignore', 'ignore_ament_install']
[0.737s] Level 1:colcon.colcon_core.package_identification:_identify(src/my_first_package) by extension 'ignore'
[0.737s] Level 1:colcon.colcon_core.package_identification:_identify(src/my_first_package) by extension 'ignore_ament_install'
[0.737s] Level 1:colcon.colcon_core.package_identification:_identify(src/my_first_package) by extensions ['colcon_pkg']
[0.737s] Level 1:colcon.colcon_core.package_identification:_identify(src/my_first_package) by extension 'colcon_pkg'
[0.737s] Level 1:colcon.colcon_core.package_identification:_identify(src/my_first_package) by extensions ['colcon_meta']
[0.737s] Level 1:colcon.colcon_core.package_identification:_identify(src/my_first_package) by extension 'colcon_meta'
[0.738s] Level 1:colcon.colcon_core.package_identification:_identify(src/my_first_package) by extensions ['ros']
[0.738s] Level 1:colcon.colcon_core.package_identification:_identify(src/my_first_package) by extension 'ros'
[0.746s] DEBUG:colcon.colcon_core.package_identification:Package 'src/my_first_package' with type 'ros.ament_python' and name 'my_first_package'
[0.747s] Level 1:colcon.colcon_core.package_identification:_identify(src/my_first_package_msgs) by extensions ['ignore', 'ignore_ament_install']
[0.747s] Level 1:colcon.colcon_core.package_identification:_identify(src/my_first_package_msgs) by extension 'ignore'
[0.747s] Level 1:colcon.colcon_core.package_identification:_identify(src/my_first_package_msgs) by extension 'ignore_ament_install'
[0.747s] Level 1:colcon.colcon_core.package_identification:_identify(src/my_first_package_msgs) by extensions ['colcon_pkg']
[0.747s] Level 1:colcon.colcon_core.package_identification:_identify(src/my_first_package_msgs) by extension 'colcon_pkg'
[0.747s] Level 1:colcon.colcon_core.package_identification:_identify(src/my_first_package_msgs) by extensions ['colcon_meta']
[0.747s] Level 1:colcon.colcon_core.package_identification:_identify(src/my_first_package_msgs) by extension 'colcon_meta'
[0.748s] Level 1:colcon.colcon_core.package_identification:_identify(src/my_first_package_msgs) by extensions ['ros']
[0.748s] Level 1:colcon.colcon_core.package_identification:_identify(src/my_first_package_msgs) by extension 'ros'
[0.749s] DEBUG:colcon.colcon_core.package_identification:Package 'src/my_first_package_msgs' with type 'ros.ament_cmake' and name 'my_first_package_msgs'
[0.749s] Level 1:colcon.colcon_core.package_discovery:discover_packages(recursive) using defaults
[0.749s] Level 1:colcon.colcon_core.package_discovery:discover_packages(ignore) discover
[0.749s] Level 1:colcon.colcon_core.package_discovery:discover_packages(ignore) using defaults
[0.749s] Level 1:colcon.colcon_core.package_discovery:discover_packages(path) discover
[0.749s] Level 1:colcon.colcon_core.package_discovery:discover_packages(path) using defaults
[0.827s] Level 1:colcon.colcon_core.package_discovery:discover_packages(prefix_path) check parameters
[0.827s] Level 1:colcon.colcon_core.package_discovery:discover_packages(prefix_path) discover
[0.835s] DEBUG:colcon.colcon_installed_package_information.package_discovery:Found 2 installed packages in /home/minkyo2/ROS2/ros2_package2/install
[0.838s] DEBUG:colcon.colcon_installed_package_information.package_discovery:Found 268 installed packages in /opt/ros/galactic
[0.841s] Level 1:colcon.colcon_core.package_discovery:discover_packages(prefix_path) using defaults
[0.928s] Level 5:colcon.colcon_core.verb:set package 'my_first_package' build argument 'cmake_args' from command line to 'None'
[0.928s] Level 5:colcon.colcon_core.verb:set package 'my_first_package' build argument 'cmake_target' from command line to 'None'
[0.928s] Level 5:colcon.colcon_core.verb:set package 'my_first_package' build argument 'cmake_target_skip_unavailable' from command line to 'False'
[0.928s] Level 5:colcon.colcon_core.verb:set package 'my_first_package' build argument 'cmake_clean_cache' from command line to 'False'
[0.928s] Level 5:colcon.colcon_core.verb:set package 'my_first_package' build argument 'cmake_clean_first' from command line to 'False'
[0.928s] Level 5:colcon.colcon_core.verb:set package 'my_first_package' build argument 'cmake_force_configure' from command line to 'False'
[0.928s] Level 5:colcon.colcon_core.verb:set package 'my_first_package' build argument 'ament_cmake_args' from command line to 'None'
[0.928s] Level 5:colcon.colcon_core.verb:set package 'my_first_package' build argument 'catkin_cmake_args' from command line to 'None'
[0.928s] Level 5:colcon.colcon_core.verb:set package 'my_first_package' build argument 'catkin_skip_building_tests' from command line to 'False'
[0.928s] DEBUG:colcon.colcon_core.verb:Building package 'my_first_package' with the following arguments: {'ament_cmake_args': None, 'build_base': '/home/minkyo2/ROS2/ros2_package2/build/my_first_package', 'catkin_cmake_args': None, 'catkin_skip_building_tests': False, 'cmake_args': None, 'cmake_clean_cache': False, 'cmake_clean_first': False, 'cmake_force_configure': False, 'cmake_target': None, 'cmake_target_skip_unavailable': False, 'install_base': '/home/minkyo2/ROS2/ros2_package2/install/my_first_package', 'merge_install': False, 'path': '/home/minkyo2/ROS2/ros2_package2/src/my_first_package', 'symlink_install': False, 'test_result_base': None}
[0.930s] Level 5:colcon.colcon_core.verb:set package 'my_first_package_msgs' build argument 'cmake_args' from command line to 'None'
[0.931s] Level 5:colcon.colcon_core.verb:set package 'my_first_package_msgs' build argument 'cmake_target' from command line to 'None'
[0.931s] Level 5:colcon.colcon_core.verb:set package 'my_first_package_msgs' build argument 'cmake_target_skip_unavailable' from command line to 'False'
[0.931s] Level 5:colcon.colcon_core.verb:set package 'my_first_package_msgs' build argument 'cmake_clean_cache' from command line to 'False'
[0.931s] Level 5:colcon.colcon_core.verb:set package 'my_first_package_msgs' build argument 'cmake_clean_first' from command line to 'False'
[0.931s] Level 5:colcon.colcon_core.verb:set package 'my_first_package_msgs' build argument 'cmake_force_configure' from command line to 'False'
[0.931s] Level 5:colcon.colcon_core.verb:set package 'my_first_package_msgs' build argument 'ament_cmake_args' from command line to 'None'
[0.931s] Level 5:colcon.colcon_core.verb:set package 'my_first_package_msgs' build argument 'catkin_cmake_args' from command line to 'None'
[0.931s] Level 5:colcon.colcon_core.verb:set package 'my_first_package_msgs' build argument 'catkin_skip_building_tests' from command line to 'False'
[0.931s] DEBUG:colcon.colcon_core.verb:Building package 'my_first_package_msgs' with the following arguments: {'ament_cmake_args': None, 'build_base': '/home/minkyo2/ROS2/ros2_package2/build/my_first_package_msgs', 'catkin_cmake_args': None, 'catkin_skip_building_tests': False, 'cmake_args': None, 'cmake_clean_cache': False, 'cmake_clean_first': False, 'cmake_force_configure': False, 'cmake_target': None, 'cmake_target_skip_unavailable': False, 'install_base': '/home/minkyo2/ROS2/ros2_package2/install/my_first_package_msgs', 'merge_install': False, 'path': '/home/minkyo2/ROS2/ros2_package2/src/my_first_package_msgs', 'symlink_install': False, 'test_result_base': None}
[0.935s] INFO:colcon.colcon_core.executor:Executing jobs using 'parallel' executor
[0.971s] DEBUG:colcon.colcon_parallel_executor.executor.parallel:run_until_complete
[0.971s] INFO:colcon.colcon_ros.task.ament_python.build:Building ROS package in '/home/minkyo2/ROS2/ros2_package2/src/my_first_package' with build type 'ament_python'
[0.972s] Level 1:colcon.colcon_core.shell:create_environment_hook('my_first_package', 'ament_prefix_path')
[0.994s] INFO:colcon.colcon_core.plugin_system:Skipping extension 'colcon_core.shell.bat': Not used on non-Windows systems
[0.994s] INFO:colcon.colcon_core.shell:Creating environment hook '/home/minkyo2/ROS2/ros2_package2/install/my_first_package/share/my_first_package/hook/ament_prefix_path.ps1'
[0.996s] INFO:colcon.colcon_core.shell:Creating environment descriptor '/home/minkyo2/ROS2/ros2_package2/install/my_first_package/share/my_first_package/hook/ament_prefix_path.dsv'
[0.997s] INFO:colcon.colcon_core.shell:Creating environment hook '/home/minkyo2/ROS2/ros2_package2/install/my_first_package/share/my_first_package/hook/ament_prefix_path.sh'
[1.005s] INFO:colcon.colcon_core.shell:Skip shell extension 'powershell' for command environment: Not usable outside of PowerShell
[1.006s] DEBUG:colcon.colcon_core.shell:Skip shell extension 'dsv' for command environment
[1.026s] INFO:colcon.colcon_ros.task.ament_cmake.build:Building ROS package in '/home/minkyo2/ROS2/ros2_package2/src/my_first_package_msgs' with build type 'ament_cmake'
[1.027s] INFO:colcon.colcon_cmake.task.cmake.build:Building CMake package in '/home/minkyo2/ROS2/ros2_package2/src/my_first_package_msgs'
[1.031s] INFO:colcon.colcon_core.shell:Skip shell extension 'powershell' for command environment: Not usable outside of PowerShell
[1.031s] DEBUG:colcon.colcon_core.shell:Skip shell extension 'dsv' for command environment
[1.643s] INFO:colcon.colcon_core.task.python.build:Building Python package in '/home/minkyo2/ROS2/ros2_package2/src/my_first_package'
[1.647s] INFO:colcon.colcon_core.shell:Skip shell extension 'powershell' for command environment: Not usable outside of PowerShell
[1.648s] DEBUG:colcon.colcon_core.shell:Skip shell extension 'dsv' for command environment
[1.674s] DEBUG:colcon.colcon_core.event_handler.log_command:Invoking command in '/home/minkyo2/ROS2/ros2_package2/build/my_first_package_msgs': CMAKE_PREFIX_PATH=${CMAKE_PREFIX_PATH}:/home/minkyo2/ROS2/ros2_package2/install/my_first_package:/opt/ros/galactic /usr/bin/cmake --build /home/minkyo2/ROS2/ros2_package2/build/my_first_package_msgs -- -j2 -l2
[2.264s] DEBUG:colcon.colcon_core.event_handler.log_command:Invoked command in '/home/minkyo2/ROS2/ros2_package2/build/my_first_package_msgs' returned '0': CMAKE_PREFIX_PATH=${CMAKE_PREFIX_PATH}:/home/minkyo2/ROS2/ros2_package2/install/my_first_package:/opt/ros/galactic /usr/bin/cmake --build /home/minkyo2/ROS2/ros2_package2/build/my_first_package_msgs -- -j2 -l2
[2.367s] DEBUG:colcon.colcon_core.event_handler.log_command:Invoking command in '/home/minkyo2/ROS2/ros2_package2/build/my_first_package_msgs': CMAKE_PREFIX_PATH=${CMAKE_PREFIX_PATH}:/home/minkyo2/ROS2/ros2_package2/install/my_first_package:/opt/ros/galactic /usr/bin/cmake --install /home/minkyo2/ROS2/ros2_package2/build/my_first_package_msgs
[2.502s] Level 1:colcon.colcon_core.environment:create_environment_scripts_only(my_first_package_msgs)
[2.510s] DEBUG:colcon.colcon_core.event_handler.log_command:Invoked command in '/home/minkyo2/ROS2/ros2_package2/build/my_first_package_msgs' returned '0': CMAKE_PREFIX_PATH=${CMAKE_PREFIX_PATH}:/home/minkyo2/ROS2/ros2_package2/install/my_first_package:/opt/ros/galactic /usr/bin/cmake --install /home/minkyo2/ROS2/ros2_package2/build/my_first_package_msgs
[2.514s] Level 1:colcon.colcon_core.environment:checking '/home/minkyo2/ROS2/ros2_package2/install/my_first_package_msgs' for CMake module files
[2.515s] Level 1:colcon.colcon_core.environment:checking '/home/minkyo2/ROS2/ros2_package2/install/my_first_package_msgs' for CMake config files
[2.516s] Level 1:colcon.colcon_core.shell:create_environment_hook('my_first_package_msgs', 'cmake_prefix_path')
[2.520s] INFO:colcon.colcon_core.shell:Creating environment hook '/home/minkyo2/ROS2/ros2_package2/install/my_first_package_msgs/share/my_first_package_msgs/hook/cmake_prefix_path.ps1'
[2.521s] INFO:colcon.colcon_core.shell:Creating environment descriptor '/home/minkyo2/ROS2/ros2_package2/install/my_first_package_msgs/share/my_first_package_msgs/hook/cmake_prefix_path.dsv'
[2.523s] INFO:colcon.colcon_core.shell:Creating environment hook '/home/minkyo2/ROS2/ros2_package2/install/my_first_package_msgs/share/my_first_package_msgs/hook/cmake_prefix_path.sh'
[2.525s] Level 1:colcon.colcon_core.environment:checking '/home/minkyo2/ROS2/ros2_package2/install/my_first_package_msgs/lib'
[2.526s] Level 1:colcon.colcon_core.shell:create_environment_hook('my_first_package_msgs', 'ld_library_path_lib')
[2.531s] INFO:colcon.colcon_core.shell:Creating environment hook '/home/minkyo2/ROS2/ros2_package2/install/my_first_package_msgs/share/my_first_package_msgs/hook/ld_library_path_lib.ps1'
[2.532s] INFO:colcon.colcon_core.shell:Creating environment descriptor '/home/minkyo2/ROS2/ros2_package2/install/my_first_package_msgs/share/my_first_package_msgs/hook/ld_library_path_lib.dsv'
[2.533s] INFO:colcon.colcon_core.shell:Creating environment hook '/home/minkyo2/ROS2/ros2_package2/install/my_first_package_msgs/share/my_first_package_msgs/hook/ld_library_path_lib.sh'
[2.534s] Level 1:colcon.colcon_core.environment:checking '/home/minkyo2/ROS2/ros2_package2/install/my_first_package_msgs/bin'
[2.535s] Level 1:colcon.colcon_core.environment:checking '/home/minkyo2/ROS2/ros2_package2/install/my_first_package_msgs/lib/pkgconfig/my_first_package_msgs.pc'
[2.535s] Level 1:colcon.colcon_core.environment:checking '/home/minkyo2/ROS2/ros2_package2/install/my_first_package_msgs/lib/python3.8/site-packages'
[2.535s] Level 1:colcon.colcon_core.shell:create_environment_hook('my_first_package_msgs', 'pythonpath')
[2.545s] INFO:colcon.colcon_core.shell:Creating environment hook '/home/minkyo2/ROS2/ros2_package2/install/my_first_package_msgs/share/my_first_package_msgs/hook/pythonpath.ps1'
[2.547s] INFO:colcon.colcon_core.shell:Creating environment descriptor '/home/minkyo2/ROS2/ros2_package2/install/my_first_package_msgs/share/my_first_package_msgs/hook/pythonpath.dsv'
[2.548s] INFO:colcon.colcon_core.shell:Creating environment hook '/home/minkyo2/ROS2/ros2_package2/install/my_first_package_msgs/share/my_first_package_msgs/hook/pythonpath.sh'
[2.551s] Level 1:colcon.colcon_core.environment:checking '/home/minkyo2/ROS2/ros2_package2/install/my_first_package_msgs/bin'
[2.558s] INFO:colcon.colcon_core.shell:Creating package script '/home/minkyo2/ROS2/ros2_package2/install/my_first_package_msgs/share/my_first_package_msgs/package.ps1'
[2.560s] INFO:colcon.colcon_core.shell:Creating package descriptor '/home/minkyo2/ROS2/ros2_package2/install/my_first_package_msgs/share/my_first_package_msgs/package.dsv'
[2.561s] INFO:colcon.colcon_core.shell:Creating package script '/home/minkyo2/ROS2/ros2_package2/install/my_first_package_msgs/share/my_first_package_msgs/package.sh'
[2.562s] INFO:colcon.colcon_core.shell:Creating package script '/home/minkyo2/ROS2/ros2_package2/install/my_first_package_msgs/share/my_first_package_msgs/package.bash'
[2.564s] INFO:colcon.colcon_core.shell:Creating package script '/home/minkyo2/ROS2/ros2_package2/install/my_first_package_msgs/share/my_first_package_msgs/package.zsh'
[2.565s] Level 1:colcon.colcon_core.environment:create_file_with_runtime_dependencies(/home/minkyo2/ROS2/ros2_package2/install/my_first_package_msgs/share/colcon-core/packages/my_first_package_msgs)
[2.666s] Level 1:colcon.colcon_core.environment:create_environment_scripts_only(my_first_package_msgs)
[2.675s] Level 1:colcon.colcon_core.environment:checking '/home/minkyo2/ROS2/ros2_package2/install/my_first_package_msgs' for CMake module files
[2.676s] Level 1:colcon.colcon_core.environment:checking '/home/minkyo2/ROS2/ros2_package2/install/my_first_package_msgs' for CMake config files
[2.676s] Level 1:colcon.colcon_core.shell:create_environment_hook('my_first_package_msgs', 'cmake_prefix_path')
[2.682s] INFO:colcon.colcon_core.shell:Creating environment hook '/home/minkyo2/ROS2/ros2_package2/install/my_first_package_msgs/share/my_first_package_msgs/hook/cmake_prefix_path.ps1'
[2.683s] INFO:colcon.colcon_core.shell:Creating environment descriptor '/home/minkyo2/ROS2/ros2_package2/install/my_first_package_msgs/share/my_first_package_msgs/hook/cmake_prefix_path.dsv'
[2.684s] INFO:colcon.colcon_core.shell:Creating environment hook '/home/minkyo2/ROS2/ros2_package2/install/my_first_package_msgs/share/my_first_package_msgs/hook/cmake_prefix_path.sh'
[2.687s] Level 1:colcon.colcon_core.environment:checking '/home/minkyo2/ROS2/ros2_package2/install/my_first_package_msgs/lib'
[2.687s] Level 1:colcon.colcon_core.shell:create_environment_hook('my_first_package_msgs', 'ld_library_path_lib')
[2.695s] INFO:colcon.colcon_core.shell:Creating environment hook '/home/minkyo2/ROS2/ros2_package2/install/my_first_package_msgs/share/my_first_package_msgs/hook/ld_library_path_lib.ps1'
[2.696s] INFO:colcon.colcon_core.shell:Creating environment descriptor '/home/minkyo2/ROS2/ros2_package2/install/my_first_package_msgs/share/my_first_package_msgs/hook/ld_library_path_lib.dsv'
[2.697s] INFO:colcon.colcon_core.shell:Creating environment hook '/home/minkyo2/ROS2/ros2_package2/install/my_first_package_msgs/share/my_first_package_msgs/hook/ld_library_path_lib.sh'
[2.698s] Level 1:colcon.colcon_core.environment:checking '/home/minkyo2/ROS2/ros2_package2/install/my_first_package_msgs/bin'
[2.698s] Level 1:colcon.colcon_core.environment:checking '/home/minkyo2/ROS2/ros2_package2/install/my_first_package_msgs/lib/pkgconfig/my_first_package_msgs.pc'
[2.698s] Level 1:colcon.colcon_core.environment:checking '/home/minkyo2/ROS2/ros2_package2/install/my_first_package_msgs/lib/python3.8/site-packages'
[2.698s] Level 1:colcon.colcon_core.shell:create_environment_hook('my_first_package_msgs', 'pythonpath')
[2.703s] INFO:colcon.colcon_core.shell:Creating environment hook '/home/minkyo2/ROS2/ros2_package2/install/my_first_package_msgs/share/my_first_package_msgs/hook/pythonpath.ps1'
[2.704s] INFO:colcon.colcon_core.shell:Creating environment descriptor '/home/minkyo2/ROS2/ros2_package2/install/my_first_package_msgs/share/my_first_package_msgs/hook/pythonpath.dsv'
[2.705s] INFO:colcon.colcon_core.shell:Creating environment hook '/home/minkyo2/ROS2/ros2_package2/install/my_first_package_msgs/share/my_first_package_msgs/hook/pythonpath.sh'
[2.706s] Level 1:colcon.colcon_core.environment:checking '/home/minkyo2/ROS2/ros2_package2/install/my_first_package_msgs/bin'
[2.716s] INFO:colcon.colcon_core.shell:Creating package script '/home/minkyo2/ROS2/ros2_package2/install/my_first_package_msgs/share/my_first_package_msgs/package.ps1'
[2.718s] INFO:colcon.colcon_core.shell:Creating package descriptor '/home/minkyo2/ROS2/ros2_package2/install/my_first_package_msgs/share/my_first_package_msgs/package.dsv'
[2.719s] INFO:colcon.colcon_core.shell:Creating package script '/home/minkyo2/ROS2/ros2_package2/install/my_first_package_msgs/share/my_first_package_msgs/package.sh'
[2.721s] INFO:colcon.colcon_core.shell:Creating package script '/home/minkyo2/ROS2/ros2_package2/install/my_first_package_msgs/share/my_first_package_msgs/package.bash'
[2.724s] INFO:colcon.colcon_core.shell:Creating package script '/home/minkyo2/ROS2/ros2_package2/install/my_first_package_msgs/share/my_first_package_msgs/package.zsh'
[2.725s] Level 1:colcon.colcon_core.environment:create_file_with_runtime_dependencies(/home/minkyo2/ROS2/ros2_package2/install/my_first_package_msgs/share/colcon-core/packages/my_first_package_msgs)
[2.787s] DEBUG:colcon.colcon_core.event_handler.log_command:Invoking command in '/home/minkyo2/ROS2/ros2_package2/src/my_first_package': PYTHONPATH=/home/minkyo2/ROS2/ros2_package2/build/my_first_package/prefix_override:/home/minkyo2/ROS2/ros2_package2/install/my_first_package/lib/python3.8/site-packages:${PYTHONPATH} /usr/bin/python3 setup.py egg_info --egg-base ../../build/my_first_package build --build-base /home/minkyo2/ROS2/ros2_package2/build/my_first_package/build install --record /home/minkyo2/ROS2/ros2_package2/build/my_first_package/install.log --single-version-externally-managed
[3.780s] Level 1:colcon.colcon_core.environment:checking '/home/minkyo2/ROS2/ros2_package2/install/my_first_package' for CMake module files
[3.781s] DEBUG:colcon.colcon_core.event_handler.log_command:Invoked command in '/home/minkyo2/ROS2/ros2_package2/src/my_first_package' returned '0': PYTHONPATH=/home/minkyo2/ROS2/ros2_package2/build/my_first_package/prefix_override:/home/minkyo2/ROS2/ros2_package2/install/my_first_package/lib/python3.8/site-packages:${PYTHONPATH} /usr/bin/python3 setup.py egg_info --egg-base ../../build/my_first_package build --build-base /home/minkyo2/ROS2/ros2_package2/build/my_first_package/build install --record /home/minkyo2/ROS2/ros2_package2/build/my_first_package/install.log --single-version-externally-managed
[3.782s] Level 1:colcon.colcon_core.environment:checking '/home/minkyo2/ROS2/ros2_package2/install/my_first_package' for CMake config files
[3.784s] Level 1:colcon.colcon_core.environment:checking '/home/minkyo2/ROS2/ros2_package2/install/my_first_package/lib'
[3.784s] Level 1:colcon.colcon_core.environment:checking '/home/minkyo2/ROS2/ros2_package2/install/my_first_package/bin'
[3.785s] Level 1:colcon.colcon_core.environment:checking '/home/minkyo2/ROS2/ros2_package2/install/my_first_package/lib/pkgconfig/my_first_package.pc'
[3.786s] Level 1:colcon.colcon_core.environment:checking '/home/minkyo2/ROS2/ros2_package2/install/my_first_package/lib/python3.8/site-packages'
[3.786s] Level 1:colcon.colcon_core.shell:create_environment_hook('my_first_package', 'pythonpath')
[3.794s] INFO:colcon.colcon_core.shell:Creating environment hook '/home/minkyo2/ROS2/ros2_package2/install/my_first_package/share/my_first_package/hook/pythonpath.ps1'
[3.796s] INFO:colcon.colcon_core.shell:Creating environment descriptor '/home/minkyo2/ROS2/ros2_package2/install/my_first_package/share/my_first_package/hook/pythonpath.dsv'
[3.797s] INFO:colcon.colcon_core.shell:Creating environment hook '/home/minkyo2/ROS2/ros2_package2/install/my_first_package/share/my_first_package/hook/pythonpath.sh'
[3.799s] Level 1:colcon.colcon_core.environment:checking '/home/minkyo2/ROS2/ros2_package2/install/my_first_package/bin'
[3.799s] Level 1:colcon.colcon_core.environment:create_environment_scripts_only(my_first_package)
[3.806s] INFO:colcon.colcon_core.shell:Creating package script '/home/minkyo2/ROS2/ros2_package2/install/my_first_package/share/my_first_package/package.ps1'
[3.808s] INFO:colcon.colcon_core.shell:Creating package descriptor '/home/minkyo2/ROS2/ros2_package2/install/my_first_package/share/my_first_package/package.dsv'
[3.809s] INFO:colcon.colcon_core.shell:Creating package script '/home/minkyo2/ROS2/ros2_package2/install/my_first_package/share/my_first_package/package.sh'
[3.810s] INFO:colcon.colcon_core.shell:Creating package script '/home/minkyo2/ROS2/ros2_package2/install/my_first_package/share/my_first_package/package.bash'
[3.811s] INFO:colcon.colcon_core.shell:Creating package script '/home/minkyo2/ROS2/ros2_package2/install/my_first_package/share/my_first_package/package.zsh'
[3.811s] Level 1:colcon.colcon_core.environment:create_file_with_runtime_dependencies(/home/minkyo2/ROS2/ros2_package2/install/my_first_package/share/colcon-core/packages/my_first_package)
[3.813s] DEBUG:colcon.colcon_parallel_executor.executor.parallel:closing loop
[3.813s] DEBUG:colcon.colcon_parallel_executor.executor.parallel:loop closed
[3.813s] DEBUG:colcon.colcon_parallel_executor.executor.parallel:run_until_complete finished with '0'
[3.814s] DEBUG:colcon.colcon_core.event_reactor:joining thread
[3.827s] INFO:colcon.colcon_core.plugin_system:Skipping extension 'colcon_notification.desktop_notification.terminal_notifier': Not used on non-Darwin systems
[3.827s] INFO:colcon.colcon_core.plugin_system:Skipping extension 'colcon_notification.desktop_notification.win32': Not used on non-Windows systems
[3.829s] INFO:colcon.colcon_notification.desktop_notification:Sending desktop notification using 'notify2'
[3.861s] DEBUG:colcon.colcon_core.event_reactor:joined thread
[3.872s] INFO:colcon.colcon_core.shell:Creating prefix script '/home/minkyo2/ROS2/ros2_package2/install/local_setup.ps1'
[3.874s] INFO:colcon.colcon_core.shell:Creating prefix util module '/home/minkyo2/ROS2/ros2_package2/install/_local_setup_util_ps1.py'
[3.877s] INFO:colcon.colcon_core.shell:Creating prefix chain script '/home/minkyo2/ROS2/ros2_package2/install/setup.ps1'
[3.880s] INFO:colcon.colcon_core.shell:Creating prefix script '/home/minkyo2/ROS2/ros2_package2/install/local_setup.sh'
[3.881s] INFO:colcon.colcon_core.shell:Creating prefix util module '/home/minkyo2/ROS2/ros2_package2/install/_local_setup_util_sh.py'
[3.884s] INFO:colcon.colcon_core.shell:Creating prefix chain script '/home/minkyo2/ROS2/ros2_package2/install/setup.sh'
[3.893s] INFO:colcon.colcon_core.shell:Creating prefix script '/home/minkyo2/ROS2/ros2_package2/install/local_setup.bash'
[3.895s] INFO:colcon.colcon_core.shell:Creating prefix chain script '/home/minkyo2/ROS2/ros2_package2/install/setup.bash'
[3.901s] INFO:colcon.colcon_core.shell:Creating prefix script '/home/minkyo2/ROS2/ros2_package2/install/local_setup.zsh'
[3.902s] INFO:colcon.colcon_core.shell:Creating prefix chain script '/home/minkyo2/ROS2/ros2_package2/install/setup.zsh'
