[1.869s] Invoking command in '/home/minkyo2/ROS2/ros2_package2/src/my_first_package': PYTHONPATH=/home/minkyo2/ROS2/ros2_package2/build/my_first_package/prefix_override:/home/minkyo2/ROS2/ros2_package2/install/my_first_package/lib/python3.8/site-packages:${PYTHONPATH} /usr/bin/python3 setup.py egg_info --egg-base ../../build/my_first_package build --build-base /home/minkyo2/ROS2/ros2_package2/build/my_first_package/build install --record /home/minkyo2/ROS2/ros2_package2/build/my_first_package/install.log --single-version-externally-managed
[2.435s] running egg_info
[2.493s] writing ../../build/my_first_package/my_first_package.egg-info/PKG-INFO
[2.494s] writing dependency_links to ../../build/my_first_package/my_first_package.egg-info/dependency_links.txt
[2.497s] writing entry points to ../../build/my_first_package/my_first_package.egg-info/entry_points.txt
[2.502s] writing requirements to ../../build/my_first_package/my_first_package.egg-info/requires.txt
[2.502s] writing top-level names to ../../build/my_first_package/my_first_package.egg-info/top_level.txt
[2.554s] reading manifest file '../../build/my_first_package/my_first_package.egg-info/SOURCES.txt'
[2.555s] writing manifest file '../../build/my_first_package/my_first_package.egg-info/SOURCES.txt'
[2.556s] running build
[2.556s] running build_py
[2.556s] copying my_first_package/my_subscriber.py -> /home/minkyo2/ROS2/ros2_package2/build/my_first_package/build/lib/my_first_package
[2.557s] running install
[2.557s] /home/minkyo2/.local/lib/python3.8/site-packages/setuptools/command/install.py:34: SetuptoolsDeprecationWarning: setup.py install is deprecated. Use build and pip and other standards-based tools.
[2.557s]   warnings.warn(
[2.570s] running install_lib
[2.618s] copying /home/minkyo2/ROS2/ros2_package2/build/my_first_package/build/lib/my_first_package/my_subscriber.py -> /home/minkyo2/ROS2/ros2_package2/install/my_first_package/lib/python3.8/site-packages/my_first_package
[2.619s] byte-compiling /home/minkyo2/ROS2/ros2_package2/install/my_first_package/lib/python3.8/site-packages/my_first_package/my_subscriber.py to my_subscriber.cpython-38.pyc
[2.620s] running install_data
[2.662s] running install_egg_info
[2.709s] removing '/home/minkyo2/ROS2/ros2_package2/install/my_first_package/lib/python3.8/site-packages/my_first_package-0.0.0-py3.8.egg-info' (and everything under it)
[2.710s] Copying ../../build/my_first_package/my_first_package.egg-info to /home/minkyo2/ROS2/ros2_package2/install/my_first_package/lib/python3.8/site-packages/my_first_package-0.0.0-py3.8.egg-info
[2.712s] running install_scripts
[2.887s] Installing my_first_node script to /home/minkyo2/ROS2/ros2_package2/install/my_first_package/lib/my_first_package
[2.888s] Installing my_subscriber script to /home/minkyo2/ROS2/ros2_package2/install/my_first_package/lib/my_first_package
[2.890s] writing list of installed files to '/home/minkyo2/ROS2/ros2_package2/build/my_first_package/install.log'
[2.955s] Invoked command in '/home/minkyo2/ROS2/ros2_package2/src/my_first_package' returned '0': PYTHONPATH=/home/minkyo2/ROS2/ros2_package2/build/my_first_package/prefix_override:/home/minkyo2/ROS2/ros2_package2/install/my_first_package/lib/python3.8/site-packages:${PYTHONPATH} /usr/bin/python3 setup.py egg_info --egg-base ../../build/my_first_package build --build-base /home/minkyo2/ROS2/ros2_package2/build/my_first_package/build install --record /home/minkyo2/ROS2/ros2_package2/build/my_first_package/install.log --single-version-externally-managed
