[2.257s] Invoking command in '/home/minkyo2/ROS2/ros2_package2/src/my_first_package': PYTHONPATH=/home/minkyo2/ROS2/ros2_package2/build/my_first_package/prefix_override:/home/minkyo2/ROS2/ros2_package2/install/my_first_package/lib/python3.8/site-packages:${PYTHONPATH} /usr/bin/python3 setup.py egg_info --egg-base ../../build/my_first_package build --build-base /home/minkyo2/ROS2/ros2_package2/build/my_first_package/build install --record /home/minkyo2/ROS2/ros2_package2/build/my_first_package/install.log --single-version-externally-managed
[2.933s] running egg_info
[2.969s] writing ../../build/my_first_package/my_first_package.egg-info/PKG-INFO
[2.971s] writing dependency_links to ../../build/my_first_package/my_first_package.egg-info/dependency_links.txt
[2.971s] writing entry points to ../../build/my_first_package/my_first_package.egg-info/entry_points.txt
[2.972s] writing requirements to ../../build/my_first_package/my_first_package.egg-info/requires.txt
[2.972s] writing top-level names to ../../build/my_first_package/my_first_package.egg-info/top_level.txt
[3.068s] reading manifest file '../../build/my_first_package/my_first_package.egg-info/SOURCES.txt'
[3.072s] writing manifest file '../../build/my_first_package/my_first_package.egg-info/SOURCES.txt'
[3.072s] running build
[3.072s] running build_py
[3.072s] copying my_first_package/my_subscriber.py -> /home/minkyo2/ROS2/ros2_package2/build/my_first_package/build/lib/my_first_package
[3.073s] running install
[3.074s] /home/minkyo2/.local/lib/python3.8/site-packages/setuptools/command/install.py:34: SetuptoolsDeprecationWarning: setup.py install is deprecated. Use build and pip and other standards-based tools.
[3.074s]   warnings.warn(
[3.087s] running install_lib
[3.116s] copying /home/minkyo2/ROS2/ros2_package2/build/my_first_package/build/lib/my_first_package/my_subscriber.py -> /home/minkyo2/ROS2/ros2_package2/install/my_first_package/lib/python3.8/site-packages/my_first_package
[3.119s] byte-compiling /home/minkyo2/ROS2/ros2_package2/install/my_first_package/lib/python3.8/site-packages/my_first_package/my_subscriber.py to my_subscriber.cpython-38.pyc
[3.119s]   File "/home/minkyo2/ROS2/ros2_package2/install/my_first_package/lib/python3.8/site-packages/my_first_package/my_subscriber.py", line 17
[3.119s]     print("X : " msg.x, ", Y : ", msg.y)
[3.119s]                  ^
[3.120s] SyntaxError: invalid syntax
[3.120s] 
[3.120s] running install_data
[3.150s] running install_egg_info
[3.195s] removing '/home/minkyo2/ROS2/ros2_package2/install/my_first_package/lib/python3.8/site-packages/my_first_package-0.0.0-py3.8.egg-info' (and everything under it)
[3.196s] Copying ../../build/my_first_package/my_first_package.egg-info to /home/minkyo2/ROS2/ros2_package2/install/my_first_package/lib/python3.8/site-packages/my_first_package-0.0.0-py3.8.egg-info
[3.198s] running install_scripts
[3.322s] Installing my_first_node script to /home/minkyo2/ROS2/ros2_package2/install/my_first_package/lib/my_first_package
[3.322s] Installing my_subscriber script to /home/minkyo2/ROS2/ros2_package2/install/my_first_package/lib/my_first_package
[3.323s] writing list of installed files to '/home/minkyo2/ROS2/ros2_package2/build/my_first_package/install.log'
[3.367s] Invoked command in '/home/minkyo2/ROS2/ros2_package2/src/my_first_package' returned '0': PYTHONPATH=/home/minkyo2/ROS2/ros2_package2/build/my_first_package/prefix_override:/home/minkyo2/ROS2/ros2_package2/install/my_first_package/lib/python3.8/site-packages:${PYTHONPATH} /usr/bin/python3 setup.py egg_info --egg-base ../../build/my_first_package build --build-base /home/minkyo2/ROS2/ros2_package2/build/my_first_package/build install --record /home/minkyo2/ROS2/ros2_package2/build/my_first_package/install.log --single-version-externally-managed
