[1.916s] Invoking command in '/home/minkyo2/ROS2/ros2_package2/src/my_first_package': PYTHONPATH=/home/minkyo2/ROS2/ros2_package2/build/my_first_package/prefix_override:/home/minkyo2/ROS2/ros2_package2/install/my_first_package/lib/python3.8/site-packages:${PYTHONPATH} /usr/bin/python3 setup.py egg_info --egg-base ../../build/my_first_package build --build-base /home/minkyo2/ROS2/ros2_package2/build/my_first_package/build install --record /home/minkyo2/ROS2/ros2_package2/build/my_first_package/install.log --single-version-externally-managed
[2.544s] running egg_info
[2.562s] writing ../../build/my_first_package/my_first_package.egg-info/PKG-INFO
[2.562s] writing dependency_links to ../../build/my_first_package/my_first_package.egg-info/dependency_links.txt
[2.563s] writing entry points to ../../build/my_first_package/my_first_package.egg-info/entry_points.txt
[2.563s] writing requirements to ../../build/my_first_package/my_first_package.egg-info/requires.txt
[2.564s] writing top-level names to ../../build/my_first_package/my_first_package.egg-info/top_level.txt
[2.614s] reading manifest file '../../build/my_first_package/my_first_package.egg-info/SOURCES.txt'
[2.615s] writing manifest file '../../build/my_first_package/my_first_package.egg-info/SOURCES.txt'
[2.615s] running build
[2.616s] running build_py
[2.616s] running install
[2.616s] /home/minkyo2/.local/lib/python3.8/site-packages/setuptools/command/install.py:34: SetuptoolsDeprecationWarning: setup.py install is deprecated. Use build and pip and other standards-based tools.
[2.617s]   warnings.warn(
[2.624s] running install_lib
[2.647s] byte-compiling /home/minkyo2/ROS2/ros2_package2/install/my_first_package/lib/python3.8/site-packages/my_first_package/tuetle_cmd_and_pose.py to tuetle_cmd_and_pose.cpython-38.pyc
[2.648s]   File "/home/minkyo2/ROS2/ros2_package2/install/my_first_package/lib/python3.8/site-packages/my_first_package/tuetle_cmd_and_pose.py", line 2
[2.648s]     import rclpy.node import Node
[2.648s]                       ^
[2.648s] SyntaxError: invalid syntax
[2.648s] 
[2.648s] running install_data
[2.687s] running install_egg_info
[2.726s] removing '/home/minkyo2/ROS2/ros2_package2/install/my_first_package/lib/python3.8/site-packages/my_first_package-0.0.0-py3.8.egg-info' (and everything under it)
[2.727s] Copying ../../build/my_first_package/my_first_package.egg-info to /home/minkyo2/ROS2/ros2_package2/install/my_first_package/lib/python3.8/site-packages/my_first_package-0.0.0-py3.8.egg-info
[2.729s] running install_scripts
[2.820s] Installing my_first_node script to /home/minkyo2/ROS2/ros2_package2/install/my_first_package/lib/my_first_package
[2.820s] Installing my_publisher script to /home/minkyo2/ROS2/ros2_package2/install/my_first_package/lib/my_first_package
[2.821s] Installing my_subscriber script to /home/minkyo2/ROS2/ros2_package2/install/my_first_package/lib/my_first_package
[2.821s] Installing tuetle_cmd_and_pose script to /home/minkyo2/ROS2/ros2_package2/install/my_first_package/lib/my_first_package
[2.821s] writing list of installed files to '/home/minkyo2/ROS2/ros2_package2/build/my_first_package/install.log'
[2.869s] Invoked command in '/home/minkyo2/ROS2/ros2_package2/src/my_first_package' returned '0': PYTHONPATH=/home/minkyo2/ROS2/ros2_package2/build/my_first_package/prefix_override:/home/minkyo2/ROS2/ros2_package2/install/my_first_package/lib/python3.8/site-packages:${PYTHONPATH} /usr/bin/python3 setup.py egg_info --egg-base ../../build/my_first_package build --build-base /home/minkyo2/ROS2/ros2_package2/build/my_first_package/build install --record /home/minkyo2/ROS2/ros2_package2/build/my_first_package/install.log --single-version-externally-managed
