[3.448s] Invoking command in '/home/minkyo2/ROS2/ros2_package2/src/my_first_package': PYTHONPATH=/home/minkyo2/ROS2/ros2_package2/build/my_first_package/prefix_override:/home/minkyo2/ROS2/ros2_package2/install/my_first_package/lib/python3.8/site-packages:${PYTHONPATH} /usr/bin/python3 setup.py egg_info --egg-base ../../build/my_first_package build --build-base /home/minkyo2/ROS2/ros2_package2/build/my_first_package/build install --record /home/minkyo2/ROS2/ros2_package2/build/my_first_package/install.log --single-version-externally-managed
[4.524s] running egg_info
[4.566s] writing ../../build/my_first_package/my_first_package.egg-info/PKG-INFO
[4.567s] writing dependency_links to ../../build/my_first_package/my_first_package.egg-info/dependency_links.txt
[4.568s] writing entry points to ../../build/my_first_package/my_first_package.egg-info/entry_points.txt
[4.569s] writing requirements to ../../build/my_first_package/my_first_package.egg-info/requires.txt
[4.570s] writing top-level names to ../../build/my_first_package/my_first_package.egg-info/top_level.txt
[4.641s] reading manifest file '../../build/my_first_package/my_first_package.egg-info/SOURCES.txt'
[4.644s] writing manifest file '../../build/my_first_package/my_first_package.egg-info/SOURCES.txt'
[4.645s] running build
[4.645s] running build_py
[4.645s] copying my_first_package/turtle_cmd_and_pose.py -> /home/minkyo2/ROS2/ros2_package2/build/my_first_package/build/lib/my_first_package
[4.645s] running install
[4.645s] /home/minkyo2/.local/lib/python3.8/site-packages/setuptools/command/install.py:34: SetuptoolsDeprecationWarning: setup.py install is deprecated. Use build and pip and other standards-based tools.
[4.646s]   warnings.warn(
[4.655s] running install_lib
[4.694s] copying /home/minkyo2/ROS2/ros2_package2/build/my_first_package/build/lib/my_first_package/turtle_cmd_and_pose.py -> /home/minkyo2/ROS2/ros2_package2/install/my_first_package/lib/python3.8/site-packages/my_first_package
[4.696s] byte-compiling /home/minkyo2/ROS2/ros2_package2/install/my_first_package/lib/python3.8/site-packages/my_first_package/turtle_cmd_and_pose.py to turtle_cmd_and_pose.cpython-38.pyc
[4.700s] running install_data
[4.743s] running install_egg_info
[4.807s] removing '/home/minkyo2/ROS2/ros2_package2/install/my_first_package/lib/python3.8/site-packages/my_first_package-0.0.0-py3.8.egg-info' (and everything under it)
[4.809s] Copying ../../build/my_first_package/my_first_package.egg-info to /home/minkyo2/ROS2/ros2_package2/install/my_first_package/lib/python3.8/site-packages/my_first_package-0.0.0-py3.8.egg-info
[4.812s] running install_scripts
[4.981s] Installing my_first_node script to /home/minkyo2/ROS2/ros2_package2/install/my_first_package/lib/my_first_package
[4.981s] Installing my_publisher script to /home/minkyo2/ROS2/ros2_package2/install/my_first_package/lib/my_first_package
[4.982s] Installing my_subscriber script to /home/minkyo2/ROS2/ros2_package2/install/my_first_package/lib/my_first_package
[4.983s] Installing turtle_cmd_and_pose script to /home/minkyo2/ROS2/ros2_package2/install/my_first_package/lib/my_first_package
[4.986s] writing list of installed files to '/home/minkyo2/ROS2/ros2_package2/build/my_first_package/install.log'
[5.067s] Invoked command in '/home/minkyo2/ROS2/ros2_package2/src/my_first_package' returned '0': PYTHONPATH=/home/minkyo2/ROS2/ros2_package2/build/my_first_package/prefix_override:/home/minkyo2/ROS2/ros2_package2/install/my_first_package/lib/python3.8/site-packages:${PYTHONPATH} /usr/bin/python3 setup.py egg_info --egg-base ../../build/my_first_package build --build-base /home/minkyo2/ROS2/ros2_package2/build/my_first_package/build install --record /home/minkyo2/ROS2/ros2_package2/build/my_first_package/install.log --single-version-externally-managed
