[0.717s] Invoking command in '/home/minkyo2/ROS2/ros2_package2/build/my_first_package_msgs': CMAKE_PREFIX_PATH=${CMAKE_PREFIX_PATH}:/home/minkyo2/ROS2/ros2_package2/install/my_first_package:/opt/ros/galactic /usr/bin/cmake --build /home/minkyo2/ROS2/ros2_package2/build/my_first_package_msgs -- -j2 -l2
[0.837s] [  3%] Built target my_first_package_msgs__cpp
[0.868s] [ 12%] Built target my_first_package_msgs__rosidl_typesupport_cpp
[0.897s] [ 22%] Built target my_first_package_msgs__rosidl_generator_c
[0.941s] [ 32%] Built target my_first_package_msgs__rosidl_typesupport_introspection_cpp
[0.996s] [ 41%] Built target my_first_package_msgs__rosidl_typesupport_introspection_c
[1.055s] [ 51%] Built target my_first_package_msgs__rosidl_typesupport_fastrtps_cpp
[1.073s] [ 61%] Built target my_first_package_msgs__rosidl_typesupport_c
[1.166s] [ 70%] Built target my_first_package_msgs__rosidl_typesupport_fastrtps_c
[1.245s] [ 70%] Built target my_first_package_msgs
[1.285s] [ 74%] Built target my_first_package_msgs__py
[1.384s] [ 80%] Built target my_first_package_msgs__python
[1.500s] [ 87%] Built target my_first_package_msgs__rosidl_typesupport_introspection_c__pyext
[1.572s] [ 93%] Built target my_first_package_msgs__rosidl_typesupport_fastrtps_c__pyext
[1.587s] [100%] Built target my_first_package_msgs__rosidl_typesupport_c__pyext
[1.610s] Invoked command in '/home/minkyo2/ROS2/ros2_package2/build/my_first_package_msgs' returned '0': CMAKE_PREFIX_PATH=${CMAKE_PREFIX_PATH}:/home/minkyo2/ROS2/ros2_package2/install/my_first_package:/opt/ros/galactic /usr/bin/cmake --build /home/minkyo2/ROS2/ros2_package2/build/my_first_package_msgs -- -j2 -l2
[1.788s] Invoking command in '/home/minkyo2/ROS2/ros2_package2/build/my_first_package_msgs': CMAKE_PREFIX_PATH=${CMAKE_PREFIX_PATH}:/home/minkyo2/ROS2/ros2_package2/install/my_first_package:/opt/ros/galactic /usr/bin/cmake --install /home/minkyo2/ROS2/ros2_package2/build/my_first_package_msgs
[1.820s] -- Install configuration: ""
[1.824s] -- Up-to-date: /home/minkyo2/ROS2/ros2_package2/install/my_first_package_msgs/share/ament_index/resource_index/rosidl_interfaces/my_first_package_msgs
[1.825s] -- Up-to-date: /home/minkyo2/ROS2/ros2_package2/install/my_first_package_msgs/include/my_first_package_msgs
[1.826s] -- Up-to-date: /home/minkyo2/ROS2/ros2_package2/install/my_first_package_msgs/include/my_first_package_msgs/msg
[1.827s] -- Up-to-date: /home/minkyo2/ROS2/ros2_package2/install/my_first_package_msgs/include/my_first_package_msgs/msg/cmd_and_pose_vel.h
[1.827s] -- Up-to-date: /home/minkyo2/ROS2/ros2_package2/install/my_first_package_msgs/include/my_first_package_msgs/msg/rosidl_generator_c__visibility_control.h
[1.827s] -- Up-to-date: /home/minkyo2/ROS2/ros2_package2/install/my_first_package_msgs/include/my_first_package_msgs/msg/detail
[1.828s] -- Up-to-date: /home/minkyo2/ROS2/ros2_package2/install/my_first_package_msgs/include/my_first_package_msgs/msg/detail/cmd_and_pose_vel__functions.c
[1.828s] -- Up-to-date: /home/minkyo2/ROS2/ros2_package2/install/my_first_package_msgs/include/my_first_package_msgs/msg/detail/cmd_and_pose_vel__type_support.h
[1.828s] -- Up-to-date: /home/minkyo2/ROS2/ros2_package2/install/my_first_package_msgs/include/my_first_package_msgs/msg/detail/cmd_and_pose_vel__struct.h
[1.828s] -- Up-to-date: /home/minkyo2/ROS2/ros2_package2/install/my_first_package_msgs/include/my_first_package_msgs/msg/detail/cmd_and_pose_vel__functions.h
[1.828s] -- Up-to-date: /home/minkyo2/ROS2/ros2_package2/install/my_first_package_msgs/share/my_first_package_msgs/environment/library_path.sh
[1.829s] -- Up-to-date: /home/minkyo2/ROS2/ros2_package2/install/my_first_package_msgs/share/my_first_package_msgs/environment/library_path.dsv
[1.829s] -- Up-to-date: /home/minkyo2/ROS2/ros2_package2/install/my_first_package_msgs/lib/libmy_first_package_msgs__rosidl_generator_c.so
[1.832s] -- Up-to-date: /home/minkyo2/ROS2/ros2_package2/install/my_first_package_msgs/include/my_first_package_msgs
[1.833s] -- Up-to-date: /home/minkyo2/ROS2/ros2_package2/install/my_first_package_msgs/include/my_first_package_msgs/msg
[1.834s] -- Up-to-date: /home/minkyo2/ROS2/ros2_package2/install/my_first_package_msgs/include/my_first_package_msgs/msg/rosidl_typesupport_fastrtps_c__visibility_control.h
[1.834s] -- Up-to-date: /home/minkyo2/ROS2/ros2_package2/install/my_first_package_msgs/include/my_first_package_msgs/msg/detail
[1.835s] -- Up-to-date: /home/minkyo2/ROS2/ros2_package2/install/my_first_package_msgs/include/my_first_package_msgs/msg/detail/cmd_and_pose_vel__rosidl_typesupport_fastrtps_c.h
[1.835s] -- Up-to-date: /home/minkyo2/ROS2/ros2_package2/install/my_first_package_msgs/lib/libmy_first_package_msgs__rosidl_typesupport_fastrtps_c.so
[1.835s] -- Up-to-date: /home/minkyo2/ROS2/ros2_package2/install/my_first_package_msgs/include/my_first_package_msgs
[1.835s] -- Up-to-date: /home/minkyo2/ROS2/ros2_package2/install/my_first_package_msgs/include/my_first_package_msgs/msg
[1.835s] -- Up-to-date: /home/minkyo2/ROS2/ros2_package2/install/my_first_package_msgs/include/my_first_package_msgs/msg/rosidl_typesupport_fastrtps_cpp__visibility_control.h
[1.835s] -- Up-to-date: /home/minkyo2/ROS2/ros2_package2/install/my_first_package_msgs/include/my_first_package_msgs/msg/detail
[1.836s] -- Up-to-date: /home/minkyo2/ROS2/ros2_package2/install/my_first_package_msgs/include/my_first_package_msgs/msg/detail/dds_fastrtps
[1.836s] -- Up-to-date: /home/minkyo2/ROS2/ros2_package2/install/my_first_package_msgs/include/my_first_package_msgs/msg/detail/cmd_and_pose_vel__rosidl_typesupport_fastrtps_cpp.hpp
[1.836s] -- Up-to-date: /home/minkyo2/ROS2/ros2_package2/install/my_first_package_msgs/lib/libmy_first_package_msgs__rosidl_typesupport_fastrtps_cpp.so
[1.836s] -- Up-to-date: /home/minkyo2/ROS2/ros2_package2/install/my_first_package_msgs/include/my_first_package_msgs
[1.836s] -- Up-to-date: /home/minkyo2/ROS2/ros2_package2/install/my_first_package_msgs/include/my_first_package_msgs/msg
[1.836s] -- Up-to-date: /home/minkyo2/ROS2/ros2_package2/install/my_first_package_msgs/include/my_first_package_msgs/msg/rosidl_typesupport_introspection_c__visibility_control.h
[1.836s] -- Up-to-date: /home/minkyo2/ROS2/ros2_package2/install/my_first_package_msgs/include/my_first_package_msgs/msg/detail
[1.837s] -- Up-to-date: /home/minkyo2/ROS2/ros2_package2/install/my_first_package_msgs/include/my_first_package_msgs/msg/detail/cmd_and_pose_vel__type_support.c
[1.837s] -- Up-to-date: /home/minkyo2/ROS2/ros2_package2/install/my_first_package_msgs/include/my_first_package_msgs/msg/detail/cmd_and_pose_vel__rosidl_typesupport_introspection_c.h
[1.837s] -- Up-to-date: /home/minkyo2/ROS2/ros2_package2/install/my_first_package_msgs/lib/libmy_first_package_msgs__rosidl_typesupport_introspection_c.so
[1.837s] -- Up-to-date: /home/minkyo2/ROS2/ros2_package2/install/my_first_package_msgs/lib/libmy_first_package_msgs__rosidl_typesupport_c.so
[1.837s] -- Up-to-date: /home/minkyo2/ROS2/ros2_package2/install/my_first_package_msgs/include/my_first_package_msgs
[1.837s] -- Up-to-date: /home/minkyo2/ROS2/ros2_package2/install/my_first_package_msgs/include/my_first_package_msgs/msg
[1.838s] -- Up-to-date: /home/minkyo2/ROS2/ros2_package2/install/my_first_package_msgs/include/my_first_package_msgs/msg/cmd_and_pose_vel.hpp
[1.838s] -- Up-to-date: /home/minkyo2/ROS2/ros2_package2/install/my_first_package_msgs/include/my_first_package_msgs/msg/detail
[1.838s] -- Up-to-date: /home/minkyo2/ROS2/ros2_package2/install/my_first_package_msgs/include/my_first_package_msgs/msg/detail/cmd_and_pose_vel__struct.hpp
[1.838s] -- Up-to-date: /home/minkyo2/ROS2/ros2_package2/install/my_first_package_msgs/include/my_first_package_msgs/msg/detail/cmd_and_pose_vel__builder.hpp
[1.838s] -- Up-to-date: /home/minkyo2/ROS2/ros2_package2/install/my_first_package_msgs/include/my_first_package_msgs/msg/detail/cmd_and_pose_vel__traits.hpp
[1.838s] -- Up-to-date: /home/minkyo2/ROS2/ros2_package2/install/my_first_package_msgs/include/my_first_package_msgs
[1.838s] -- Up-to-date: /home/minkyo2/ROS2/ros2_package2/install/my_first_package_msgs/include/my_first_package_msgs/msg
[1.839s] -- Up-to-date: /home/minkyo2/ROS2/ros2_package2/install/my_first_package_msgs/include/my_first_package_msgs/msg/detail
[1.839s] -- Up-to-date: /home/minkyo2/ROS2/ros2_package2/install/my_first_package_msgs/include/my_first_package_msgs/msg/detail/cmd_and_pose_vel__type_support.cpp
[1.839s] -- Up-to-date: /home/minkyo2/ROS2/ros2_package2/install/my_first_package_msgs/include/my_first_package_msgs/msg/detail/cmd_and_pose_vel__rosidl_typesupport_introspection_cpp.hpp
[1.839s] -- Up-to-date: /home/minkyo2/ROS2/ros2_package2/install/my_first_package_msgs/lib/libmy_first_package_msgs__rosidl_typesupport_introspection_cpp.so
[1.839s] -- Up-to-date: /home/minkyo2/ROS2/ros2_package2/install/my_first_package_msgs/lib/libmy_first_package_msgs__rosidl_typesupport_cpp.so
[1.839s] -- Up-to-date: /home/minkyo2/ROS2/ros2_package2/install/my_first_package_msgs/share/my_first_package_msgs/environment/pythonpath.sh
[1.840s] -- Up-to-date: /home/minkyo2/ROS2/ros2_package2/install/my_first_package_msgs/share/my_first_package_msgs/environment/pythonpath.dsv
[1.840s] -- Up-to-date: /home/minkyo2/ROS2/ros2_package2/install/my_first_package_msgs/lib/python3.8/site-packages/my_first_package_msgs/__init__.py
[1.952s] -- Up-to-date: /home/minkyo2/ROS2/ros2_package2/install/my_first_package_msgs/lib/python3.8/site-packages/my_first_package_msgs/msg
[1.954s] -- Up-to-date: /home/minkyo2/ROS2/ros2_package2/install/my_first_package_msgs/lib/python3.8/site-packages/my_first_package_msgs/msg/_cmd_and_pose_vel.py
[1.954s] -- Up-to-date: /home/minkyo2/ROS2/ros2_package2/install/my_first_package_msgs/lib/python3.8/site-packages/my_first_package_msgs/msg/__init__.py
[1.954s] -- Up-to-date: /home/minkyo2/ROS2/ros2_package2/install/my_first_package_msgs/lib/python3.8/site-packages/my_first_package_msgs/msg/_cmd_and_pose_vel_s.c
[1.955s] -- Up-to-date: /home/minkyo2/ROS2/ros2_package2/install/my_first_package_msgs/lib/python3.8/site-packages/my_first_package_msgs/my_first_package_msgs_s__rosidl_typesupport_fastrtps_c.cpython-38-x86_64-linux-gnu.so
[1.957s] -- Up-to-date: /home/minkyo2/ROS2/ros2_package2/install/my_first_package_msgs/lib/python3.8/site-packages/my_first_package_msgs/my_first_package_msgs_s__rosidl_typesupport_introspection_c.cpython-38-x86_64-linux-gnu.so
[1.957s] -- Up-to-date: /home/minkyo2/ROS2/ros2_package2/install/my_first_package_msgs/lib/python3.8/site-packages/my_first_package_msgs/my_first_package_msgs_s__rosidl_typesupport_c.cpython-38-x86_64-linux-gnu.so
[1.958s] -- Up-to-date: /home/minkyo2/ROS2/ros2_package2/install/my_first_package_msgs/lib/libmy_first_package_msgs__python.so
[1.959s] -- Up-to-date: /home/minkyo2/ROS2/ros2_package2/install/my_first_package_msgs/share/my_first_package_msgs/msg/CmdAndPoseVel.idl
[1.960s] -- Up-to-date: /home/minkyo2/ROS2/ros2_package2/install/my_first_package_msgs/share/my_first_package_msgs/msg/CmdAndPoseVel.msg
[1.961s] -- Up-to-date: /home/minkyo2/ROS2/ros2_package2/install/my_first_package_msgs/share/ament_index/resource_index/package_run_dependencies/my_first_package_msgs
[1.964s] -- Up-to-date: /home/minkyo2/ROS2/ros2_package2/install/my_first_package_msgs/share/ament_index/resource_index/parent_prefix_path/my_first_package_msgs
[1.964s] -- Up-to-date: /home/minkyo2/ROS2/ros2_package2/install/my_first_package_msgs/share/my_first_package_msgs/environment/ament_prefix_path.sh
[1.964s] -- Up-to-date: /home/minkyo2/ROS2/ros2_package2/install/my_first_package_msgs/share/my_first_package_msgs/environment/ament_prefix_path.dsv
[1.964s] -- Up-to-date: /home/minkyo2/ROS2/ros2_package2/install/my_first_package_msgs/share/my_first_package_msgs/environment/path.sh
[1.965s] -- Up-to-date: /home/minkyo2/ROS2/ros2_package2/install/my_first_package_msgs/share/my_first_package_msgs/environment/path.dsv
[1.965s] -- Up-to-date: /home/minkyo2/ROS2/ros2_package2/install/my_first_package_msgs/share/my_first_package_msgs/local_setup.bash
[1.965s] -- Up-to-date: /home/minkyo2/ROS2/ros2_package2/install/my_first_package_msgs/share/my_first_package_msgs/local_setup.sh
[1.965s] -- Up-to-date: /home/minkyo2/ROS2/ros2_package2/install/my_first_package_msgs/share/my_first_package_msgs/local_setup.zsh
[1.965s] -- Up-to-date: /home/minkyo2/ROS2/ros2_package2/install/my_first_package_msgs/share/my_first_package_msgs/local_setup.dsv
[1.966s] -- Installing: /home/minkyo2/ROS2/ros2_package2/install/my_first_package_msgs/share/my_first_package_msgs/package.dsv
[1.967s] -- Up-to-date: /home/minkyo2/ROS2/ros2_package2/install/my_first_package_msgs/share/ament_index/resource_index/packages/my_first_package_msgs
[1.970s] -- Up-to-date: /home/minkyo2/ROS2/ros2_package2/install/my_first_package_msgs/share/my_first_package_msgs/cmake/my_first_package_msgs__rosidl_generator_cExport.cmake
[1.971s] -- Up-to-date: /home/minkyo2/ROS2/ros2_package2/install/my_first_package_msgs/share/my_first_package_msgs/cmake/my_first_package_msgs__rosidl_generator_cExport-noconfig.cmake
[1.974s] -- Up-to-date: /home/minkyo2/ROS2/ros2_package2/install/my_first_package_msgs/share/my_first_package_msgs/cmake/my_first_package_msgs__rosidl_typesupport_introspection_cExport.cmake
[1.980s] -- Up-to-date: /home/minkyo2/ROS2/ros2_package2/install/my_first_package_msgs/share/my_first_package_msgs/cmake/my_first_package_msgs__rosidl_typesupport_introspection_cExport-noconfig.cmake
[1.980s] -- Up-to-date: /home/minkyo2/ROS2/ros2_package2/install/my_first_package_msgs/share/my_first_package_msgs/cmake/my_first_package_msgs__rosidl_typesupport_cExport.cmake
[1.980s] -- Up-to-date: /home/minkyo2/ROS2/ros2_package2/install/my_first_package_msgs/share/my_first_package_msgs/cmake/my_first_package_msgs__rosidl_typesupport_cExport-noconfig.cmake
[1.980s] -- Up-to-date: /home/minkyo2/ROS2/ros2_package2/install/my_first_package_msgs/share/my_first_package_msgs/cmake/my_first_package_msgs__rosidl_generator_cppExport.cmake
[1.981s] -- Up-to-date: /home/minkyo2/ROS2/ros2_package2/install/my_first_package_msgs/share/my_first_package_msgs/cmake/my_first_package_msgs__rosidl_typesupport_introspection_cppExport.cmake
[1.981s] -- Up-to-date: /home/minkyo2/ROS2/ros2_package2/install/my_first_package_msgs/share/my_first_package_msgs/cmake/my_first_package_msgs__rosidl_typesupport_introspection_cppExport-noconfig.cmake
[1.981s] -- Up-to-date: /home/minkyo2/ROS2/ros2_package2/install/my_first_package_msgs/share/my_first_package_msgs/cmake/my_first_package_msgs__rosidl_typesupport_cppExport.cmake
[1.981s] -- Up-to-date: /home/minkyo2/ROS2/ros2_package2/install/my_first_package_msgs/share/my_first_package_msgs/cmake/my_first_package_msgs__rosidl_typesupport_cppExport-noconfig.cmake
[1.982s] -- Up-to-date: /home/minkyo2/ROS2/ros2_package2/install/my_first_package_msgs/share/my_first_package_msgs/cmake/rosidl_cmake-extras.cmake
[1.982s] -- Up-to-date: /home/minkyo2/ROS2/ros2_package2/install/my_first_package_msgs/share/my_first_package_msgs/cmake/ament_cmake_export_dependencies-extras.cmake
[1.982s] -- Up-to-date: /home/minkyo2/ROS2/ros2_package2/install/my_first_package_msgs/share/my_first_package_msgs/cmake/ament_cmake_export_libraries-extras.cmake
[1.982s] -- Up-to-date: /home/minkyo2/ROS2/ros2_package2/install/my_first_package_msgs/share/my_first_package_msgs/cmake/ament_cmake_export_targets-extras.cmake
[1.984s] -- Up-to-date: /home/minkyo2/ROS2/ros2_package2/install/my_first_package_msgs/share/my_first_package_msgs/cmake/ament_cmake_export_include_directories-extras.cmake
[1.984s] -- Up-to-date: /home/minkyo2/ROS2/ros2_package2/install/my_first_package_msgs/share/my_first_package_msgs/cmake/rosidl_cmake_export_typesupport_libraries-extras.cmake
[1.986s] -- Up-to-date: /home/minkyo2/ROS2/ros2_package2/install/my_first_package_msgs/share/my_first_package_msgs/cmake/rosidl_cmake_export_typesupport_targets-extras.cmake
[1.986s] -- Up-to-date: /home/minkyo2/ROS2/ros2_package2/install/my_first_package_msgs/share/my_first_package_msgs/cmake/my_first_package_msgsConfig.cmake
[1.987s] -- Up-to-date: /home/minkyo2/ROS2/ros2_package2/install/my_first_package_msgs/share/my_first_package_msgs/cmake/my_first_package_msgsConfig-version.cmake
[1.988s] -- Up-to-date: /home/minkyo2/ROS2/ros2_package2/install/my_first_package_msgs/share/my_first_package_msgs/package.xml
[1.989s] Invoked command in '/home/minkyo2/ROS2/ros2_package2/build/my_first_package_msgs' returned '0': CMAKE_PREFIX_PATH=${CMAKE_PREFIX_PATH}:/home/minkyo2/ROS2/ros2_package2/install/my_first_package:/opt/ros/galactic /usr/bin/cmake --install /home/minkyo2/ROS2/ros2_package2/build/my_first_package_msgs
