[2.163s] Invoking command in '/home/minkyo2/ROS2/ros2_package2/src/my_first_package': PYTHONPATH=/home/minkyo2/ROS2/ros2_package2/build/my_first_package/prefix_override:/home/minkyo2/ROS2/ros2_package2/install/my_first_package/lib/python3.8/site-packages: /usr/bin/python3 setup.py egg_info --egg-base ../../build/my_first_package build --build-base /home/minkyo2/ROS2/ros2_package2/build/my_first_package/build install --record /home/minkyo2/ROS2/ros2_package2/build/my_first_package/install.log --single-version-externally-managed
[2.927s] running egg_info
[2.975s] writing ../../build/my_first_package/my_first_package.egg-info/PKG-INFO
[2.977s] writing dependency_links to ../../build/my_first_package/my_first_package.egg-info/dependency_links.txt
[2.979s] writing entry points to ../../build/my_first_package/my_first_package.egg-info/entry_points.txt
[2.980s] writing requirements to ../../build/my_first_package/my_first_package.egg-info/requires.txt
[2.981s] writing top-level names to ../../build/my_first_package/my_first_package.egg-info/top_level.txt
[3.047s] reading manifest file '../../build/my_first_package/my_first_package.egg-info/SOURCES.txt'
[3.048s] writing manifest file '../../build/my_first_package/my_first_package.egg-info/SOURCES.txt'
[3.049s] running build
[3.049s] running build_py
[3.050s] copying my_first_package/turtle_cmd_and_pose.py -> /home/minkyo2/ROS2/ros2_package2/build/my_first_package/build/lib/my_first_package
[3.054s] running install
[3.054s] /home/minkyo2/.local/lib/python3.8/site-packages/setuptools/command/install.py:34: SetuptoolsDeprecationWarning: setup.py install is deprecated. Use build and pip and other standards-based tools.
[3.054s]   warnings.warn(
[3.062s] running install_lib
[3.078s] copying /home/minkyo2/ROS2/ros2_package2/build/my_first_package/build/lib/my_first_package/turtle_cmd_and_pose.py -> /home/minkyo2/ROS2/ros2_package2/install/my_first_package/lib/python3.8/site-packages/my_first_package
[3.079s] byte-compiling /home/minkyo2/ROS2/ros2_package2/install/my_first_package/lib/python3.8/site-packages/my_first_package/turtle_cmd_and_pose.py to turtle_cmd_and_pose.cpython-38.pyc
[3.080s] running install_data
[3.098s] running install_egg_info
[3.112s] removing '/home/minkyo2/ROS2/ros2_package2/install/my_first_package/lib/python3.8/site-packages/my_first_package-0.0.0-py3.8.egg-info' (and everything under it)
[3.113s] Copying ../../build/my_first_package/my_first_package.egg-info to /home/minkyo2/ROS2/ros2_package2/install/my_first_package/lib/python3.8/site-packages/my_first_package-0.0.0-py3.8.egg-info
[3.114s] running install_scripts
[3.197s] Installing my_first_node script to /home/minkyo2/ROS2/ros2_package2/install/my_first_package/lib/my_first_package
[3.197s] Installing my_publisher script to /home/minkyo2/ROS2/ros2_package2/install/my_first_package/lib/my_first_package
[3.198s] Installing my_subscriber script to /home/minkyo2/ROS2/ros2_package2/install/my_first_package/lib/my_first_package
[3.198s] Installing turtle_cmd_and_pose script to /home/minkyo2/ROS2/ros2_package2/install/my_first_package/lib/my_first_package
[3.199s] writing list of installed files to '/home/minkyo2/ROS2/ros2_package2/build/my_first_package/install.log'
[3.270s] Invoked command in '/home/minkyo2/ROS2/ros2_package2/src/my_first_package' returned '0': PYTHONPATH=/home/minkyo2/ROS2/ros2_package2/build/my_first_package/prefix_override:/home/minkyo2/ROS2/ros2_package2/install/my_first_package/lib/python3.8/site-packages: /usr/bin/python3 setup.py egg_info --egg-base ../../build/my_first_package build --build-base /home/minkyo2/ROS2/ros2_package2/build/my_first_package/build install --record /home/minkyo2/ROS2/ros2_package2/build/my_first_package/install.log --single-version-externally-managed
