[2.290s] Invoking command in '/home/minkyo2/ROS2/ros2_package2/src/my_first_package': PYTHONPATH=/home/minkyo2/ROS2/ros2_package2/build/my_first_package/prefix_override:/home/minkyo2/ROS2/ros2_package2/install/my_first_package/lib/python3.8/site-packages:${PYTHONPATH} /usr/bin/python3 setup.py egg_info --egg-base ../../build/my_first_package build --build-base /home/minkyo2/ROS2/ros2_package2/build/my_first_package/build install --record /home/minkyo2/ROS2/ros2_package2/build/my_first_package/install.log --single-version-externally-managed
[3.048s] running egg_info
[3.075s] writing ../../build/my_first_package/my_first_package.egg-info/PKG-INFO
[3.076s] writing dependency_links to ../../build/my_first_package/my_first_package.egg-info/dependency_links.txt
[3.077s] writing entry points to ../../build/my_first_package/my_first_package.egg-info/entry_points.txt
[3.077s] writing requirements to ../../build/my_first_package/my_first_package.egg-info/requires.txt
[3.078s] writing top-level names to ../../build/my_first_package/my_first_package.egg-info/top_level.txt
[3.126s] reading manifest file '../../build/my_first_package/my_first_package.egg-info/SOURCES.txt'
[3.128s] writing manifest file '../../build/my_first_package/my_first_package.egg-info/SOURCES.txt'
[3.130s] running build
[3.130s] running build_py
[3.131s] copying my_first_package/my_publisher.py -> /home/minkyo2/ROS2/ros2_package2/build/my_first_package/build/lib/my_first_package
[3.133s] running install
[3.133s] /home/minkyo2/.local/lib/python3.8/site-packages/setuptools/command/install.py:34: SetuptoolsDeprecationWarning: setup.py install is deprecated. Use build and pip and other standards-based tools.
[3.135s]   warnings.warn(
[3.141s] running install_lib
[3.176s] copying /home/minkyo2/ROS2/ros2_package2/build/my_first_package/build/lib/my_first_package/my_publisher.py -> /home/minkyo2/ROS2/ros2_package2/install/my_first_package/lib/python3.8/site-packages/my_first_package
[3.177s] byte-compiling /home/minkyo2/ROS2/ros2_package2/install/my_first_package/lib/python3.8/site-packages/my_first_package/my_publisher.py to my_publisher.cpython-38.pyc
[3.179s] running install_data
[3.211s] running install_egg_info
[3.249s] removing '/home/minkyo2/ROS2/ros2_package2/install/my_first_package/lib/python3.8/site-packages/my_first_package-0.0.0-py3.8.egg-info' (and everything under it)
[3.250s] Copying ../../build/my_first_package/my_first_package.egg-info to /home/minkyo2/ROS2/ros2_package2/install/my_first_package/lib/python3.8/site-packages/my_first_package-0.0.0-py3.8.egg-info
[3.253s] running install_scripts
[3.387s] Installing my_first_node script to /home/minkyo2/ROS2/ros2_package2/install/my_first_package/lib/my_first_package
[3.389s] Installing my_publisher script to /home/minkyo2/ROS2/ros2_package2/install/my_first_package/lib/my_first_package
[3.389s] Installing my_subscriber script to /home/minkyo2/ROS2/ros2_package2/install/my_first_package/lib/my_first_package
[3.390s] writing list of installed files to '/home/minkyo2/ROS2/ros2_package2/build/my_first_package/install.log'
[3.439s] Invoked command in '/home/minkyo2/ROS2/ros2_package2/src/my_first_package' returned '0': PYTHONPATH=/home/minkyo2/ROS2/ros2_package2/build/my_first_package/prefix_override:/home/minkyo2/ROS2/ros2_package2/install/my_first_package/lib/python3.8/site-packages:${PYTHONPATH} /usr/bin/python3 setup.py egg_info --egg-base ../../build/my_first_package build --build-base /home/minkyo2/ROS2/ros2_package2/build/my_first_package/build install --record /home/minkyo2/ROS2/ros2_package2/build/my_first_package/install.log --single-version-externally-managed
