[0.629s] Invoking command in '/home/minkyo2/ROS2/ros2_package2/build/my_first_package_msgs': /usr/bin/cmake --build /home/minkyo2/ROS2/ros2_package2/build/my_first_package_msgs -- -j2 -l2
[0.741s] [  9%] Built target my_first_package_msgs__rosidl_generator_c
[0.789s] [ 12%] Built target my_first_package_msgs__cpp
[0.800s] [ 22%] Built target my_first_package_msgs__rosidl_typesupport_introspection_c
[0.837s] [ 32%] Built target my_first_package_msgs__rosidl_typesupport_c
[0.839s] [ 41%] Built target my_first_package_msgs__rosidl_typesupport_cpp
[0.894s] [ 51%] Built target my_first_package_msgs__rosidl_typesupport_fastrtps_cpp
[0.933s] [ 61%] Built target my_first_package_msgs__rosidl_typesupport_fastrtps_c
[0.941s] [ 70%] Built target my_first_package_msgs__rosidl_typesupport_introspection_cpp
[0.972s] [ 70%] Built target my_first_package_msgs
[1.008s] [ 74%] Built target my_first_package_msgs__py
[1.054s] [ 80%] Built target my_first_package_msgs__python
[1.156s] [ 87%] Built target my_first_package_msgs__rosidl_typesupport_introspection_c__pyext
[1.169s] [ 93%] Built target my_first_package_msgs__rosidl_typesupport_fastrtps_c__pyext
[1.200s] [100%] Built target my_first_package_msgs__rosidl_typesupport_c__pyext
[1.216s] Invoked command in '/home/minkyo2/ROS2/ros2_package2/build/my_first_package_msgs' returned '0': /usr/bin/cmake --build /home/minkyo2/ROS2/ros2_package2/build/my_first_package_msgs -- -j2 -l2
[1.328s] Invoking command in '/home/minkyo2/ROS2/ros2_package2/build/my_first_package_msgs': /usr/bin/cmake --install /home/minkyo2/ROS2/ros2_package2/build/my_first_package_msgs
[1.350s] -- Install configuration: ""
[1.351s] -- Up-to-date: /home/minkyo2/ROS2/ros2_package2/install/my_first_package_msgs/share/ament_index/resource_index/rosidl_interfaces/my_first_package_msgs
[1.351s] -- Up-to-date: /home/minkyo2/ROS2/ros2_package2/install/my_first_package_msgs/include/my_first_package_msgs
[1.351s] -- Up-to-date: /home/minkyo2/ROS2/ros2_package2/install/my_first_package_msgs/include/my_first_package_msgs/msg
[1.351s] -- Up-to-date: /home/minkyo2/ROS2/ros2_package2/install/my_first_package_msgs/include/my_first_package_msgs/msg/cmd_and_pose_vel.h
[1.351s] -- Up-to-date: /home/minkyo2/ROS2/ros2_package2/install/my_first_package_msgs/include/my_first_package_msgs/msg/rosidl_generator_c__visibility_control.h
[1.351s] -- Up-to-date: /home/minkyo2/ROS2/ros2_package2/install/my_first_package_msgs/include/my_first_package_msgs/msg/detail
[1.351s] -- Up-to-date: /home/minkyo2/ROS2/ros2_package2/install/my_first_package_msgs/include/my_first_package_msgs/msg/detail/cmd_and_pose_vel__functions.c
[1.352s] -- Up-to-date: /home/minkyo2/ROS2/ros2_package2/install/my_first_package_msgs/include/my_first_package_msgs/msg/detail/cmd_and_pose_vel__type_support.h
[1.352s] -- Up-to-date: /home/minkyo2/ROS2/ros2_package2/install/my_first_package_msgs/include/my_first_package_msgs/msg/detail/cmd_and_pose_vel__struct.h
[1.352s] -- Up-to-date: /home/minkyo2/ROS2/ros2_package2/install/my_first_package_msgs/include/my_first_package_msgs/msg/detail/cmd_and_pose_vel__functions.h
[1.352s] -- Up-to-date: /home/minkyo2/ROS2/ros2_package2/install/my_first_package_msgs/share/my_first_package_msgs/environment/library_path.sh
[1.352s] -- Up-to-date: /home/minkyo2/ROS2/ros2_package2/install/my_first_package_msgs/share/my_first_package_msgs/environment/library_path.dsv
[1.352s] -- Up-to-date: /home/minkyo2/ROS2/ros2_package2/install/my_first_package_msgs/lib/libmy_first_package_msgs__rosidl_generator_c.so
[1.353s] -- Up-to-date: /home/minkyo2/ROS2/ros2_package2/install/my_first_package_msgs/include/my_first_package_msgs
[1.353s] -- Up-to-date: /home/minkyo2/ROS2/ros2_package2/install/my_first_package_msgs/include/my_first_package_msgs/msg
[1.354s] -- Up-to-date: /home/minkyo2/ROS2/ros2_package2/install/my_first_package_msgs/include/my_first_package_msgs/msg/rosidl_typesupport_fastrtps_c__visibility_control.h
[1.354s] -- Up-to-date: /home/minkyo2/ROS2/ros2_package2/install/my_first_package_msgs/include/my_first_package_msgs/msg/detail
[1.354s] -- Up-to-date: /home/minkyo2/ROS2/ros2_package2/install/my_first_package_msgs/include/my_first_package_msgs/msg/detail/cmd_and_pose_vel__rosidl_typesupport_fastrtps_c.h
[1.354s] -- Up-to-date: /home/minkyo2/ROS2/ros2_package2/install/my_first_package_msgs/lib/libmy_first_package_msgs__rosidl_typesupport_fastrtps_c.so
[1.354s] -- Up-to-date: /home/minkyo2/ROS2/ros2_package2/install/my_first_package_msgs/include/my_first_package_msgs
[1.354s] -- Up-to-date: /home/minkyo2/ROS2/ros2_package2/install/my_first_package_msgs/include/my_first_package_msgs/msg
[1.354s] -- Up-to-date: /home/minkyo2/ROS2/ros2_package2/install/my_first_package_msgs/include/my_first_package_msgs/msg/rosidl_typesupport_fastrtps_cpp__visibility_control.h
[1.355s] -- Up-to-date: /home/minkyo2/ROS2/ros2_package2/install/my_first_package_msgs/include/my_first_package_msgs/msg/detail
[1.355s] -- Up-to-date: /home/minkyo2/ROS2/ros2_package2/install/my_first_package_msgs/include/my_first_package_msgs/msg/detail/dds_fastrtps
[1.355s] -- Up-to-date: /home/minkyo2/ROS2/ros2_package2/install/my_first_package_msgs/include/my_first_package_msgs/msg/detail/cmd_and_pose_vel__rosidl_typesupport_fastrtps_cpp.hpp
[1.356s] -- Up-to-date: /home/minkyo2/ROS2/ros2_package2/install/my_first_package_msgs/lib/libmy_first_package_msgs__rosidl_typesupport_fastrtps_cpp.so
[1.356s] -- Up-to-date: /home/minkyo2/ROS2/ros2_package2/install/my_first_package_msgs/include/my_first_package_msgs
[1.356s] -- Up-to-date: /home/minkyo2/ROS2/ros2_package2/install/my_first_package_msgs/include/my_first_package_msgs/msg
[1.356s] -- Up-to-date: /home/minkyo2/ROS2/ros2_package2/install/my_first_package_msgs/include/my_first_package_msgs/msg/rosidl_typesupport_introspection_c__visibility_control.h
[1.357s] -- Up-to-date: /home/minkyo2/ROS2/ros2_package2/install/my_first_package_msgs/include/my_first_package_msgs/msg/detail
[1.357s] -- Up-to-date: /home/minkyo2/ROS2/ros2_package2/install/my_first_package_msgs/include/my_first_package_msgs/msg/detail/cmd_and_pose_vel__type_support.c
[1.357s] -- Up-to-date: /home/minkyo2/ROS2/ros2_package2/install/my_first_package_msgs/include/my_first_package_msgs/msg/detail/cmd_and_pose_vel__rosidl_typesupport_introspection_c.h
[1.357s] -- Up-to-date: /home/minkyo2/ROS2/ros2_package2/install/my_first_package_msgs/lib/libmy_first_package_msgs__rosidl_typesupport_introspection_c.so
[1.358s] -- Up-to-date: /home/minkyo2/ROS2/ros2_package2/install/my_first_package_msgs/lib/libmy_first_package_msgs__rosidl_typesupport_c.so
[1.358s] -- Up-to-date: /home/minkyo2/ROS2/ros2_package2/install/my_first_package_msgs/include/my_first_package_msgs
[1.358s] -- Up-to-date: /home/minkyo2/ROS2/ros2_package2/install/my_first_package_msgs/include/my_first_package_msgs/msg
[1.358s] -- Up-to-date: /home/minkyo2/ROS2/ros2_package2/install/my_first_package_msgs/include/my_first_package_msgs/msg/cmd_and_pose_vel.hpp
[1.358s] -- Up-to-date: /home/minkyo2/ROS2/ros2_package2/install/my_first_package_msgs/include/my_first_package_msgs/msg/detail
[1.358s] -- Up-to-date: /home/minkyo2/ROS2/ros2_package2/install/my_first_package_msgs/include/my_first_package_msgs/msg/detail/cmd_and_pose_vel__struct.hpp
[1.358s] -- Up-to-date: /home/minkyo2/ROS2/ros2_package2/install/my_first_package_msgs/include/my_first_package_msgs/msg/detail/cmd_and_pose_vel__builder.hpp
[1.358s] -- Up-to-date: /home/minkyo2/ROS2/ros2_package2/install/my_first_package_msgs/include/my_first_package_msgs/msg/detail/cmd_and_pose_vel__traits.hpp
[1.358s] -- Up-to-date: /home/minkyo2/ROS2/ros2_package2/install/my_first_package_msgs/include/my_first_package_msgs
[1.358s] -- Up-to-date: /home/minkyo2/ROS2/ros2_package2/install/my_first_package_msgs/include/my_first_package_msgs/msg
[1.358s] -- Up-to-date: /home/minkyo2/ROS2/ros2_package2/install/my_first_package_msgs/include/my_first_package_msgs/msg/detail
[1.358s] -- Up-to-date: /home/minkyo2/ROS2/ros2_package2/install/my_first_package_msgs/include/my_first_package_msgs/msg/detail/cmd_and_pose_vel__type_support.cpp
[1.358s] -- Up-to-date: /home/minkyo2/ROS2/ros2_package2/install/my_first_package_msgs/include/my_first_package_msgs/msg/detail/cmd_and_pose_vel__rosidl_typesupport_introspection_cpp.hpp
[1.359s] -- Up-to-date: /home/minkyo2/ROS2/ros2_package2/install/my_first_package_msgs/lib/libmy_first_package_msgs__rosidl_typesupport_introspection_cpp.so
[1.359s] -- Up-to-date: /home/minkyo2/ROS2/ros2_package2/install/my_first_package_msgs/lib/libmy_first_package_msgs__rosidl_typesupport_cpp.so
[1.359s] -- Up-to-date: /home/minkyo2/ROS2/ros2_package2/install/my_first_package_msgs/share/my_first_package_msgs/environment/pythonpath.sh
[1.359s] -- Up-to-date: /home/minkyo2/ROS2/ros2_package2/install/my_first_package_msgs/share/my_first_package_msgs/environment/pythonpath.dsv
[1.359s] -- Up-to-date: /home/minkyo2/ROS2/ros2_package2/install/my_first_package_msgs/lib/python3.8/site-packages/my_first_package_msgs/__init__.py
[1.401s] -- Up-to-date: /home/minkyo2/ROS2/ros2_package2/install/my_first_package_msgs/lib/python3.8/site-packages/my_first_package_msgs/msg
[1.401s] -- Up-to-date: /home/minkyo2/ROS2/ros2_package2/install/my_first_package_msgs/lib/python3.8/site-packages/my_first_package_msgs/msg/_cmd_and_pose_vel.py
[1.401s] -- Up-to-date: /home/minkyo2/ROS2/ros2_package2/install/my_first_package_msgs/lib/python3.8/site-packages/my_first_package_msgs/msg/__init__.py
[1.401s] -- Up-to-date: /home/minkyo2/ROS2/ros2_package2/install/my_first_package_msgs/lib/python3.8/site-packages/my_first_package_msgs/msg/_cmd_and_pose_vel_s.c
[1.401s] -- Up-to-date: /home/minkyo2/ROS2/ros2_package2/install/my_first_package_msgs/lib/python3.8/site-packages/my_first_package_msgs/my_first_package_msgs_s__rosidl_typesupport_fastrtps_c.cpython-38-x86_64-linux-gnu.so
[1.403s] -- Up-to-date: /home/minkyo2/ROS2/ros2_package2/install/my_first_package_msgs/lib/python3.8/site-packages/my_first_package_msgs/my_first_package_msgs_s__rosidl_typesupport_introspection_c.cpython-38-x86_64-linux-gnu.so
[1.404s] -- Up-to-date: /home/minkyo2/ROS2/ros2_package2/install/my_first_package_msgs/lib/python3.8/site-packages/my_first_package_msgs/my_first_package_msgs_s__rosidl_typesupport_c.cpython-38-x86_64-linux-gnu.so
[1.405s] -- Up-to-date: /home/minkyo2/ROS2/ros2_package2/install/my_first_package_msgs/lib/libmy_first_package_msgs__python.so
[1.406s] -- Up-to-date: /home/minkyo2/ROS2/ros2_package2/install/my_first_package_msgs/share/my_first_package_msgs/msg/CmdAndPoseVel.idl
[1.407s] -- Up-to-date: /home/minkyo2/ROS2/ros2_package2/install/my_first_package_msgs/share/my_first_package_msgs/msg/CmdAndPoseVel.msg
[1.407s] -- Up-to-date: /home/minkyo2/ROS2/ros2_package2/install/my_first_package_msgs/share/ament_index/resource_index/package_run_dependencies/my_first_package_msgs
[1.407s] -- Up-to-date: /home/minkyo2/ROS2/ros2_package2/install/my_first_package_msgs/share/ament_index/resource_index/parent_prefix_path/my_first_package_msgs
[1.407s] -- Up-to-date: /home/minkyo2/ROS2/ros2_package2/install/my_first_package_msgs/share/my_first_package_msgs/environment/ament_prefix_path.sh
[1.407s] -- Up-to-date: /home/minkyo2/ROS2/ros2_package2/install/my_first_package_msgs/share/my_first_package_msgs/environment/ament_prefix_path.dsv
[1.407s] -- Up-to-date: /home/minkyo2/ROS2/ros2_package2/install/my_first_package_msgs/share/my_first_package_msgs/environment/path.sh
[1.407s] -- Up-to-date: /home/minkyo2/ROS2/ros2_package2/install/my_first_package_msgs/share/my_first_package_msgs/environment/path.dsv
[1.407s] -- Up-to-date: /home/minkyo2/ROS2/ros2_package2/install/my_first_package_msgs/share/my_first_package_msgs/local_setup.bash
[1.407s] -- Up-to-date: /home/minkyo2/ROS2/ros2_package2/install/my_first_package_msgs/share/my_first_package_msgs/local_setup.sh
[1.408s] -- Up-to-date: /home/minkyo2/ROS2/ros2_package2/install/my_first_package_msgs/share/my_first_package_msgs/local_setup.zsh
[1.408s] -- Up-to-date: /home/minkyo2/ROS2/ros2_package2/install/my_first_package_msgs/share/my_first_package_msgs/local_setup.dsv
[1.408s] -- Installing: /home/minkyo2/ROS2/ros2_package2/install/my_first_package_msgs/share/my_first_package_msgs/package.dsv
[1.408s] -- Up-to-date: /home/minkyo2/ROS2/ros2_package2/install/my_first_package_msgs/share/ament_index/resource_index/packages/my_first_package_msgs
[1.408s] -- Up-to-date: /home/minkyo2/ROS2/ros2_package2/install/my_first_package_msgs/share/my_first_package_msgs/cmake/my_first_package_msgs__rosidl_generator_cExport.cmake
[1.408s] -- Up-to-date: /home/minkyo2/ROS2/ros2_package2/install/my_first_package_msgs/share/my_first_package_msgs/cmake/my_first_package_msgs__rosidl_generator_cExport-noconfig.cmake
[1.408s] -- Up-to-date: /home/minkyo2/ROS2/ros2_package2/install/my_first_package_msgs/share/my_first_package_msgs/cmake/my_first_package_msgs__rosidl_typesupport_introspection_cExport.cmake
[1.408s] -- Up-to-date: /home/minkyo2/ROS2/ros2_package2/install/my_first_package_msgs/share/my_first_package_msgs/cmake/my_first_package_msgs__rosidl_typesupport_introspection_cExport-noconfig.cmake
[1.409s] -- Up-to-date: /home/minkyo2/ROS2/ros2_package2/install/my_first_package_msgs/share/my_first_package_msgs/cmake/my_first_package_msgs__rosidl_typesupport_cExport.cmake
[1.409s] -- Up-to-date: /home/minkyo2/ROS2/ros2_package2/install/my_first_package_msgs/share/my_first_package_msgs/cmake/my_first_package_msgs__rosidl_typesupport_cExport-noconfig.cmake
[1.409s] -- Up-to-date: /home/minkyo2/ROS2/ros2_package2/install/my_first_package_msgs/share/my_first_package_msgs/cmake/my_first_package_msgs__rosidl_generator_cppExport.cmake
[1.409s] -- Up-to-date: /home/minkyo2/ROS2/ros2_package2/install/my_first_package_msgs/share/my_first_package_msgs/cmake/my_first_package_msgs__rosidl_typesupport_introspection_cppExport.cmake
[1.410s] -- Up-to-date: /home/minkyo2/ROS2/ros2_package2/install/my_first_package_msgs/share/my_first_package_msgs/cmake/my_first_package_msgs__rosidl_typesupport_introspection_cppExport-noconfig.cmake
[1.410s] -- Up-to-date: /home/minkyo2/ROS2/ros2_package2/install/my_first_package_msgs/share/my_first_package_msgs/cmake/my_first_package_msgs__rosidl_typesupport_cppExport.cmake
[1.410s] -- Up-to-date: /home/minkyo2/ROS2/ros2_package2/install/my_first_package_msgs/share/my_first_package_msgs/cmake/my_first_package_msgs__rosidl_typesupport_cppExport-noconfig.cmake
[1.410s] -- Up-to-date: /home/minkyo2/ROS2/ros2_package2/install/my_first_package_msgs/share/my_first_package_msgs/cmake/rosidl_cmake-extras.cmake
[1.410s] -- Up-to-date: /home/minkyo2/ROS2/ros2_package2/install/my_first_package_msgs/share/my_first_package_msgs/cmake/ament_cmake_export_dependencies-extras.cmake
[1.410s] -- Up-to-date: /home/minkyo2/ROS2/ros2_package2/install/my_first_package_msgs/share/my_first_package_msgs/cmake/ament_cmake_export_libraries-extras.cmake
[1.410s] -- Up-to-date: /home/minkyo2/ROS2/ros2_package2/install/my_first_package_msgs/share/my_first_package_msgs/cmake/ament_cmake_export_targets-extras.cmake
[1.410s] -- Up-to-date: /home/minkyo2/ROS2/ros2_package2/install/my_first_package_msgs/share/my_first_package_msgs/cmake/ament_cmake_export_include_directories-extras.cmake
[1.410s] -- Up-to-date: /home/minkyo2/ROS2/ros2_package2/install/my_first_package_msgs/share/my_first_package_msgs/cmake/rosidl_cmake_export_typesupport_libraries-extras.cmake
[1.411s] -- Up-to-date: /home/minkyo2/ROS2/ros2_package2/install/my_first_package_msgs/share/my_first_package_msgs/cmake/rosidl_cmake_export_typesupport_targets-extras.cmake
[1.411s] -- Up-to-date: /home/minkyo2/ROS2/ros2_package2/install/my_first_package_msgs/share/my_first_package_msgs/cmake/my_first_package_msgsConfig.cmake
[1.411s] -- Up-to-date: /home/minkyo2/ROS2/ros2_package2/install/my_first_package_msgs/share/my_first_package_msgs/cmake/my_first_package_msgsConfig-version.cmake
[1.411s] -- Up-to-date: /home/minkyo2/ROS2/ros2_package2/install/my_first_package_msgs/share/my_first_package_msgs/package.xml
[1.415s] Invoked command in '/home/minkyo2/ROS2/ros2_package2/build/my_first_package_msgs' returned '0': /usr/bin/cmake --install /home/minkyo2/ROS2/ros2_package2/build/my_first_package_msgs
