/home/minkyo2/ROS2/ros2_package2/install/my_first_package/lib/python3.8/site-packages/my_first_package/turtle_cmd_and_pose.py
/home/minkyo2/ROS2/ros2_package2/install/my_first_package/lib/python3.8/site-packages/my_first_package/my_subscriber.py
/home/minkyo2/ROS2/ros2_package2/install/my_first_package/lib/python3.8/site-packages/my_first_package/my_first_node.py
/home/minkyo2/ROS2/ros2_package2/install/my_first_package/lib/python3.8/site-packages/my_first_package/my_publisher.py
/home/minkyo2/ROS2/ros2_package2/install/my_first_package/lib/python3.8/site-packages/my_first_package/__init__.py
/home/minkyo2/ROS2/ros2_package2/install/my_first_package/lib/python3.8/site-packages/my_first_package/__pycache__/turtle_cmd_and_pose.cpython-38.pyc
/home/minkyo2/ROS2/ros2_package2/install/my_first_package/lib/python3.8/site-packages/my_first_package/__pycache__/my_subscriber.cpython-38.pyc
/home/minkyo2/ROS2/ros2_package2/install/my_first_package/lib/python3.8/site-packages/my_first_package/__pycache__/my_first_node.cpython-38.pyc
/home/minkyo2/ROS2/ros2_package2/install/my_first_package/lib/python3.8/site-packages/my_first_package/__pycache__/my_publisher.cpython-38.pyc
/home/minkyo2/ROS2/ros2_package2/install/my_first_package/lib/python3.8/site-packages/my_first_package/__pycache__/__init__.cpython-38.pyc
/home/minkyo2/ROS2/ros2_package2/install/my_first_package/share/ament_index/resource_index/packages/my_first_package
/home/minkyo2/ROS2/ros2_package2/install/my_first_package/share/my_first_package/package.xml
/home/minkyo2/ROS2/ros2_package2/install/my_first_package/lib/python3.8/site-packages/my_first_package-0.0.0-py3.8.egg-info/requires.txt
/home/minkyo2/ROS2/ros2_package2/install/my_first_package/lib/python3.8/site-packages/my_first_package-0.0.0-py3.8.egg-info/dependency_links.txt
/home/minkyo2/ROS2/ros2_package2/install/my_first_package/lib/python3.8/site-packages/my_first_package-0.0.0-py3.8.egg-info/entry_points.txt
/home/minkyo2/ROS2/ros2_package2/install/my_first_package/lib/python3.8/site-packages/my_first_package-0.0.0-py3.8.egg-info/SOURCES.txt
/home/minkyo2/ROS2/ros2_package2/install/my_first_package/lib/python3.8/site-packages/my_first_package-0.0.0-py3.8.egg-info/top_level.txt
/home/minkyo2/ROS2/ros2_package2/install/my_first_package/lib/python3.8/site-packages/my_first_package-0.0.0-py3.8.egg-info/zip-safe
/home/minkyo2/ROS2/ros2_package2/install/my_first_package/lib/python3.8/site-packages/my_first_package-0.0.0-py3.8.egg-info/PKG-INFO
/home/minkyo2/ROS2/ros2_package2/install/my_first_package/lib/my_first_package/my_first_node
/home/minkyo2/ROS2/ros2_package2/install/my_first_package/lib/my_first_package/my_publisher
/home/minkyo2/ROS2/ros2_package2/install/my_first_package/lib/my_first_package/my_subscriber
/home/minkyo2/ROS2/ros2_package2/install/my_first_package/lib/my_first_package/turtle_cmd_and_pose
