[2.715s] Invoking command in '/home/minkyo2/ROS2/ros2_package2/src/my_first_package': PYTHONPATH=/home/minkyo2/ROS2/ros2_package2/build/my_first_package/prefix_override:/home/minkyo2/ROS2/ros2_package2/install/my_first_package/lib/python3.8/site-packages:${PYTHONPATH} /usr/bin/python3 setup.py egg_info --egg-base ../../build/my_first_package build --build-base /home/minkyo2/ROS2/ros2_package2/build/my_first_package/build install --record /home/minkyo2/ROS2/ros2_package2/build/my_first_package/install.log --single-version-externally-managed
[3.492s] running egg_info
[3.536s] writing ../../build/my_first_package/my_first_package.egg-info/PKG-INFO
[3.538s] writing dependency_links to ../../build/my_first_package/my_first_package.egg-info/dependency_links.txt
[3.540s] writing entry points to ../../build/my_first_package/my_first_package.egg-info/entry_points.txt
[3.541s] writing requirements to ../../build/my_first_package/my_first_package.egg-info/requires.txt
[3.543s] writing top-level names to ../../build/my_first_package/my_first_package.egg-info/top_level.txt
[3.589s] reading manifest file '../../build/my_first_package/my_first_package.egg-info/SOURCES.txt'
[3.590s] writing manifest file '../../build/my_first_package/my_first_package.egg-info/SOURCES.txt'
[3.591s] running build
[3.591s] running build_py
[3.592s] copying my_first_package/turtle_cmd_and_pose.py -> /home/minkyo2/ROS2/ros2_package2/build/my_first_package/build/lib/my_first_package
[3.593s] running install
[3.593s] /home/minkyo2/.local/lib/python3.8/site-packages/setuptools/command/install.py:34: SetuptoolsDeprecationWarning: setup.py install is deprecated. Use build and pip and other standards-based tools.
[3.594s]   warnings.warn(
[3.601s] running install_lib
[3.630s] copying /home/minkyo2/ROS2/ros2_package2/build/my_first_package/build/lib/my_first_package/turtle_cmd_and_pose.py -> /home/minkyo2/ROS2/ros2_package2/install/my_first_package/lib/python3.8/site-packages/my_first_package
[3.631s] byte-compiling /home/minkyo2/ROS2/ros2_package2/install/my_first_package/lib/python3.8/site-packages/my_first_package/turtle_cmd_and_pose.py to turtle_cmd_and_pose.cpython-38.pyc
[3.632s] running install_data
[3.666s] running install_egg_info
[3.691s] removing '/home/minkyo2/ROS2/ros2_package2/install/my_first_package/lib/python3.8/site-packages/my_first_package-0.0.0-py3.8.egg-info' (and everything under it)
[3.694s] Copying ../../build/my_first_package/my_first_package.egg-info to /home/minkyo2/ROS2/ros2_package2/install/my_first_package/lib/python3.8/site-packages/my_first_package-0.0.0-py3.8.egg-info
[3.695s] running install_scripts
[3.803s] Installing my_first_node script to /home/minkyo2/ROS2/ros2_package2/install/my_first_package/lib/my_first_package
[3.805s] Installing my_publisher script to /home/minkyo2/ROS2/ros2_package2/install/my_first_package/lib/my_first_package
[3.805s] Installing my_subscriber script to /home/minkyo2/ROS2/ros2_package2/install/my_first_package/lib/my_first_package
[3.805s] Installing turtle_cmd_and_pose script to /home/minkyo2/ROS2/ros2_package2/install/my_first_package/lib/my_first_package
[3.807s] writing list of installed files to '/home/minkyo2/ROS2/ros2_package2/build/my_first_package/install.log'
[3.886s] Invoked command in '/home/minkyo2/ROS2/ros2_package2/src/my_first_package' returned '0': PYTHONPATH=/home/minkyo2/ROS2/ros2_package2/build/my_first_package/prefix_override:/home/minkyo2/ROS2/ros2_package2/install/my_first_package/lib/python3.8/site-packages:${PYTHONPATH} /usr/bin/python3 setup.py egg_info --egg-base ../../build/my_first_package build --build-base /home/minkyo2/ROS2/ros2_package2/build/my_first_package/build install --record /home/minkyo2/ROS2/ros2_package2/build/my_first_package/install.log --single-version-externally-managed
