[1.843s] Invoking command in '/home/minkyo2/ROS2/ros2_package2/src/my_first_package': PYTHONPATH=/home/minkyo2/ROS2/ros2_package2/build/my_first_package/prefix_override:/home/minkyo2/ROS2/ros2_package2/install/my_first_package/lib/python3.8/site-packages:${PYTHONPATH} /usr/bin/python3 setup.py egg_info --egg-base ../../build/my_first_package build --build-base /home/minkyo2/ROS2/ros2_package2/build/my_first_package/build install --record /home/minkyo2/ROS2/ros2_package2/build/my_first_package/install.log --single-version-externally-managed
[2.487s] running egg_info
[2.514s] writing ../../build/my_first_package/my_first_package.egg-info/PKG-INFO
[2.515s] writing dependency_links to ../../build/my_first_package/my_first_package.egg-info/dependency_links.txt
[2.516s] writing entry points to ../../build/my_first_package/my_first_package.egg-info/entry_points.txt
[2.516s] writing requirements to ../../build/my_first_package/my_first_package.egg-info/requires.txt
[2.517s] writing top-level names to ../../build/my_first_package/my_first_package.egg-info/top_level.txt
[2.597s] reading manifest file '../../build/my_first_package/my_first_package.egg-info/SOURCES.txt'
[2.600s] writing manifest file '../../build/my_first_package/my_first_package.egg-info/SOURCES.txt'
[2.600s] running build
[2.601s] running build_py
[2.602s] copying my_first_package/tuetle_cmd_and_pose.py -> /home/minkyo2/ROS2/ros2_package2/build/my_first_package/build/lib/my_first_package
[2.603s] running install
[2.603s] /home/minkyo2/.local/lib/python3.8/site-packages/setuptools/command/install.py:34: SetuptoolsDeprecationWarning: setup.py install is deprecated. Use build and pip and other standards-based tools.
[2.603s]   warnings.warn(
[2.611s] running install_lib
[2.642s] copying /home/minkyo2/ROS2/ros2_package2/build/my_first_package/build/lib/my_first_package/tuetle_cmd_and_pose.py -> /home/minkyo2/ROS2/ros2_package2/install/my_first_package/lib/python3.8/site-packages/my_first_package
[2.644s] byte-compiling /home/minkyo2/ROS2/ros2_package2/install/my_first_package/lib/python3.8/site-packages/my_first_package/tuetle_cmd_and_pose.py to tuetle_cmd_and_pose.cpython-38.pyc
[2.646s] running install_data
[2.675s] running install_egg_info
[2.705s] removing '/home/minkyo2/ROS2/ros2_package2/install/my_first_package/lib/python3.8/site-packages/my_first_package-0.0.0-py3.8.egg-info' (and everything under it)
[2.706s] Copying ../../build/my_first_package/my_first_package.egg-info to /home/minkyo2/ROS2/ros2_package2/install/my_first_package/lib/python3.8/site-packages/my_first_package-0.0.0-py3.8.egg-info
[2.707s] running install_scripts
[2.815s] Installing my_first_node script to /home/minkyo2/ROS2/ros2_package2/install/my_first_package/lib/my_first_package
[2.817s] Installing my_publisher script to /home/minkyo2/ROS2/ros2_package2/install/my_first_package/lib/my_first_package
[2.819s] Installing my_subscriber script to /home/minkyo2/ROS2/ros2_package2/install/my_first_package/lib/my_first_package
[2.822s] Installing tuetle_cmd_and_pose script to /home/minkyo2/ROS2/ros2_package2/install/my_first_package/lib/my_first_package
[2.824s] writing list of installed files to '/home/minkyo2/ROS2/ros2_package2/build/my_first_package/install.log'
[2.885s] Invoked command in '/home/minkyo2/ROS2/ros2_package2/src/my_first_package' returned '0': PYTHONPATH=/home/minkyo2/ROS2/ros2_package2/build/my_first_package/prefix_override:/home/minkyo2/ROS2/ros2_package2/install/my_first_package/lib/python3.8/site-packages:${PYTHONPATH} /usr/bin/python3 setup.py egg_info --egg-base ../../build/my_first_package build --build-base /home/minkyo2/ROS2/ros2_package2/build/my_first_package/build install --record /home/minkyo2/ROS2/ros2_package2/build/my_first_package/install.log --single-version-externally-managed
