[0.631s] DEBUG:colcon:Command line arguments: ['/usr/bin/colcon', 'build']
[0.632s] DEBUG:colcon:Parsed command line arguments: Namespace(allow_overriding=[], ament_cmake_args=None, base_paths=['.'], build_base='build', catkin_cmake_args=None, catkin_skip_building_tests=False, cmake_args=None, cmake_clean_cache=False, cmake_clean_first=False, cmake_force_configure=False, cmake_target=None, cmake_target_skip_unavailable=False, continue_on_error=False, event_handlers=None, executor='parallel', ignore_user_meta=False, install_base='install', log_base=None, log_level=None, main=<bound method BuildVerb.main of <colcon_core.verb.build.BuildVerb object at 0x7f4c285708e0>>, merge_install=False, metas=['./colcon.meta'], packages_above=None, packages_above_and_dependencies=None, packages_above_depth=None, packages_end=None, packages_ignore=None, packages_ignore_regex=None, packages_select=None, packages_select_build_failed=False, packages_select_by_dep=None, packages_select_regex=None, packages_select_test_failures=False, packages_skip=None, packages_skip_build_finished=False, packages_skip_by_dep=None, packages_skip_regex=None, packages_skip_test_passed=False, packages_skip_up_to=None, packages_start=None, packages_up_to=None, packages_up_to_regex=None, parallel_workers=2, paths=None, symlink_install=False, test_result_base=None, verb_extension=<colcon_core.verb.build.BuildVerb object at 0x7f4c285708e0>, verb_name='build', verb_parser=<colcon_defaults.argument_parser.defaults.DefaultArgumentsDecorator object at 0x7f4c284ae040>)
[0.699s] Level 1:colcon.colcon_core.package_discovery:discover_packages(colcon_meta) check parameters
[0.699s] Level 1:colcon.colcon_core.package_discovery:discover_packages(recursive) check parameters
[0.700s] Level 1:colcon.colcon_core.package_discovery:discover_packages(ignore) check parameters
[0.700s] Level 1:colcon.colcon_core.package_discovery:discover_packages(path) check parameters
[0.700s] Level 1:colcon.colcon_core.package_discovery:discover_packages(colcon_meta) discover
[0.700s] Level 1:colcon.colcon_core.package_discovery:discover_packages(recursive) discover
[0.700s] INFO:colcon.colcon_core.package_discovery:Crawling recursively for packages in '/home/minkyo2/ROS2/ros2_package2'
[0.701s] Level 1:colcon.colcon_core.package_identification:_identify(.) by extensions ['ignore', 'ignore_ament_install']
[0.701s] Level 1:colcon.colcon_core.package_identification:_identify(.) by extension 'ignore'
[0.701s] Level 1:colcon.colcon_core.package_identification:_identify(.) by extension 'ignore_ament_install'
[0.701s] Level 1:colcon.colcon_core.package_identification:_identify(.) by extensions ['colcon_pkg']
[0.701s] Level 1:colcon.colcon_core.package_identification:_identify(.) by extension 'colcon_pkg'
[0.701s] Level 1:colcon.colcon_core.package_identification:_identify(.) by extensions ['colcon_meta']
[0.701s] Level 1:colcon.colcon_core.package_identification:_identify(.) by extension 'colcon_meta'
[0.701s] Level 1:colcon.colcon_core.package_identification:_identify(.) by extensions ['ros']
[0.701s] Level 1:colcon.colcon_core.package_identification:_identify(.) by extension 'ros'
[0.731s] Level 1:colcon.colcon_core.package_identification:_identify(.) by extensions ['cmake', 'python']
[0.731s] Level 1:colcon.colcon_core.package_identification:_identify(.) by extension 'cmake'
[0.731s] Level 1:colcon.colcon_core.package_identification:_identify(.) by extension 'python'
[0.731s] Level 1:colcon.colcon_core.package_identification:_identify(.) by extensions ['python_setup_py']
[0.731s] Level 1:colcon.colcon_core.package_identification:_identify(.) by extension 'python_setup_py'
[0.731s] Level 1:colcon.colcon_core.package_identification:_identify(build) by extensions ['ignore', 'ignore_ament_install']
[0.731s] Level 1:colcon.colcon_core.package_identification:_identify(build) by extension 'ignore'
[0.731s] Level 1:colcon.colcon_core.package_identification:_identify(build) ignored
[0.731s] Level 1:colcon.colcon_core.package_identification:_identify(install) by extensions ['ignore', 'ignore_ament_install']
[0.732s] Level 1:colcon.colcon_core.package_identification:_identify(install) by extension 'ignore'
[0.732s] Level 1:colcon.colcon_core.package_identification:_identify(install) ignored
[0.732s] Level 1:colcon.colcon_core.package_identification:_identify(log) by extensions ['ignore', 'ignore_ament_install']
[0.732s] Level 1:colcon.colcon_core.package_identification:_identify(log) by extension 'ignore'
[0.732s] Level 1:colcon.colcon_core.package_identification:_identify(log) ignored
[0.732s] Level 1:colcon.colcon_core.package_identification:_identify(src) by extensions ['ignore', 'ignore_ament_install']
[0.732s] Level 1:colcon.colcon_core.package_identification:_identify(src) by extension 'ignore'
[0.732s] Level 1:colcon.colcon_core.package_identification:_identify(src) by extension 'ignore_ament_install'
[0.732s] Level 1:colcon.colcon_core.package_identification:_identify(src) by extensions ['colcon_pkg']
[0.732s] Level 1:colcon.colcon_core.package_identification:_identify(src) by extension 'colcon_pkg'
[0.733s] Level 1:colcon.colcon_core.package_identification:_identify(src) by extensions ['colcon_meta']
[0.733s] Level 1:colcon.colcon_core.package_identification:_identify(src) by extension 'colcon_meta'
[0.733s] Level 1:colcon.colcon_core.package_identification:_identify(src) by extensions ['ros']
[0.733s] Level 1:colcon.colcon_core.package_identification:_identify(src) by extension 'ros'
[0.733s] Level 1:colcon.colcon_core.package_identification:_identify(src) by extensions ['cmake', 'python']
[0.733s] Level 1:colcon.colcon_core.package_identification:_identify(src) by extension 'cmake'
[0.733s] Level 1:colcon.colcon_core.package_identification:_identify(src) by extension 'python'
[0.733s] Level 1:colcon.colcon_core.package_identification:_identify(src) by extensions ['python_setup_py']
[0.733s] Level 1:colcon.colcon_core.package_identification:_identify(src) by extension 'python_setup_py'
[0.734s] Level 1:colcon.colcon_core.package_identification:_identify(src/my_first_package) by extensions ['ignore', 'ignore_ament_install']
[0.734s] Level 1:colcon.colcon_core.package_identification:_identify(src/my_first_package) by extension 'ignore'
[0.734s] Level 1:colcon.colcon_core.package_identification:_identify(src/my_first_package) by extension 'ignore_ament_install'
[0.734s] Level 1:colcon.colcon_core.package_identification:_identify(src/my_first_package) by extensions ['colcon_pkg']
[0.734s] Level 1:colcon.colcon_core.package_identification:_identify(src/my_first_package) by extension 'colcon_pkg'
[0.734s] Level 1:colcon.colcon_core.package_identification:_identify(src/my_first_package) by extensions ['colcon_meta']
[0.734s] Level 1:colcon.colcon_core.package_identification:_identify(src/my_first_package) by extension 'colcon_meta'
[0.734s] Level 1:colcon.colcon_core.package_identification:_identify(src/my_first_package) by extensions ['ros']
[0.734s] Level 1:colcon.colcon_core.package_identification:_identify(src/my_first_package) by extension 'ros'
[0.741s] DEBUG:colcon.colcon_core.package_identification:Package 'src/my_first_package' with type 'ros.ament_python' and name 'my_first_package'
[0.741s] Level 1:colcon.colcon_core.package_identification:_identify(src/my_first_package_msgs) by extensions ['ignore', 'ignore_ament_install']
[0.742s] Level 1:colcon.colcon_core.package_identification:_identify(src/my_first_package_msgs) by extension 'ignore'
[0.742s] Level 1:colcon.colcon_core.package_identification:_identify(src/my_first_package_msgs) by extension 'ignore_ament_install'
[0.742s] Level 1:colcon.colcon_core.package_identification:_identify(src/my_first_package_msgs) by extensions ['colcon_pkg']
[0.742s] Level 1:colcon.colcon_core.package_identification:_identify(src/my_first_package_msgs) by extension 'colcon_pkg'
[0.742s] Level 1:colcon.colcon_core.package_identification:_identify(src/my_first_package_msgs) by extensions ['colcon_meta']
[0.742s] Level 1:colcon.colcon_core.package_identification:_identify(src/my_first_package_msgs) by extension 'colcon_meta'
[0.742s] Level 1:colcon.colcon_core.package_identification:_identify(src/my_first_package_msgs) by extensions ['ros']
[0.742s] Level 1:colcon.colcon_core.package_identification:_identify(src/my_first_package_msgs) by extension 'ros'
[0.744s] DEBUG:colcon.colcon_core.package_identification:Package 'src/my_first_package_msgs' with type 'ros.ament_cmake' and name 'my_first_package_msgs'
[0.744s] Level 1:colcon.colcon_core.package_discovery:discover_packages(recursive) using defaults
[0.744s] Level 1:colcon.colcon_core.package_discovery:discover_packages(ignore) discover
[0.744s] Level 1:colcon.colcon_core.package_discovery:discover_packages(ignore) using defaults
[0.744s] Level 1:colcon.colcon_core.package_discovery:discover_packages(path) discover
[0.744s] Level 1:colcon.colcon_core.package_discovery:discover_packages(path) using defaults
[0.812s] Level 1:colcon.colcon_core.package_discovery:discover_packages(prefix_path) check parameters
[0.812s] Level 1:colcon.colcon_core.package_discovery:discover_packages(prefix_path) discover
[0.821s] DEBUG:colcon.colcon_installed_package_information.package_discovery:Found 2 installed packages in /home/minkyo2/ROS2/ros2_package2/install
[0.823s] DEBUG:colcon.colcon_installed_package_information.package_discovery:Found 268 installed packages in /opt/ros/galactic
[0.828s] Level 1:colcon.colcon_core.package_discovery:discover_packages(prefix_path) using defaults
[0.976s] Level 5:colcon.colcon_core.verb:set package 'my_first_package' build argument 'cmake_args' from command line to 'None'
[0.977s] Level 5:colcon.colcon_core.verb:set package 'my_first_package' build argument 'cmake_target' from command line to 'None'
[0.977s] Level 5:colcon.colcon_core.verb:set package 'my_first_package' build argument 'cmake_target_skip_unavailable' from command line to 'False'
[0.977s] Level 5:colcon.colcon_core.verb:set package 'my_first_package' build argument 'cmake_clean_cache' from command line to 'False'
[0.977s] Level 5:colcon.colcon_core.verb:set package 'my_first_package' build argument 'cmake_clean_first' from command line to 'False'
[0.977s] Level 5:colcon.colcon_core.verb:set package 'my_first_package' build argument 'cmake_force_configure' from command line to 'False'
[0.977s] Level 5:colcon.colcon_core.verb:set package 'my_first_package' build argument 'ament_cmake_args' from command line to 'None'
[0.977s] Level 5:colcon.colcon_core.verb:set package 'my_first_package' build argument 'catkin_cmake_args' from command line to 'None'
[0.977s] Level 5:colcon.colcon_core.verb:set package 'my_first_package' build argument 'catkin_skip_building_tests' from command line to 'False'
[0.977s] DEBUG:colcon.colcon_core.verb:Building package 'my_first_package' with the following arguments: {'ament_cmake_args': None, 'build_base': '/home/minkyo2/ROS2/ros2_package2/build/my_first_package', 'catkin_cmake_args': None, 'catkin_skip_building_tests': False, 'cmake_args': None, 'cmake_clean_cache': False, 'cmake_clean_first': False, 'cmake_force_configure': False, 'cmake_target': None, 'cmake_target_skip_unavailable': False, 'install_base': '/home/minkyo2/ROS2/ros2_package2/install/my_first_package', 'merge_install': False, 'path': '/home/minkyo2/ROS2/ros2_package2/src/my_first_package', 'symlink_install': False, 'test_result_base': None}
[0.982s] Level 5:colcon.colcon_core.verb:set package 'my_first_package_msgs' build argument 'cmake_args' from command line to 'None'
[0.982s] Level 5:colcon.colcon_core.verb:set package 'my_first_package_msgs' build argument 'cmake_target' from command line to 'None'
[0.982s] Level 5:colcon.colcon_core.verb:set package 'my_first_package_msgs' build argument 'cmake_target_skip_unavailable' from command line to 'False'
[0.982s] Level 5:colcon.colcon_core.verb:set package 'my_first_package_msgs' build argument 'cmake_clean_cache' from command line to 'False'
[0.983s] Level 5:colcon.colcon_core.verb:set package 'my_first_package_msgs' build argument 'cmake_clean_first' from command line to 'False'
[0.983s] Level 5:colcon.colcon_core.verb:set package 'my_first_package_msgs' build argument 'cmake_force_configure' from command line to 'False'
[0.983s] Level 5:colcon.colcon_core.verb:set package 'my_first_package_msgs' build argument 'ament_cmake_args' from command line to 'None'
[0.983s] Level 5:colcon.colcon_core.verb:set package 'my_first_package_msgs' build argument 'catkin_cmake_args' from command line to 'None'
[0.983s] Level 5:colcon.colcon_core.verb:set package 'my_first_package_msgs' build argument 'catkin_skip_building_tests' from command line to 'False'
[0.983s] DEBUG:colcon.colcon_core.verb:Building package 'my_first_package_msgs' with the following arguments: {'ament_cmake_args': None, 'build_base': '/home/minkyo2/ROS2/ros2_package2/build/my_first_package_msgs', 'catkin_cmake_args': None, 'catkin_skip_building_tests': False, 'cmake_args': None, 'cmake_clean_cache': False, 'cmake_clean_first': False, 'cmake_force_configure': False, 'cmake_target': None, 'cmake_target_skip_unavailable': False, 'install_base': '/home/minkyo2/ROS2/ros2_package2/install/my_first_package_msgs', 'merge_install': False, 'path': '/home/minkyo2/ROS2/ros2_package2/src/my_first_package_msgs', 'symlink_install': False, 'test_result_base': None}
[0.986s] INFO:colcon.colcon_core.executor:Executing jobs using 'parallel' executor
[1.026s] DEBUG:colcon.colcon_parallel_executor.executor.parallel:run_until_complete
[1.026s] INFO:colcon.colcon_ros.task.ament_python.build:Building ROS package in '/home/minkyo2/ROS2/ros2_package2/src/my_first_package' with build type 'ament_python'
[1.026s] Level 1:colcon.colcon_core.shell:create_environment_hook('my_first_package', 'ament_prefix_path')
[1.033s] INFO:colcon.colcon_core.plugin_system:Skipping extension 'colcon_core.shell.bat': Not used on non-Windows systems
[1.034s] INFO:colcon.colcon_core.shell:Creating environment hook '/home/minkyo2/ROS2/ros2_package2/install/my_first_package/share/my_first_package/hook/ament_prefix_path.ps1'
[1.034s] INFO:colcon.colcon_core.shell:Creating environment descriptor '/home/minkyo2/ROS2/ros2_package2/install/my_first_package/share/my_first_package/hook/ament_prefix_path.dsv'
[1.035s] INFO:colcon.colcon_core.shell:Creating environment hook '/home/minkyo2/ROS2/ros2_package2/install/my_first_package/share/my_first_package/hook/ament_prefix_path.sh'
[1.041s] INFO:colcon.colcon_core.shell:Skip shell extension 'powershell' for command environment: Not usable outside of PowerShell
[1.041s] DEBUG:colcon.colcon_core.shell:Skip shell extension 'dsv' for command environment
[1.052s] INFO:colcon.colcon_ros.task.ament_cmake.build:Building ROS package in '/home/minkyo2/ROS2/ros2_package2/src/my_first_package_msgs' with build type 'ament_cmake'
[1.054s] INFO:colcon.colcon_cmake.task.cmake.build:Building CMake package in '/home/minkyo2/ROS2/ros2_package2/src/my_first_package_msgs'
[1.061s] INFO:colcon.colcon_core.shell:Skip shell extension 'powershell' for command environment: Not usable outside of PowerShell
[1.062s] DEBUG:colcon.colcon_core.shell:Skip shell extension 'dsv' for command environment
[1.606s] INFO:colcon.colcon_core.task.python.build:Building Python package in '/home/minkyo2/ROS2/ros2_package2/src/my_first_package'
[1.609s] INFO:colcon.colcon_core.shell:Skip shell extension 'powershell' for command environment: Not usable outside of PowerShell
[1.609s] DEBUG:colcon.colcon_core.shell:Skip shell extension 'dsv' for command environment
[1.645s] DEBUG:colcon.colcon_core.event_handler.log_command:Invoking command in '/home/minkyo2/ROS2/ros2_package2/build/my_first_package_msgs': CMAKE_PREFIX_PATH=${CMAKE_PREFIX_PATH}:/home/minkyo2/ROS2/ros2_package2/install/my_first_package:/opt/ros/galactic /usr/bin/cmake --build /home/minkyo2/ROS2/ros2_package2/build/my_first_package_msgs -- -j2 -l2
[2.195s] DEBUG:colcon.colcon_core.event_handler.log_command:Invoked command in '/home/minkyo2/ROS2/ros2_package2/build/my_first_package_msgs' returned '0': CMAKE_PREFIX_PATH=${CMAKE_PREFIX_PATH}:/home/minkyo2/ROS2/ros2_package2/install/my_first_package:/opt/ros/galactic /usr/bin/cmake --build /home/minkyo2/ROS2/ros2_package2/build/my_first_package_msgs -- -j2 -l2
[2.293s] DEBUG:colcon.colcon_core.event_handler.log_command:Invoking command in '/home/minkyo2/ROS2/ros2_package2/build/my_first_package_msgs': CMAKE_PREFIX_PATH=${CMAKE_PREFIX_PATH}:/home/minkyo2/ROS2/ros2_package2/install/my_first_package:/opt/ros/galactic /usr/bin/cmake --install /home/minkyo2/ROS2/ros2_package2/build/my_first_package_msgs
[2.364s] Level 1:colcon.colcon_core.environment:create_environment_scripts_only(my_first_package_msgs)
[2.365s] DEBUG:colcon.colcon_core.event_handler.log_command:Invoked command in '/home/minkyo2/ROS2/ros2_package2/build/my_first_package_msgs' returned '0': CMAKE_PREFIX_PATH=${CMAKE_PREFIX_PATH}:/home/minkyo2/ROS2/ros2_package2/install/my_first_package:/opt/ros/galactic /usr/bin/cmake --install /home/minkyo2/ROS2/ros2_package2/build/my_first_package_msgs
[2.376s] Level 1:colcon.colcon_core.environment:checking '/home/minkyo2/ROS2/ros2_package2/install/my_first_package_msgs' for CMake module files
[2.376s] Level 1:colcon.colcon_core.environment:checking '/home/minkyo2/ROS2/ros2_package2/install/my_first_package_msgs' for CMake config files
[2.376s] Level 1:colcon.colcon_core.shell:create_environment_hook('my_first_package_msgs', 'cmake_prefix_path')
[2.379s] INFO:colcon.colcon_core.shell:Creating environment hook '/home/minkyo2/ROS2/ros2_package2/install/my_first_package_msgs/share/my_first_package_msgs/hook/cmake_prefix_path.ps1'
[2.380s] INFO:colcon.colcon_core.shell:Creating environment descriptor '/home/minkyo2/ROS2/ros2_package2/install/my_first_package_msgs/share/my_first_package_msgs/hook/cmake_prefix_path.dsv'
[2.381s] INFO:colcon.colcon_core.shell:Creating environment hook '/home/minkyo2/ROS2/ros2_package2/install/my_first_package_msgs/share/my_first_package_msgs/hook/cmake_prefix_path.sh'
[2.383s] Level 1:colcon.colcon_core.environment:checking '/home/minkyo2/ROS2/ros2_package2/install/my_first_package_msgs/lib'
[2.384s] Level 1:colcon.colcon_core.shell:create_environment_hook('my_first_package_msgs', 'ld_library_path_lib')
[2.393s] INFO:colcon.colcon_core.shell:Creating environment hook '/home/minkyo2/ROS2/ros2_package2/install/my_first_package_msgs/share/my_first_package_msgs/hook/ld_library_path_lib.ps1'
[2.394s] INFO:colcon.colcon_core.shell:Creating environment descriptor '/home/minkyo2/ROS2/ros2_package2/install/my_first_package_msgs/share/my_first_package_msgs/hook/ld_library_path_lib.dsv'
[2.395s] INFO:colcon.colcon_core.shell:Creating environment hook '/home/minkyo2/ROS2/ros2_package2/install/my_first_package_msgs/share/my_first_package_msgs/hook/ld_library_path_lib.sh'
[2.396s] Level 1:colcon.colcon_core.environment:checking '/home/minkyo2/ROS2/ros2_package2/install/my_first_package_msgs/bin'
[2.396s] Level 1:colcon.colcon_core.environment:checking '/home/minkyo2/ROS2/ros2_package2/install/my_first_package_msgs/lib/pkgconfig/my_first_package_msgs.pc'
[2.397s] Level 1:colcon.colcon_core.environment:checking '/home/minkyo2/ROS2/ros2_package2/install/my_first_package_msgs/lib/python3.8/site-packages'
[2.397s] Level 1:colcon.colcon_core.shell:create_environment_hook('my_first_package_msgs', 'pythonpath')
[2.403s] INFO:colcon.colcon_core.shell:Creating environment hook '/home/minkyo2/ROS2/ros2_package2/install/my_first_package_msgs/share/my_first_package_msgs/hook/pythonpath.ps1'
[2.404s] INFO:colcon.colcon_core.shell:Creating environment descriptor '/home/minkyo2/ROS2/ros2_package2/install/my_first_package_msgs/share/my_first_package_msgs/hook/pythonpath.dsv'
[2.405s] INFO:colcon.colcon_core.shell:Creating environment hook '/home/minkyo2/ROS2/ros2_package2/install/my_first_package_msgs/share/my_first_package_msgs/hook/pythonpath.sh'
[2.406s] Level 1:colcon.colcon_core.environment:checking '/home/minkyo2/ROS2/ros2_package2/install/my_first_package_msgs/bin'
[2.412s] INFO:colcon.colcon_core.shell:Creating package script '/home/minkyo2/ROS2/ros2_package2/install/my_first_package_msgs/share/my_first_package_msgs/package.ps1'
[2.413s] INFO:colcon.colcon_core.shell:Creating package descriptor '/home/minkyo2/ROS2/ros2_package2/install/my_first_package_msgs/share/my_first_package_msgs/package.dsv'
[2.414s] INFO:colcon.colcon_core.shell:Creating package script '/home/minkyo2/ROS2/ros2_package2/install/my_first_package_msgs/share/my_first_package_msgs/package.sh'
[2.415s] INFO:colcon.colcon_core.shell:Creating package script '/home/minkyo2/ROS2/ros2_package2/install/my_first_package_msgs/share/my_first_package_msgs/package.bash'
[2.416s] INFO:colcon.colcon_core.shell:Creating package script '/home/minkyo2/ROS2/ros2_package2/install/my_first_package_msgs/share/my_first_package_msgs/package.zsh'
[2.417s] Level 1:colcon.colcon_core.environment:create_file_with_runtime_dependencies(/home/minkyo2/ROS2/ros2_package2/install/my_first_package_msgs/share/colcon-core/packages/my_first_package_msgs)
[2.520s] Level 1:colcon.colcon_core.environment:create_environment_scripts_only(my_first_package_msgs)
[2.529s] Level 1:colcon.colcon_core.environment:checking '/home/minkyo2/ROS2/ros2_package2/install/my_first_package_msgs' for CMake module files
[2.530s] Level 1:colcon.colcon_core.environment:checking '/home/minkyo2/ROS2/ros2_package2/install/my_first_package_msgs' for CMake config files
[2.531s] Level 1:colcon.colcon_core.shell:create_environment_hook('my_first_package_msgs', 'cmake_prefix_path')
[2.536s] INFO:colcon.colcon_core.shell:Creating environment hook '/home/minkyo2/ROS2/ros2_package2/install/my_first_package_msgs/share/my_first_package_msgs/hook/cmake_prefix_path.ps1'
[2.540s] INFO:colcon.colcon_core.shell:Creating environment descriptor '/home/minkyo2/ROS2/ros2_package2/install/my_first_package_msgs/share/my_first_package_msgs/hook/cmake_prefix_path.dsv'
[2.542s] INFO:colcon.colcon_core.shell:Creating environment hook '/home/minkyo2/ROS2/ros2_package2/install/my_first_package_msgs/share/my_first_package_msgs/hook/cmake_prefix_path.sh'
[2.544s] Level 1:colcon.colcon_core.environment:checking '/home/minkyo2/ROS2/ros2_package2/install/my_first_package_msgs/lib'
[2.545s] Level 1:colcon.colcon_core.shell:create_environment_hook('my_first_package_msgs', 'ld_library_path_lib')
[2.554s] INFO:colcon.colcon_core.shell:Creating environment hook '/home/minkyo2/ROS2/ros2_package2/install/my_first_package_msgs/share/my_first_package_msgs/hook/ld_library_path_lib.ps1'
[2.556s] INFO:colcon.colcon_core.shell:Creating environment descriptor '/home/minkyo2/ROS2/ros2_package2/install/my_first_package_msgs/share/my_first_package_msgs/hook/ld_library_path_lib.dsv'
[2.557s] INFO:colcon.colcon_core.shell:Creating environment hook '/home/minkyo2/ROS2/ros2_package2/install/my_first_package_msgs/share/my_first_package_msgs/hook/ld_library_path_lib.sh'
[2.558s] Level 1:colcon.colcon_core.environment:checking '/home/minkyo2/ROS2/ros2_package2/install/my_first_package_msgs/bin'
[2.558s] Level 1:colcon.colcon_core.environment:checking '/home/minkyo2/ROS2/ros2_package2/install/my_first_package_msgs/lib/pkgconfig/my_first_package_msgs.pc'
[2.559s] Level 1:colcon.colcon_core.environment:checking '/home/minkyo2/ROS2/ros2_package2/install/my_first_package_msgs/lib/python3.8/site-packages'
[2.559s] Level 1:colcon.colcon_core.shell:create_environment_hook('my_first_package_msgs', 'pythonpath')
[2.566s] INFO:colcon.colcon_core.shell:Creating environment hook '/home/minkyo2/ROS2/ros2_package2/install/my_first_package_msgs/share/my_first_package_msgs/hook/pythonpath.ps1'
[2.567s] INFO:colcon.colcon_core.shell:Creating environment descriptor '/home/minkyo2/ROS2/ros2_package2/install/my_first_package_msgs/share/my_first_package_msgs/hook/pythonpath.dsv'
[2.568s] INFO:colcon.colcon_core.shell:Creating environment hook '/home/minkyo2/ROS2/ros2_package2/install/my_first_package_msgs/share/my_first_package_msgs/hook/pythonpath.sh'
[2.569s] Level 1:colcon.colcon_core.environment:checking '/home/minkyo2/ROS2/ros2_package2/install/my_first_package_msgs/bin'
[2.574s] INFO:colcon.colcon_core.shell:Creating package script '/home/minkyo2/ROS2/ros2_package2/install/my_first_package_msgs/share/my_first_package_msgs/package.ps1'
[2.575s] INFO:colcon.colcon_core.shell:Creating package descriptor '/home/minkyo2/ROS2/ros2_package2/install/my_first_package_msgs/share/my_first_package_msgs/package.dsv'
[2.575s] INFO:colcon.colcon_core.shell:Creating package script '/home/minkyo2/ROS2/ros2_package2/install/my_first_package_msgs/share/my_first_package_msgs/package.sh'
[2.576s] INFO:colcon.colcon_core.shell:Creating package script '/home/minkyo2/ROS2/ros2_package2/install/my_first_package_msgs/share/my_first_package_msgs/package.bash'
[2.577s] INFO:colcon.colcon_core.shell:Creating package script '/home/minkyo2/ROS2/ros2_package2/install/my_first_package_msgs/share/my_first_package_msgs/package.zsh'
[2.577s] Level 1:colcon.colcon_core.environment:create_file_with_runtime_dependencies(/home/minkyo2/ROS2/ros2_package2/install/my_first_package_msgs/share/colcon-core/packages/my_first_package_msgs)
[2.738s] DEBUG:colcon.colcon_core.event_handler.log_command:Invoking command in '/home/minkyo2/ROS2/ros2_package2/src/my_first_package': PYTHONPATH=/home/minkyo2/ROS2/ros2_package2/build/my_first_package/prefix_override:/home/minkyo2/ROS2/ros2_package2/install/my_first_package/lib/python3.8/site-packages:${PYTHONPATH} /usr/bin/python3 setup.py egg_info --egg-base ../../build/my_first_package build --build-base /home/minkyo2/ROS2/ros2_package2/build/my_first_package/build install --record /home/minkyo2/ROS2/ros2_package2/build/my_first_package/install.log --single-version-externally-managed
[3.621s] Level 1:colcon.colcon_core.environment:checking '/home/minkyo2/ROS2/ros2_package2/install/my_first_package' for CMake module files
[3.622s] DEBUG:colcon.colcon_core.event_handler.log_command:Invoked command in '/home/minkyo2/ROS2/ros2_package2/src/my_first_package' returned '0': PYTHONPATH=/home/minkyo2/ROS2/ros2_package2/build/my_first_package/prefix_override:/home/minkyo2/ROS2/ros2_package2/install/my_first_package/lib/python3.8/site-packages:${PYTHONPATH} /usr/bin/python3 setup.py egg_info --egg-base ../../build/my_first_package build --build-base /home/minkyo2/ROS2/ros2_package2/build/my_first_package/build install --record /home/minkyo2/ROS2/ros2_package2/build/my_first_package/install.log --single-version-externally-managed
[3.622s] Level 1:colcon.colcon_core.environment:checking '/home/minkyo2/ROS2/ros2_package2/install/my_first_package' for CMake config files
[3.623s] Level 1:colcon.colcon_core.environment:checking '/home/minkyo2/ROS2/ros2_package2/install/my_first_package/lib'
[3.623s] Level 1:colcon.colcon_core.environment:checking '/home/minkyo2/ROS2/ros2_package2/install/my_first_package/bin'
[3.623s] Level 1:colcon.colcon_core.environment:checking '/home/minkyo2/ROS2/ros2_package2/install/my_first_package/lib/pkgconfig/my_first_package.pc'
[3.624s] Level 1:colcon.colcon_core.environment:checking '/home/minkyo2/ROS2/ros2_package2/install/my_first_package/lib/python3.8/site-packages'
[3.624s] Level 1:colcon.colcon_core.shell:create_environment_hook('my_first_package', 'pythonpath')
[3.628s] INFO:colcon.colcon_core.shell:Creating environment hook '/home/minkyo2/ROS2/ros2_package2/install/my_first_package/share/my_first_package/hook/pythonpath.ps1'
[3.629s] INFO:colcon.colcon_core.shell:Creating environment descriptor '/home/minkyo2/ROS2/ros2_package2/install/my_first_package/share/my_first_package/hook/pythonpath.dsv'
[3.630s] INFO:colcon.colcon_core.shell:Creating environment hook '/home/minkyo2/ROS2/ros2_package2/install/my_first_package/share/my_first_package/hook/pythonpath.sh'
[3.631s] Level 1:colcon.colcon_core.environment:checking '/home/minkyo2/ROS2/ros2_package2/install/my_first_package/bin'
[3.631s] Level 1:colcon.colcon_core.environment:create_environment_scripts_only(my_first_package)
[3.634s] INFO:colcon.colcon_core.shell:Creating package script '/home/minkyo2/ROS2/ros2_package2/install/my_first_package/share/my_first_package/package.ps1'
[3.635s] INFO:colcon.colcon_core.shell:Creating package descriptor '/home/minkyo2/ROS2/ros2_package2/install/my_first_package/share/my_first_package/package.dsv'
[3.636s] INFO:colcon.colcon_core.shell:Creating package script '/home/minkyo2/ROS2/ros2_package2/install/my_first_package/share/my_first_package/package.sh'
[3.637s] INFO:colcon.colcon_core.shell:Creating package script '/home/minkyo2/ROS2/ros2_package2/install/my_first_package/share/my_first_package/package.bash'
[3.638s] INFO:colcon.colcon_core.shell:Creating package script '/home/minkyo2/ROS2/ros2_package2/install/my_first_package/share/my_first_package/package.zsh'
[3.638s] Level 1:colcon.colcon_core.environment:create_file_with_runtime_dependencies(/home/minkyo2/ROS2/ros2_package2/install/my_first_package/share/colcon-core/packages/my_first_package)
[3.639s] DEBUG:colcon.colcon_parallel_executor.executor.parallel:closing loop
[3.640s] DEBUG:colcon.colcon_parallel_executor.executor.parallel:loop closed
[3.640s] DEBUG:colcon.colcon_parallel_executor.executor.parallel:run_until_complete finished with '0'
[3.640s] DEBUG:colcon.colcon_core.event_reactor:joining thread
[3.647s] INFO:colcon.colcon_core.plugin_system:Skipping extension 'colcon_notification.desktop_notification.terminal_notifier': Not used on non-Darwin systems
[3.647s] INFO:colcon.colcon_core.plugin_system:Skipping extension 'colcon_notification.desktop_notification.win32': Not used on non-Windows systems
[3.647s] INFO:colcon.colcon_notification.desktop_notification:Sending desktop notification using 'notify2'
[3.684s] DEBUG:colcon.colcon_core.event_reactor:joined thread
[3.691s] INFO:colcon.colcon_core.shell:Creating prefix script '/home/minkyo2/ROS2/ros2_package2/install/local_setup.ps1'
[3.696s] INFO:colcon.colcon_core.shell:Creating prefix util module '/home/minkyo2/ROS2/ros2_package2/install/_local_setup_util_ps1.py'
[3.699s] INFO:colcon.colcon_core.shell:Creating prefix chain script '/home/minkyo2/ROS2/ros2_package2/install/setup.ps1'
[3.707s] INFO:colcon.colcon_core.shell:Creating prefix script '/home/minkyo2/ROS2/ros2_package2/install/local_setup.sh'
[3.711s] INFO:colcon.colcon_core.shell:Creating prefix util module '/home/minkyo2/ROS2/ros2_package2/install/_local_setup_util_sh.py'
[3.714s] INFO:colcon.colcon_core.shell:Creating prefix chain script '/home/minkyo2/ROS2/ros2_package2/install/setup.sh'
[3.723s] INFO:colcon.colcon_core.shell:Creating prefix script '/home/minkyo2/ROS2/ros2_package2/install/local_setup.bash'
[3.727s] INFO:colcon.colcon_core.shell:Creating prefix chain script '/home/minkyo2/ROS2/ros2_package2/install/setup.bash'
[3.732s] INFO:colcon.colcon_core.shell:Creating prefix script '/home/minkyo2/ROS2/ros2_package2/install/local_setup.zsh'
[3.733s] INFO:colcon.colcon_core.shell:Creating prefix chain script '/home/minkyo2/ROS2/ros2_package2/install/setup.zsh'
