[0.844s] DEBUG:colcon:Command line arguments: ['/usr/bin/colcon', 'build']
[0.844s] DEBUG:colcon:Parsed command line arguments: Namespace(allow_overriding=[], ament_cmake_args=None, base_paths=['.'], build_base='build', catkin_cmake_args=None, catkin_skip_building_tests=False, cmake_args=None, cmake_clean_cache=False, cmake_clean_first=False, cmake_force_configure=False, cmake_target=None, cmake_target_skip_unavailable=False, continue_on_error=False, event_handlers=None, executor='parallel', ignore_user_meta=False, install_base='install', log_base=None, log_level=None, main=<bound method BuildVerb.main of <colcon_core.verb.build.BuildVerb object at 0x7f064f17f940>>, merge_install=False, metas=['./colcon.meta'], packages_above=None, packages_above_and_dependencies=None, packages_above_depth=None, packages_end=None, packages_ignore=None, packages_ignore_regex=None, packages_select=None, packages_select_build_failed=False, packages_select_by_dep=None, packages_select_regex=None, packages_select_test_failures=False, packages_skip=None, packages_skip_build_finished=False, packages_skip_by_dep=None, packages_skip_regex=None, packages_skip_test_passed=False, packages_skip_up_to=None, packages_start=None, packages_up_to=None, packages_up_to_regex=None, parallel_workers=2, paths=None, symlink_install=False, test_result_base=None, verb_extension=<colcon_core.verb.build.BuildVerb object at 0x7f064f17f940>, verb_name='build', verb_parser=<colcon_defaults.argument_parser.defaults.DefaultArgumentsDecorator object at 0x7f064f0bd0a0>)
[1.035s] Level 1:colcon.colcon_core.package_discovery:discover_packages(colcon_meta) check parameters
[1.035s] Level 1:colcon.colcon_core.package_discovery:discover_packages(recursive) check parameters
[1.035s] Level 1:colcon.colcon_core.package_discovery:discover_packages(ignore) check parameters
[1.035s] Level 1:colcon.colcon_core.package_discovery:discover_packages(path) check parameters
[1.035s] Level 1:colcon.colcon_core.package_discovery:discover_packages(colcon_meta) discover
[1.035s] Level 1:colcon.colcon_core.package_discovery:discover_packages(recursive) discover
[1.035s] INFO:colcon.colcon_core.package_discovery:Crawling recursively for packages in '/home/minkyo2/ROS2/ros2_package2'
[1.035s] Level 1:colcon.colcon_core.package_identification:_identify(.) by extensions ['ignore', 'ignore_ament_install']
[1.035s] Level 1:colcon.colcon_core.package_identification:_identify(.) by extension 'ignore'
[1.036s] Level 1:colcon.colcon_core.package_identification:_identify(.) by extension 'ignore_ament_install'
[1.036s] Level 1:colcon.colcon_core.package_identification:_identify(.) by extensions ['colcon_pkg']
[1.036s] Level 1:colcon.colcon_core.package_identification:_identify(.) by extension 'colcon_pkg'
[1.036s] Level 1:colcon.colcon_core.package_identification:_identify(.) by extensions ['colcon_meta']
[1.036s] Level 1:colcon.colcon_core.package_identification:_identify(.) by extension 'colcon_meta'
[1.036s] Level 1:colcon.colcon_core.package_identification:_identify(.) by extensions ['ros']
[1.036s] Level 1:colcon.colcon_core.package_identification:_identify(.) by extension 'ros'
[1.082s] Level 1:colcon.colcon_core.package_identification:_identify(.) by extensions ['cmake', 'python']
[1.082s] Level 1:colcon.colcon_core.package_identification:_identify(.) by extension 'cmake'
[1.082s] Level 1:colcon.colcon_core.package_identification:_identify(.) by extension 'python'
[1.082s] Level 1:colcon.colcon_core.package_identification:_identify(.) by extensions ['python_setup_py']
[1.082s] Level 1:colcon.colcon_core.package_identification:_identify(.) by extension 'python_setup_py'
[1.083s] Level 1:colcon.colcon_core.package_identification:_identify(build) by extensions ['ignore', 'ignore_ament_install']
[1.083s] Level 1:colcon.colcon_core.package_identification:_identify(build) by extension 'ignore'
[1.083s] Level 1:colcon.colcon_core.package_identification:_identify(build) ignored
[1.083s] Level 1:colcon.colcon_core.package_identification:_identify(install) by extensions ['ignore', 'ignore_ament_install']
[1.083s] Level 1:colcon.colcon_core.package_identification:_identify(install) by extension 'ignore'
[1.083s] Level 1:colcon.colcon_core.package_identification:_identify(install) ignored
[1.084s] Level 1:colcon.colcon_core.package_identification:_identify(log) by extensions ['ignore', 'ignore_ament_install']
[1.084s] Level 1:colcon.colcon_core.package_identification:_identify(log) by extension 'ignore'
[1.084s] Level 1:colcon.colcon_core.package_identification:_identify(log) ignored
[1.084s] Level 1:colcon.colcon_core.package_identification:_identify(src) by extensions ['ignore', 'ignore_ament_install']
[1.084s] Level 1:colcon.colcon_core.package_identification:_identify(src) by extension 'ignore'
[1.084s] Level 1:colcon.colcon_core.package_identification:_identify(src) by extension 'ignore_ament_install'
[1.084s] Level 1:colcon.colcon_core.package_identification:_identify(src) by extensions ['colcon_pkg']
[1.084s] Level 1:colcon.colcon_core.package_identification:_identify(src) by extension 'colcon_pkg'
[1.085s] Level 1:colcon.colcon_core.package_identification:_identify(src) by extensions ['colcon_meta']
[1.085s] Level 1:colcon.colcon_core.package_identification:_identify(src) by extension 'colcon_meta'
[1.085s] Level 1:colcon.colcon_core.package_identification:_identify(src) by extensions ['ros']
[1.085s] Level 1:colcon.colcon_core.package_identification:_identify(src) by extension 'ros'
[1.085s] Level 1:colcon.colcon_core.package_identification:_identify(src) by extensions ['cmake', 'python']
[1.085s] Level 1:colcon.colcon_core.package_identification:_identify(src) by extension 'cmake'
[1.085s] Level 1:colcon.colcon_core.package_identification:_identify(src) by extension 'python'
[1.085s] Level 1:colcon.colcon_core.package_identification:_identify(src) by extensions ['python_setup_py']
[1.085s] Level 1:colcon.colcon_core.package_identification:_identify(src) by extension 'python_setup_py'
[1.086s] Level 1:colcon.colcon_core.package_identification:_identify(src/my_first_package) by extensions ['ignore', 'ignore_ament_install']
[1.086s] Level 1:colcon.colcon_core.package_identification:_identify(src/my_first_package) by extension 'ignore'
[1.086s] Level 1:colcon.colcon_core.package_identification:_identify(src/my_first_package) by extension 'ignore_ament_install'
[1.086s] Level 1:colcon.colcon_core.package_identification:_identify(src/my_first_package) by extensions ['colcon_pkg']
[1.086s] Level 1:colcon.colcon_core.package_identification:_identify(src/my_first_package) by extension 'colcon_pkg'
[1.086s] Level 1:colcon.colcon_core.package_identification:_identify(src/my_first_package) by extensions ['colcon_meta']
[1.086s] Level 1:colcon.colcon_core.package_identification:_identify(src/my_first_package) by extension 'colcon_meta'
[1.087s] Level 1:colcon.colcon_core.package_identification:_identify(src/my_first_package) by extensions ['ros']
[1.087s] Level 1:colcon.colcon_core.package_identification:_identify(src/my_first_package) by extension 'ros'
[1.097s] DEBUG:colcon.colcon_core.package_identification:Package 'src/my_first_package' with type 'ros.ament_python' and name 'my_first_package'
[1.098s] Level 1:colcon.colcon_core.package_identification:_identify(src/my_first_package_msgs) by extensions ['ignore', 'ignore_ament_install']
[1.098s] Level 1:colcon.colcon_core.package_identification:_identify(src/my_first_package_msgs) by extension 'ignore'
[1.098s] Level 1:colcon.colcon_core.package_identification:_identify(src/my_first_package_msgs) by extension 'ignore_ament_install'
[1.099s] Level 1:colcon.colcon_core.package_identification:_identify(src/my_first_package_msgs) by extensions ['colcon_pkg']
[1.099s] Level 1:colcon.colcon_core.package_identification:_identify(src/my_first_package_msgs) by extension 'colcon_pkg'
[1.099s] Level 1:colcon.colcon_core.package_identification:_identify(src/my_first_package_msgs) by extensions ['colcon_meta']
[1.099s] Level 1:colcon.colcon_core.package_identification:_identify(src/my_first_package_msgs) by extension 'colcon_meta'
[1.099s] Level 1:colcon.colcon_core.package_identification:_identify(src/my_first_package_msgs) by extensions ['ros']
[1.099s] Level 1:colcon.colcon_core.package_identification:_identify(src/my_first_package_msgs) by extension 'ros'
[1.102s] DEBUG:colcon.colcon_core.package_identification:Package 'src/my_first_package_msgs' with type 'ros.ament_cmake' and name 'my_first_package_msgs'
[1.102s] Level 1:colcon.colcon_core.package_discovery:discover_packages(recursive) using defaults
[1.103s] Level 1:colcon.colcon_core.package_discovery:discover_packages(ignore) discover
[1.103s] Level 1:colcon.colcon_core.package_discovery:discover_packages(ignore) using defaults
[1.103s] Level 1:colcon.colcon_core.package_discovery:discover_packages(path) discover
[1.103s] Level 1:colcon.colcon_core.package_discovery:discover_packages(path) using defaults
[1.231s] Level 1:colcon.colcon_core.package_discovery:discover_packages(prefix_path) check parameters
[1.231s] Level 1:colcon.colcon_core.package_discovery:discover_packages(prefix_path) discover
[1.256s] DEBUG:colcon.colcon_installed_package_information.package_discovery:Found 2 installed packages in /home/minkyo2/ROS2/ros2_package2/install
[1.263s] DEBUG:colcon.colcon_installed_package_information.package_discovery:Found 268 installed packages in /opt/ros/galactic
[1.266s] Level 1:colcon.colcon_core.package_discovery:discover_packages(prefix_path) using defaults
[1.449s] Level 5:colcon.colcon_core.verb:set package 'my_first_package' build argument 'cmake_args' from command line to 'None'
[1.449s] Level 5:colcon.colcon_core.verb:set package 'my_first_package' build argument 'cmake_target' from command line to 'None'
[1.449s] Level 5:colcon.colcon_core.verb:set package 'my_first_package' build argument 'cmake_target_skip_unavailable' from command line to 'False'
[1.449s] Level 5:colcon.colcon_core.verb:set package 'my_first_package' build argument 'cmake_clean_cache' from command line to 'False'
[1.449s] Level 5:colcon.colcon_core.verb:set package 'my_first_package' build argument 'cmake_clean_first' from command line to 'False'
[1.450s] Level 5:colcon.colcon_core.verb:set package 'my_first_package' build argument 'cmake_force_configure' from command line to 'False'
[1.450s] Level 5:colcon.colcon_core.verb:set package 'my_first_package' build argument 'ament_cmake_args' from command line to 'None'
[1.450s] Level 5:colcon.colcon_core.verb:set package 'my_first_package' build argument 'catkin_cmake_args' from command line to 'None'
[1.450s] Level 5:colcon.colcon_core.verb:set package 'my_first_package' build argument 'catkin_skip_building_tests' from command line to 'False'
[1.450s] DEBUG:colcon.colcon_core.verb:Building package 'my_first_package' with the following arguments: {'ament_cmake_args': None, 'build_base': '/home/minkyo2/ROS2/ros2_package2/build/my_first_package', 'catkin_cmake_args': None, 'catkin_skip_building_tests': False, 'cmake_args': None, 'cmake_clean_cache': False, 'cmake_clean_first': False, 'cmake_force_configure': False, 'cmake_target': None, 'cmake_target_skip_unavailable': False, 'install_base': '/home/minkyo2/ROS2/ros2_package2/install/my_first_package', 'merge_install': False, 'path': '/home/minkyo2/ROS2/ros2_package2/src/my_first_package', 'symlink_install': False, 'test_result_base': None}
[1.454s] Level 5:colcon.colcon_core.verb:set package 'my_first_package_msgs' build argument 'cmake_args' from command line to 'None'
[1.454s] Level 5:colcon.colcon_core.verb:set package 'my_first_package_msgs' build argument 'cmake_target' from command line to 'None'
[1.454s] Level 5:colcon.colcon_core.verb:set package 'my_first_package_msgs' build argument 'cmake_target_skip_unavailable' from command line to 'False'
[1.454s] Level 5:colcon.colcon_core.verb:set package 'my_first_package_msgs' build argument 'cmake_clean_cache' from command line to 'False'
[1.454s] Level 5:colcon.colcon_core.verb:set package 'my_first_package_msgs' build argument 'cmake_clean_first' from command line to 'False'
[1.454s] Level 5:colcon.colcon_core.verb:set package 'my_first_package_msgs' build argument 'cmake_force_configure' from command line to 'False'
[1.455s] Level 5:colcon.colcon_core.verb:set package 'my_first_package_msgs' build argument 'ament_cmake_args' from command line to 'None'
[1.455s] Level 5:colcon.colcon_core.verb:set package 'my_first_package_msgs' build argument 'catkin_cmake_args' from command line to 'None'
[1.455s] Level 5:colcon.colcon_core.verb:set package 'my_first_package_msgs' build argument 'catkin_skip_building_tests' from command line to 'False'
[1.455s] DEBUG:colcon.colcon_core.verb:Building package 'my_first_package_msgs' with the following arguments: {'ament_cmake_args': None, 'build_base': '/home/minkyo2/ROS2/ros2_package2/build/my_first_package_msgs', 'catkin_cmake_args': None, 'catkin_skip_building_tests': False, 'cmake_args': None, 'cmake_clean_cache': False, 'cmake_clean_first': False, 'cmake_force_configure': False, 'cmake_target': None, 'cmake_target_skip_unavailable': False, 'install_base': '/home/minkyo2/ROS2/ros2_package2/install/my_first_package_msgs', 'merge_install': False, 'path': '/home/minkyo2/ROS2/ros2_package2/src/my_first_package_msgs', 'symlink_install': False, 'test_result_base': None}
[1.458s] INFO:colcon.colcon_core.executor:Executing jobs using 'parallel' executor
[1.489s] DEBUG:colcon.colcon_parallel_executor.executor.parallel:run_until_complete
[1.490s] INFO:colcon.colcon_ros.task.ament_python.build:Building ROS package in '/home/minkyo2/ROS2/ros2_package2/src/my_first_package' with build type 'ament_python'
[1.490s] Level 1:colcon.colcon_core.shell:create_environment_hook('my_first_package', 'ament_prefix_path')
[1.519s] INFO:colcon.colcon_core.plugin_system:Skipping extension 'colcon_core.shell.bat': Not used on non-Windows systems
[1.519s] INFO:colcon.colcon_core.shell:Creating environment hook '/home/minkyo2/ROS2/ros2_package2/install/my_first_package/share/my_first_package/hook/ament_prefix_path.ps1'
[1.522s] INFO:colcon.colcon_core.shell:Creating environment descriptor '/home/minkyo2/ROS2/ros2_package2/install/my_first_package/share/my_first_package/hook/ament_prefix_path.dsv'
[1.524s] INFO:colcon.colcon_core.shell:Creating environment hook '/home/minkyo2/ROS2/ros2_package2/install/my_first_package/share/my_first_package/hook/ament_prefix_path.sh'
[1.529s] INFO:colcon.colcon_core.shell:Skip shell extension 'powershell' for command environment: Not usable outside of PowerShell
[1.529s] DEBUG:colcon.colcon_core.shell:Skip shell extension 'dsv' for command environment
[1.546s] INFO:colcon.colcon_ros.task.ament_cmake.build:Building ROS package in '/home/minkyo2/ROS2/ros2_package2/src/my_first_package_msgs' with build type 'ament_cmake'
[1.547s] INFO:colcon.colcon_cmake.task.cmake.build:Building CMake package in '/home/minkyo2/ROS2/ros2_package2/src/my_first_package_msgs'
[1.555s] INFO:colcon.colcon_core.shell:Skip shell extension 'powershell' for command environment: Not usable outside of PowerShell
[1.555s] DEBUG:colcon.colcon_core.shell:Skip shell extension 'dsv' for command environment
[2.167s] INFO:colcon.colcon_core.task.python.build:Building Python package in '/home/minkyo2/ROS2/ros2_package2/src/my_first_package'
[2.171s] INFO:colcon.colcon_core.shell:Skip shell extension 'powershell' for command environment: Not usable outside of PowerShell
[2.171s] DEBUG:colcon.colcon_core.shell:Skip shell extension 'dsv' for command environment
[2.223s] DEBUG:colcon.colcon_core.event_handler.log_command:Invoking command in '/home/minkyo2/ROS2/ros2_package2/build/my_first_package_msgs': CMAKE_PREFIX_PATH=${CMAKE_PREFIX_PATH}:/home/minkyo2/ROS2/ros2_package2/install/my_first_package:/opt/ros/galactic /usr/bin/cmake --build /home/minkyo2/ROS2/ros2_package2/build/my_first_package_msgs -- -j2 -l2
[3.046s] DEBUG:colcon.colcon_core.event_handler.log_command:Invoked command in '/home/minkyo2/ROS2/ros2_package2/build/my_first_package_msgs' returned '0': CMAKE_PREFIX_PATH=${CMAKE_PREFIX_PATH}:/home/minkyo2/ROS2/ros2_package2/install/my_first_package:/opt/ros/galactic /usr/bin/cmake --build /home/minkyo2/ROS2/ros2_package2/build/my_first_package_msgs -- -j2 -l2
[3.212s] DEBUG:colcon.colcon_core.event_handler.log_command:Invoking command in '/home/minkyo2/ROS2/ros2_package2/build/my_first_package_msgs': CMAKE_PREFIX_PATH=${CMAKE_PREFIX_PATH}:/home/minkyo2/ROS2/ros2_package2/install/my_first_package:/opt/ros/galactic /usr/bin/cmake --install /home/minkyo2/ROS2/ros2_package2/build/my_first_package_msgs
[3.395s] Level 1:colcon.colcon_core.environment:create_environment_scripts_only(my_first_package_msgs)
[3.399s] DEBUG:colcon.colcon_core.event_handler.log_command:Invoked command in '/home/minkyo2/ROS2/ros2_package2/build/my_first_package_msgs' returned '0': CMAKE_PREFIX_PATH=${CMAKE_PREFIX_PATH}:/home/minkyo2/ROS2/ros2_package2/install/my_first_package:/opt/ros/galactic /usr/bin/cmake --install /home/minkyo2/ROS2/ros2_package2/build/my_first_package_msgs
[3.433s] Level 1:colcon.colcon_core.environment:checking '/home/minkyo2/ROS2/ros2_package2/install/my_first_package_msgs' for CMake module files
[3.434s] Level 1:colcon.colcon_core.environment:checking '/home/minkyo2/ROS2/ros2_package2/install/my_first_package_msgs' for CMake config files
[3.434s] Level 1:colcon.colcon_core.shell:create_environment_hook('my_first_package_msgs', 'cmake_prefix_path')
[3.441s] INFO:colcon.colcon_core.shell:Creating environment hook '/home/minkyo2/ROS2/ros2_package2/install/my_first_package_msgs/share/my_first_package_msgs/hook/cmake_prefix_path.ps1'
[3.441s] INFO:colcon.colcon_core.shell:Creating environment descriptor '/home/minkyo2/ROS2/ros2_package2/install/my_first_package_msgs/share/my_first_package_msgs/hook/cmake_prefix_path.dsv'
[3.442s] INFO:colcon.colcon_core.shell:Creating environment hook '/home/minkyo2/ROS2/ros2_package2/install/my_first_package_msgs/share/my_first_package_msgs/hook/cmake_prefix_path.sh'
[3.443s] Level 1:colcon.colcon_core.environment:checking '/home/minkyo2/ROS2/ros2_package2/install/my_first_package_msgs/lib'
[3.443s] Level 1:colcon.colcon_core.shell:create_environment_hook('my_first_package_msgs', 'ld_library_path_lib')
[3.447s] INFO:colcon.colcon_core.shell:Creating environment hook '/home/minkyo2/ROS2/ros2_package2/install/my_first_package_msgs/share/my_first_package_msgs/hook/ld_library_path_lib.ps1'
[3.448s] INFO:colcon.colcon_core.shell:Creating environment descriptor '/home/minkyo2/ROS2/ros2_package2/install/my_first_package_msgs/share/my_first_package_msgs/hook/ld_library_path_lib.dsv'
[3.449s] INFO:colcon.colcon_core.shell:Creating environment hook '/home/minkyo2/ROS2/ros2_package2/install/my_first_package_msgs/share/my_first_package_msgs/hook/ld_library_path_lib.sh'
[3.450s] Level 1:colcon.colcon_core.environment:checking '/home/minkyo2/ROS2/ros2_package2/install/my_first_package_msgs/bin'
[3.450s] Level 1:colcon.colcon_core.environment:checking '/home/minkyo2/ROS2/ros2_package2/install/my_first_package_msgs/lib/pkgconfig/my_first_package_msgs.pc'
[3.450s] Level 1:colcon.colcon_core.environment:checking '/home/minkyo2/ROS2/ros2_package2/install/my_first_package_msgs/lib/python3.8/site-packages'
[3.450s] Level 1:colcon.colcon_core.shell:create_environment_hook('my_first_package_msgs', 'pythonpath')
[3.454s] INFO:colcon.colcon_core.shell:Creating environment hook '/home/minkyo2/ROS2/ros2_package2/install/my_first_package_msgs/share/my_first_package_msgs/hook/pythonpath.ps1'
[3.454s] INFO:colcon.colcon_core.shell:Creating environment descriptor '/home/minkyo2/ROS2/ros2_package2/install/my_first_package_msgs/share/my_first_package_msgs/hook/pythonpath.dsv'
[3.455s] INFO:colcon.colcon_core.shell:Creating environment hook '/home/minkyo2/ROS2/ros2_package2/install/my_first_package_msgs/share/my_first_package_msgs/hook/pythonpath.sh'
[3.456s] Level 1:colcon.colcon_core.environment:checking '/home/minkyo2/ROS2/ros2_package2/install/my_first_package_msgs/bin'
[3.464s] INFO:colcon.colcon_core.shell:Creating package script '/home/minkyo2/ROS2/ros2_package2/install/my_first_package_msgs/share/my_first_package_msgs/package.ps1'
[3.467s] INFO:colcon.colcon_core.shell:Creating package descriptor '/home/minkyo2/ROS2/ros2_package2/install/my_first_package_msgs/share/my_first_package_msgs/package.dsv'
[3.469s] INFO:colcon.colcon_core.shell:Creating package script '/home/minkyo2/ROS2/ros2_package2/install/my_first_package_msgs/share/my_first_package_msgs/package.sh'
[3.473s] INFO:colcon.colcon_core.shell:Creating package script '/home/minkyo2/ROS2/ros2_package2/install/my_first_package_msgs/share/my_first_package_msgs/package.bash'
[3.477s] INFO:colcon.colcon_core.shell:Creating package script '/home/minkyo2/ROS2/ros2_package2/install/my_first_package_msgs/share/my_first_package_msgs/package.zsh'
[3.480s] Level 1:colcon.colcon_core.environment:create_file_with_runtime_dependencies(/home/minkyo2/ROS2/ros2_package2/install/my_first_package_msgs/share/colcon-core/packages/my_first_package_msgs)
[3.595s] Level 1:colcon.colcon_core.environment:create_environment_scripts_only(my_first_package_msgs)
[3.601s] Level 1:colcon.colcon_core.environment:checking '/home/minkyo2/ROS2/ros2_package2/install/my_first_package_msgs' for CMake module files
[3.602s] Level 1:colcon.colcon_core.environment:checking '/home/minkyo2/ROS2/ros2_package2/install/my_first_package_msgs' for CMake config files
[3.602s] Level 1:colcon.colcon_core.shell:create_environment_hook('my_first_package_msgs', 'cmake_prefix_path')
[3.606s] INFO:colcon.colcon_core.shell:Creating environment hook '/home/minkyo2/ROS2/ros2_package2/install/my_first_package_msgs/share/my_first_package_msgs/hook/cmake_prefix_path.ps1'
[3.606s] INFO:colcon.colcon_core.shell:Creating environment descriptor '/home/minkyo2/ROS2/ros2_package2/install/my_first_package_msgs/share/my_first_package_msgs/hook/cmake_prefix_path.dsv'
[3.607s] INFO:colcon.colcon_core.shell:Creating environment hook '/home/minkyo2/ROS2/ros2_package2/install/my_first_package_msgs/share/my_first_package_msgs/hook/cmake_prefix_path.sh'
[3.608s] Level 1:colcon.colcon_core.environment:checking '/home/minkyo2/ROS2/ros2_package2/install/my_first_package_msgs/lib'
[3.608s] Level 1:colcon.colcon_core.shell:create_environment_hook('my_first_package_msgs', 'ld_library_path_lib')
[3.612s] INFO:colcon.colcon_core.shell:Creating environment hook '/home/minkyo2/ROS2/ros2_package2/install/my_first_package_msgs/share/my_first_package_msgs/hook/ld_library_path_lib.ps1'
[3.614s] INFO:colcon.colcon_core.shell:Creating environment descriptor '/home/minkyo2/ROS2/ros2_package2/install/my_first_package_msgs/share/my_first_package_msgs/hook/ld_library_path_lib.dsv'
[3.614s] INFO:colcon.colcon_core.shell:Creating environment hook '/home/minkyo2/ROS2/ros2_package2/install/my_first_package_msgs/share/my_first_package_msgs/hook/ld_library_path_lib.sh'
[3.615s] Level 1:colcon.colcon_core.environment:checking '/home/minkyo2/ROS2/ros2_package2/install/my_first_package_msgs/bin'
[3.615s] Level 1:colcon.colcon_core.environment:checking '/home/minkyo2/ROS2/ros2_package2/install/my_first_package_msgs/lib/pkgconfig/my_first_package_msgs.pc'
[3.616s] Level 1:colcon.colcon_core.environment:checking '/home/minkyo2/ROS2/ros2_package2/install/my_first_package_msgs/lib/python3.8/site-packages'
[3.616s] Level 1:colcon.colcon_core.shell:create_environment_hook('my_first_package_msgs', 'pythonpath')
[3.621s] INFO:colcon.colcon_core.shell:Creating environment hook '/home/minkyo2/ROS2/ros2_package2/install/my_first_package_msgs/share/my_first_package_msgs/hook/pythonpath.ps1'
[3.623s] INFO:colcon.colcon_core.shell:Creating environment descriptor '/home/minkyo2/ROS2/ros2_package2/install/my_first_package_msgs/share/my_first_package_msgs/hook/pythonpath.dsv'
[3.624s] INFO:colcon.colcon_core.shell:Creating environment hook '/home/minkyo2/ROS2/ros2_package2/install/my_first_package_msgs/share/my_first_package_msgs/hook/pythonpath.sh'
[3.625s] Level 1:colcon.colcon_core.environment:checking '/home/minkyo2/ROS2/ros2_package2/install/my_first_package_msgs/bin'
[3.631s] INFO:colcon.colcon_core.shell:Creating package script '/home/minkyo2/ROS2/ros2_package2/install/my_first_package_msgs/share/my_first_package_msgs/package.ps1'
[3.632s] INFO:colcon.colcon_core.shell:Creating package descriptor '/home/minkyo2/ROS2/ros2_package2/install/my_first_package_msgs/share/my_first_package_msgs/package.dsv'
[3.633s] INFO:colcon.colcon_core.shell:Creating package script '/home/minkyo2/ROS2/ros2_package2/install/my_first_package_msgs/share/my_first_package_msgs/package.sh'
[3.634s] INFO:colcon.colcon_core.shell:Creating package script '/home/minkyo2/ROS2/ros2_package2/install/my_first_package_msgs/share/my_first_package_msgs/package.bash'
[3.635s] INFO:colcon.colcon_core.shell:Creating package script '/home/minkyo2/ROS2/ros2_package2/install/my_first_package_msgs/share/my_first_package_msgs/package.zsh'
[3.636s] Level 1:colcon.colcon_core.environment:create_file_with_runtime_dependencies(/home/minkyo2/ROS2/ros2_package2/install/my_first_package_msgs/share/colcon-core/packages/my_first_package_msgs)
[3.741s] DEBUG:colcon.colcon_core.event_handler.log_command:Invoking command in '/home/minkyo2/ROS2/ros2_package2/src/my_first_package': PYTHONPATH=/home/minkyo2/ROS2/ros2_package2/build/my_first_package/prefix_override:/home/minkyo2/ROS2/ros2_package2/install/my_first_package/lib/python3.8/site-packages:${PYTHONPATH} /usr/bin/python3 setup.py egg_info --egg-base ../../build/my_first_package build --build-base /home/minkyo2/ROS2/ros2_package2/build/my_first_package/build install --record /home/minkyo2/ROS2/ros2_package2/build/my_first_package/install.log --single-version-externally-managed
[4.848s] DEBUG:colcon.colcon_core.event_handler.log_command:Invoked command in '/home/minkyo2/ROS2/ros2_package2/src/my_first_package' returned '0': PYTHONPATH=/home/minkyo2/ROS2/ros2_package2/build/my_first_package/prefix_override:/home/minkyo2/ROS2/ros2_package2/install/my_first_package/lib/python3.8/site-packages:${PYTHONPATH} /usr/bin/python3 setup.py egg_info --egg-base ../../build/my_first_package build --build-base /home/minkyo2/ROS2/ros2_package2/build/my_first_package/build install --record /home/minkyo2/ROS2/ros2_package2/build/my_first_package/install.log --single-version-externally-managed
[4.858s] Level 1:colcon.colcon_core.environment:checking '/home/minkyo2/ROS2/ros2_package2/install/my_first_package' for CMake module files
[4.859s] Level 1:colcon.colcon_core.environment:checking '/home/minkyo2/ROS2/ros2_package2/install/my_first_package' for CMake config files
[4.861s] Level 1:colcon.colcon_core.environment:checking '/home/minkyo2/ROS2/ros2_package2/install/my_first_package/lib'
[4.861s] Level 1:colcon.colcon_core.environment:checking '/home/minkyo2/ROS2/ros2_package2/install/my_first_package/bin'
[4.861s] Level 1:colcon.colcon_core.environment:checking '/home/minkyo2/ROS2/ros2_package2/install/my_first_package/lib/pkgconfig/my_first_package.pc'
[4.862s] Level 1:colcon.colcon_core.environment:checking '/home/minkyo2/ROS2/ros2_package2/install/my_first_package/lib/python3.8/site-packages'
[4.862s] Level 1:colcon.colcon_core.shell:create_environment_hook('my_first_package', 'pythonpath')
[4.875s] INFO:colcon.colcon_core.shell:Creating environment hook '/home/minkyo2/ROS2/ros2_package2/install/my_first_package/share/my_first_package/hook/pythonpath.ps1'
[4.877s] INFO:colcon.colcon_core.shell:Creating environment descriptor '/home/minkyo2/ROS2/ros2_package2/install/my_first_package/share/my_first_package/hook/pythonpath.dsv'
[4.879s] INFO:colcon.colcon_core.shell:Creating environment hook '/home/minkyo2/ROS2/ros2_package2/install/my_first_package/share/my_first_package/hook/pythonpath.sh'
[4.881s] Level 1:colcon.colcon_core.environment:checking '/home/minkyo2/ROS2/ros2_package2/install/my_first_package/bin'
[4.881s] Level 1:colcon.colcon_core.environment:create_environment_scripts_only(my_first_package)
[4.886s] INFO:colcon.colcon_core.shell:Creating package script '/home/minkyo2/ROS2/ros2_package2/install/my_first_package/share/my_first_package/package.ps1'
[4.887s] INFO:colcon.colcon_core.shell:Creating package descriptor '/home/minkyo2/ROS2/ros2_package2/install/my_first_package/share/my_first_package/package.dsv'
[4.888s] INFO:colcon.colcon_core.shell:Creating package script '/home/minkyo2/ROS2/ros2_package2/install/my_first_package/share/my_first_package/package.sh'
[4.889s] INFO:colcon.colcon_core.shell:Creating package script '/home/minkyo2/ROS2/ros2_package2/install/my_first_package/share/my_first_package/package.bash'
[4.889s] INFO:colcon.colcon_core.shell:Creating package script '/home/minkyo2/ROS2/ros2_package2/install/my_first_package/share/my_first_package/package.zsh'
[4.890s] Level 1:colcon.colcon_core.environment:create_file_with_runtime_dependencies(/home/minkyo2/ROS2/ros2_package2/install/my_first_package/share/colcon-core/packages/my_first_package)
[4.892s] DEBUG:colcon.colcon_parallel_executor.executor.parallel:closing loop
[4.892s] DEBUG:colcon.colcon_parallel_executor.executor.parallel:loop closed
[4.892s] DEBUG:colcon.colcon_parallel_executor.executor.parallel:run_until_complete finished with '0'
[4.892s] DEBUG:colcon.colcon_core.event_reactor:joining thread
[4.922s] INFO:colcon.colcon_core.plugin_system:Skipping extension 'colcon_notification.desktop_notification.terminal_notifier': Not used on non-Darwin systems
[4.922s] INFO:colcon.colcon_core.plugin_system:Skipping extension 'colcon_notification.desktop_notification.win32': Not used on non-Windows systems
[4.922s] INFO:colcon.colcon_notification.desktop_notification:Sending desktop notification using 'notify2'
[4.979s] DEBUG:colcon.colcon_core.event_reactor:joined thread
[4.986s] INFO:colcon.colcon_core.shell:Creating prefix script '/home/minkyo2/ROS2/ros2_package2/install/local_setup.ps1'
[4.990s] INFO:colcon.colcon_core.shell:Creating prefix util module '/home/minkyo2/ROS2/ros2_package2/install/_local_setup_util_ps1.py'
[4.997s] INFO:colcon.colcon_core.shell:Creating prefix chain script '/home/minkyo2/ROS2/ros2_package2/install/setup.ps1'
[5.003s] INFO:colcon.colcon_core.shell:Creating prefix script '/home/minkyo2/ROS2/ros2_package2/install/local_setup.sh'
[5.007s] INFO:colcon.colcon_core.shell:Creating prefix util module '/home/minkyo2/ROS2/ros2_package2/install/_local_setup_util_sh.py'
[5.009s] INFO:colcon.colcon_core.shell:Creating prefix chain script '/home/minkyo2/ROS2/ros2_package2/install/setup.sh'
[5.018s] INFO:colcon.colcon_core.shell:Creating prefix script '/home/minkyo2/ROS2/ros2_package2/install/local_setup.bash'
[5.021s] INFO:colcon.colcon_core.shell:Creating prefix chain script '/home/minkyo2/ROS2/ros2_package2/install/setup.bash'
[5.030s] INFO:colcon.colcon_core.shell:Creating prefix script '/home/minkyo2/ROS2/ros2_package2/install/local_setup.zsh'
[5.032s] INFO:colcon.colcon_core.shell:Creating prefix chain script '/home/minkyo2/ROS2/ros2_package2/install/setup.zsh'
