[0.647s] Invoking command in '/home/minkyo2/ROS2/ros2_package2/build/my_first_package_msgs': CMAKE_PREFIX_PATH=${CMAKE_PREFIX_PATH}:/home/minkyo2/ROS2/ros2_package2/install/my_first_package:/opt/ros/galactic /usr/bin/cmake --build /home/minkyo2/ROS2/ros2_package2/build/my_first_package_msgs -- -j2 -l2
[0.767s] [  3%] Built target my_first_package_msgs__cpp
[0.808s] [ 12%] Built target my_first_package_msgs__rosidl_generator_c
[0.823s] [ 22%] Built target my_first_package_msgs__rosidl_typesupport_cpp
[0.874s] [ 32%] Built target my_first_package_msgs__rosidl_typesupport_introspection_cpp
[0.895s] [ 41%] Built target my_first_package_msgs__rosidl_typesupport_fastrtps_cpp
[0.971s] [ 51%] Built target my_first_package_msgs__rosidl_typesupport_introspection_c
[0.990s] [ 61%] Built target my_first_package_msgs__rosidl_typesupport_c
[1.031s] [ 70%] Built target my_first_package_msgs__rosidl_typesupport_fastrtps_c
[1.060s] [ 70%] Built target my_first_package_msgs
[1.095s] [ 74%] Built target my_first_package_msgs__py
[1.136s] [ 80%] Built target my_first_package_msgs__python
[1.178s] [ 87%] Built target my_first_package_msgs__rosidl_typesupport_fastrtps_c__pyext
[1.216s] [ 93%] Built target my_first_package_msgs__rosidl_typesupport_c__pyext
[1.218s] [100%] Built target my_first_package_msgs__rosidl_typesupport_introspection_c__pyext
[1.237s] Invoked command in '/home/minkyo2/ROS2/ros2_package2/build/my_first_package_msgs' returned '0': CMAKE_PREFIX_PATH=${CMAKE_PREFIX_PATH}:/home/minkyo2/ROS2/ros2_package2/install/my_first_package:/opt/ros/galactic /usr/bin/cmake --build /home/minkyo2/ROS2/ros2_package2/build/my_first_package_msgs -- -j2 -l2
[1.340s] Invoking command in '/home/minkyo2/ROS2/ros2_package2/build/my_first_package_msgs': CMAKE_PREFIX_PATH=${CMAKE_PREFIX_PATH}:/home/minkyo2/ROS2/ros2_package2/install/my_first_package:/opt/ros/galactic /usr/bin/cmake --install /home/minkyo2/ROS2/ros2_package2/build/my_first_package_msgs
[1.355s] -- Install configuration: ""
[1.355s] -- Up-to-date: /home/minkyo2/ROS2/ros2_package2/install/my_first_package_msgs/share/ament_index/resource_index/rosidl_interfaces/my_first_package_msgs
[1.356s] -- Up-to-date: /home/minkyo2/ROS2/ros2_package2/install/my_first_package_msgs/include/my_first_package_msgs
[1.357s] -- Up-to-date: /home/minkyo2/ROS2/ros2_package2/install/my_first_package_msgs/include/my_first_package_msgs/msg
[1.357s] -- Up-to-date: /home/minkyo2/ROS2/ros2_package2/install/my_first_package_msgs/include/my_first_package_msgs/msg/cmd_and_pose_vel.h
[1.358s] -- Up-to-date: /home/minkyo2/ROS2/ros2_package2/install/my_first_package_msgs/include/my_first_package_msgs/msg/rosidl_generator_c__visibility_control.h
[1.358s] -- Up-to-date: /home/minkyo2/ROS2/ros2_package2/install/my_first_package_msgs/include/my_first_package_msgs/msg/detail
[1.358s] -- Up-to-date: /home/minkyo2/ROS2/ros2_package2/install/my_first_package_msgs/include/my_first_package_msgs/msg/detail/cmd_and_pose_vel__functions.c
[1.359s] -- Up-to-date: /home/minkyo2/ROS2/ros2_package2/install/my_first_package_msgs/include/my_first_package_msgs/msg/detail/cmd_and_pose_vel__type_support.h
[1.359s] -- Up-to-date: /home/minkyo2/ROS2/ros2_package2/install/my_first_package_msgs/include/my_first_package_msgs/msg/detail/cmd_and_pose_vel__struct.h
[1.359s] -- Up-to-date: /home/minkyo2/ROS2/ros2_package2/install/my_first_package_msgs/include/my_first_package_msgs/msg/detail/cmd_and_pose_vel__functions.h
[1.360s] -- Up-to-date: /home/minkyo2/ROS2/ros2_package2/install/my_first_package_msgs/share/my_first_package_msgs/environment/library_path.sh
[1.360s] -- Up-to-date: /home/minkyo2/ROS2/ros2_package2/install/my_first_package_msgs/share/my_first_package_msgs/environment/library_path.dsv
[1.361s] -- Up-to-date: /home/minkyo2/ROS2/ros2_package2/install/my_first_package_msgs/lib/libmy_first_package_msgs__rosidl_generator_c.so
[1.362s] -- Up-to-date: /home/minkyo2/ROS2/ros2_package2/install/my_first_package_msgs/include/my_first_package_msgs
[1.362s] -- Up-to-date: /home/minkyo2/ROS2/ros2_package2/install/my_first_package_msgs/include/my_first_package_msgs/msg
[1.363s] -- Up-to-date: /home/minkyo2/ROS2/ros2_package2/install/my_first_package_msgs/include/my_first_package_msgs/msg/rosidl_typesupport_fastrtps_c__visibility_control.h
[1.363s] -- Up-to-date: /home/minkyo2/ROS2/ros2_package2/install/my_first_package_msgs/include/my_first_package_msgs/msg/detail
[1.363s] -- Up-to-date: /home/minkyo2/ROS2/ros2_package2/install/my_first_package_msgs/include/my_first_package_msgs/msg/detail/cmd_and_pose_vel__rosidl_typesupport_fastrtps_c.h
[1.364s] -- Up-to-date: /home/minkyo2/ROS2/ros2_package2/install/my_first_package_msgs/lib/libmy_first_package_msgs__rosidl_typesupport_fastrtps_c.so
[1.364s] -- Up-to-date: /home/minkyo2/ROS2/ros2_package2/install/my_first_package_msgs/include/my_first_package_msgs
[1.365s] -- Up-to-date: /home/minkyo2/ROS2/ros2_package2/install/my_first_package_msgs/include/my_first_package_msgs/msg
[1.365s] -- Up-to-date: /home/minkyo2/ROS2/ros2_package2/install/my_first_package_msgs/include/my_first_package_msgs/msg/rosidl_typesupport_fastrtps_cpp__visibility_control.h
[1.365s] -- Up-to-date: /home/minkyo2/ROS2/ros2_package2/install/my_first_package_msgs/include/my_first_package_msgs/msg/detail
[1.365s] -- Up-to-date: /home/minkyo2/ROS2/ros2_package2/install/my_first_package_msgs/include/my_first_package_msgs/msg/detail/dds_fastrtps
[1.366s] -- Up-to-date: /home/minkyo2/ROS2/ros2_package2/install/my_first_package_msgs/include/my_first_package_msgs/msg/detail/cmd_and_pose_vel__rosidl_typesupport_fastrtps_cpp.hpp
[1.366s] -- Up-to-date: /home/minkyo2/ROS2/ros2_package2/install/my_first_package_msgs/lib/libmy_first_package_msgs__rosidl_typesupport_fastrtps_cpp.so
[1.367s] -- Up-to-date: /home/minkyo2/ROS2/ros2_package2/install/my_first_package_msgs/include/my_first_package_msgs
[1.367s] -- Up-to-date: /home/minkyo2/ROS2/ros2_package2/install/my_first_package_msgs/include/my_first_package_msgs/msg
[1.368s] -- Up-to-date: /home/minkyo2/ROS2/ros2_package2/install/my_first_package_msgs/include/my_first_package_msgs/msg/rosidl_typesupport_introspection_c__visibility_control.h
[1.368s] -- Up-to-date: /home/minkyo2/ROS2/ros2_package2/install/my_first_package_msgs/include/my_first_package_msgs/msg/detail
[1.368s] -- Up-to-date: /home/minkyo2/ROS2/ros2_package2/install/my_first_package_msgs/include/my_first_package_msgs/msg/detail/cmd_and_pose_vel__type_support.c
[1.369s] -- Up-to-date: /home/minkyo2/ROS2/ros2_package2/install/my_first_package_msgs/include/my_first_package_msgs/msg/detail/cmd_and_pose_vel__rosidl_typesupport_introspection_c.h
[1.370s] -- Up-to-date: /home/minkyo2/ROS2/ros2_package2/install/my_first_package_msgs/lib/libmy_first_package_msgs__rosidl_typesupport_introspection_c.so
[1.371s] -- Up-to-date: /home/minkyo2/ROS2/ros2_package2/install/my_first_package_msgs/lib/libmy_first_package_msgs__rosidl_typesupport_c.so
[1.373s] -- Up-to-date: /home/minkyo2/ROS2/ros2_package2/install/my_first_package_msgs/include/my_first_package_msgs
[1.374s] -- Up-to-date: /home/minkyo2/ROS2/ros2_package2/install/my_first_package_msgs/include/my_first_package_msgs/msg
[1.374s] -- Up-to-date: /home/minkyo2/ROS2/ros2_package2/install/my_first_package_msgs/include/my_first_package_msgs/msg/cmd_and_pose_vel.hpp
[1.375s] -- Up-to-date: /home/minkyo2/ROS2/ros2_package2/install/my_first_package_msgs/include/my_first_package_msgs/msg/detail
[1.375s] -- Up-to-date: /home/minkyo2/ROS2/ros2_package2/install/my_first_package_msgs/include/my_first_package_msgs/msg/detail/cmd_and_pose_vel__struct.hpp
[1.375s] -- Up-to-date: /home/minkyo2/ROS2/ros2_package2/install/my_first_package_msgs/include/my_first_package_msgs/msg/detail/cmd_and_pose_vel__builder.hpp
[1.376s] -- Up-to-date: /home/minkyo2/ROS2/ros2_package2/install/my_first_package_msgs/include/my_first_package_msgs/msg/detail/cmd_and_pose_vel__traits.hpp
[1.376s] -- Up-to-date: /home/minkyo2/ROS2/ros2_package2/install/my_first_package_msgs/include/my_first_package_msgs
[1.376s] -- Up-to-date: /home/minkyo2/ROS2/ros2_package2/install/my_first_package_msgs/include/my_first_package_msgs/msg
[1.377s] -- Up-to-date: /home/minkyo2/ROS2/ros2_package2/install/my_first_package_msgs/include/my_first_package_msgs/msg/detail
[1.377s] -- Up-to-date: /home/minkyo2/ROS2/ros2_package2/install/my_first_package_msgs/include/my_first_package_msgs/msg/detail/cmd_and_pose_vel__type_support.cpp
[1.377s] -- Up-to-date: /home/minkyo2/ROS2/ros2_package2/install/my_first_package_msgs/include/my_first_package_msgs/msg/detail/cmd_and_pose_vel__rosidl_typesupport_introspection_cpp.hpp
[1.378s] -- Up-to-date: /home/minkyo2/ROS2/ros2_package2/install/my_first_package_msgs/lib/libmy_first_package_msgs__rosidl_typesupport_introspection_cpp.so
[1.378s] -- Up-to-date: /home/minkyo2/ROS2/ros2_package2/install/my_first_package_msgs/lib/libmy_first_package_msgs__rosidl_typesupport_cpp.so
[1.379s] -- Up-to-date: /home/minkyo2/ROS2/ros2_package2/install/my_first_package_msgs/share/my_first_package_msgs/environment/pythonpath.sh
[1.379s] -- Up-to-date: /home/minkyo2/ROS2/ros2_package2/install/my_first_package_msgs/share/my_first_package_msgs/environment/pythonpath.dsv
[1.380s] -- Up-to-date: /home/minkyo2/ROS2/ros2_package2/install/my_first_package_msgs/lib/python3.8/site-packages/my_first_package_msgs/__init__.py
[1.446s] -- Up-to-date: /home/minkyo2/ROS2/ros2_package2/install/my_first_package_msgs/lib/python3.8/site-packages/my_first_package_msgs/msg
[1.446s] -- Up-to-date: /home/minkyo2/ROS2/ros2_package2/install/my_first_package_msgs/lib/python3.8/site-packages/my_first_package_msgs/msg/_cmd_and_pose_vel.py
[1.447s] -- Up-to-date: /home/minkyo2/ROS2/ros2_package2/install/my_first_package_msgs/lib/python3.8/site-packages/my_first_package_msgs/msg/__init__.py
[1.447s] -- Up-to-date: /home/minkyo2/ROS2/ros2_package2/install/my_first_package_msgs/lib/python3.8/site-packages/my_first_package_msgs/msg/_cmd_and_pose_vel_s.c
[1.447s] -- Up-to-date: /home/minkyo2/ROS2/ros2_package2/install/my_first_package_msgs/lib/python3.8/site-packages/my_first_package_msgs/my_first_package_msgs_s__rosidl_typesupport_fastrtps_c.cpython-38-x86_64-linux-gnu.so
[1.448s] -- Up-to-date: /home/minkyo2/ROS2/ros2_package2/install/my_first_package_msgs/lib/python3.8/site-packages/my_first_package_msgs/my_first_package_msgs_s__rosidl_typesupport_introspection_c.cpython-38-x86_64-linux-gnu.so
[1.450s] -- Up-to-date: /home/minkyo2/ROS2/ros2_package2/install/my_first_package_msgs/lib/python3.8/site-packages/my_first_package_msgs/my_first_package_msgs_s__rosidl_typesupport_c.cpython-38-x86_64-linux-gnu.so
[1.451s] -- Up-to-date: /home/minkyo2/ROS2/ros2_package2/install/my_first_package_msgs/lib/libmy_first_package_msgs__python.so
[1.452s] -- Up-to-date: /home/minkyo2/ROS2/ros2_package2/install/my_first_package_msgs/share/my_first_package_msgs/msg/CmdAndPoseVel.idl
[1.452s] -- Up-to-date: /home/minkyo2/ROS2/ros2_package2/install/my_first_package_msgs/share/my_first_package_msgs/msg/CmdAndPoseVel.msg
[1.452s] -- Up-to-date: /home/minkyo2/ROS2/ros2_package2/install/my_first_package_msgs/share/ament_index/resource_index/package_run_dependencies/my_first_package_msgs
[1.453s] -- Up-to-date: /home/minkyo2/ROS2/ros2_package2/install/my_first_package_msgs/share/ament_index/resource_index/parent_prefix_path/my_first_package_msgs
[1.453s] -- Up-to-date: /home/minkyo2/ROS2/ros2_package2/install/my_first_package_msgs/share/my_first_package_msgs/environment/ament_prefix_path.sh
[1.453s] -- Up-to-date: /home/minkyo2/ROS2/ros2_package2/install/my_first_package_msgs/share/my_first_package_msgs/environment/ament_prefix_path.dsv
[1.454s] -- Up-to-date: /home/minkyo2/ROS2/ros2_package2/install/my_first_package_msgs/share/my_first_package_msgs/environment/path.sh
[1.454s] -- Up-to-date: /home/minkyo2/ROS2/ros2_package2/install/my_first_package_msgs/share/my_first_package_msgs/environment/path.dsv
[1.454s] -- Up-to-date: /home/minkyo2/ROS2/ros2_package2/install/my_first_package_msgs/share/my_first_package_msgs/local_setup.bash
[1.455s] -- Up-to-date: /home/minkyo2/ROS2/ros2_package2/install/my_first_package_msgs/share/my_first_package_msgs/local_setup.sh
[1.455s] -- Up-to-date: /home/minkyo2/ROS2/ros2_package2/install/my_first_package_msgs/share/my_first_package_msgs/local_setup.zsh
[1.455s] -- Up-to-date: /home/minkyo2/ROS2/ros2_package2/install/my_first_package_msgs/share/my_first_package_msgs/local_setup.dsv
[1.456s] -- Installing: /home/minkyo2/ROS2/ros2_package2/install/my_first_package_msgs/share/my_first_package_msgs/package.dsv
[1.456s] -- Up-to-date: /home/minkyo2/ROS2/ros2_package2/install/my_first_package_msgs/share/ament_index/resource_index/packages/my_first_package_msgs
[1.457s] -- Up-to-date: /home/minkyo2/ROS2/ros2_package2/install/my_first_package_msgs/share/my_first_package_msgs/cmake/my_first_package_msgs__rosidl_generator_cExport.cmake
[1.457s] -- Up-to-date: /home/minkyo2/ROS2/ros2_package2/install/my_first_package_msgs/share/my_first_package_msgs/cmake/my_first_package_msgs__rosidl_generator_cExport-noconfig.cmake
[1.458s] -- Up-to-date: /home/minkyo2/ROS2/ros2_package2/install/my_first_package_msgs/share/my_first_package_msgs/cmake/my_first_package_msgs__rosidl_typesupport_introspection_cExport.cmake
[1.459s] -- Up-to-date: /home/minkyo2/ROS2/ros2_package2/install/my_first_package_msgs/share/my_first_package_msgs/cmake/my_first_package_msgs__rosidl_typesupport_introspection_cExport-noconfig.cmake
[1.459s] -- Up-to-date: /home/minkyo2/ROS2/ros2_package2/install/my_first_package_msgs/share/my_first_package_msgs/cmake/my_first_package_msgs__rosidl_typesupport_cExport.cmake
[1.460s] -- Up-to-date: /home/minkyo2/ROS2/ros2_package2/install/my_first_package_msgs/share/my_first_package_msgs/cmake/my_first_package_msgs__rosidl_typesupport_cExport-noconfig.cmake
[1.461s] -- Up-to-date: /home/minkyo2/ROS2/ros2_package2/install/my_first_package_msgs/share/my_first_package_msgs/cmake/my_first_package_msgs__rosidl_generator_cppExport.cmake
[1.461s] -- Up-to-date: /home/minkyo2/ROS2/ros2_package2/install/my_first_package_msgs/share/my_first_package_msgs/cmake/my_first_package_msgs__rosidl_typesupport_introspection_cppExport.cmake
[1.462s] -- Up-to-date: /home/minkyo2/ROS2/ros2_package2/install/my_first_package_msgs/share/my_first_package_msgs/cmake/my_first_package_msgs__rosidl_typesupport_introspection_cppExport-noconfig.cmake
[1.463s] -- Up-to-date: /home/minkyo2/ROS2/ros2_package2/install/my_first_package_msgs/share/my_first_package_msgs/cmake/my_first_package_msgs__rosidl_typesupport_cppExport.cmake
[1.463s] -- Up-to-date: /home/minkyo2/ROS2/ros2_package2/install/my_first_package_msgs/share/my_first_package_msgs/cmake/my_first_package_msgs__rosidl_typesupport_cppExport-noconfig.cmake
[1.464s] -- Up-to-date: /home/minkyo2/ROS2/ros2_package2/install/my_first_package_msgs/share/my_first_package_msgs/cmake/rosidl_cmake-extras.cmake
[1.464s] -- Up-to-date: /home/minkyo2/ROS2/ros2_package2/install/my_first_package_msgs/share/my_first_package_msgs/cmake/ament_cmake_export_dependencies-extras.cmake
[1.464s] -- Up-to-date: /home/minkyo2/ROS2/ros2_package2/install/my_first_package_msgs/share/my_first_package_msgs/cmake/ament_cmake_export_libraries-extras.cmake
[1.465s] -- Up-to-date: /home/minkyo2/ROS2/ros2_package2/install/my_first_package_msgs/share/my_first_package_msgs/cmake/ament_cmake_export_targets-extras.cmake
[1.466s] -- Up-to-date: /home/minkyo2/ROS2/ros2_package2/install/my_first_package_msgs/share/my_first_package_msgs/cmake/ament_cmake_export_include_directories-extras.cmake
[1.467s] -- Up-to-date: /home/minkyo2/ROS2/ros2_package2/install/my_first_package_msgs/share/my_first_package_msgs/cmake/rosidl_cmake_export_typesupport_libraries-extras.cmake
[1.468s] -- Up-to-date: /home/minkyo2/ROS2/ros2_package2/install/my_first_package_msgs/share/my_first_package_msgs/cmake/rosidl_cmake_export_typesupport_targets-extras.cmake
[1.469s] -- Up-to-date: /home/minkyo2/ROS2/ros2_package2/install/my_first_package_msgs/share/my_first_package_msgs/cmake/my_first_package_msgsConfig.cmake
[1.470s] -- Up-to-date: /home/minkyo2/ROS2/ros2_package2/install/my_first_package_msgs/share/my_first_package_msgs/cmake/my_first_package_msgsConfig-version.cmake
[1.471s] -- Up-to-date: /home/minkyo2/ROS2/ros2_package2/install/my_first_package_msgs/share/my_first_package_msgs/package.xml
[1.483s] Invoked command in '/home/minkyo2/ROS2/ros2_package2/build/my_first_package_msgs' returned '0': CMAKE_PREFIX_PATH=${CMAKE_PREFIX_PATH}:/home/minkyo2/ROS2/ros2_package2/install/my_first_package:/opt/ros/galactic /usr/bin/cmake --install /home/minkyo2/ROS2/ros2_package2/build/my_first_package_msgs
