[1.845s] Invoking command in '/home/minkyo2/ROS2/ros2_package2/src/my_first_package': PYTHONPATH=/home/minkyo2/ROS2/ros2_package2/build/my_first_package/prefix_override:/home/minkyo2/ROS2/ros2_package2/install/my_first_package/lib/python3.8/site-packages:${PYTHONPATH} /usr/bin/python3 setup.py egg_info --egg-base ../../build/my_first_package build --build-base /home/minkyo2/ROS2/ros2_package2/build/my_first_package/build install --record /home/minkyo2/ROS2/ros2_package2/build/my_first_package/install.log --single-version-externally-managed
[2.466s] running egg_info
[2.511s] writing ../../build/my_first_package/my_first_package.egg-info/PKG-INFO
[2.513s] writing dependency_links to ../../build/my_first_package/my_first_package.egg-info/dependency_links.txt
[2.515s] writing entry points to ../../build/my_first_package/my_first_package.egg-info/entry_points.txt
[2.516s] writing requirements to ../../build/my_first_package/my_first_package.egg-info/requires.txt
[2.518s] writing top-level names to ../../build/my_first_package/my_first_package.egg-info/top_level.txt
[2.609s] reading manifest file '../../build/my_first_package/my_first_package.egg-info/SOURCES.txt'
[2.624s] /home/minkyo2/.local/lib/python3.8/site-packages/setuptools/command/install.py:34: SetuptoolsDeprecationWarning: setup.py install is deprecated. Use build and pip and other standards-based tools.
[2.624s]   warnings.warn(
[2.624s] writing manifest file '../../build/my_first_package/my_first_package.egg-info/SOURCES.txt'
[2.624s] running build
[2.624s] running build_py
[2.624s] copying my_first_package/turtle_cmd_and_pose.py -> /home/minkyo2/ROS2/ros2_package2/build/my_first_package/build/lib/my_first_package
[2.624s] running install
[2.625s] running install_lib
[2.658s] copying /home/minkyo2/ROS2/ros2_package2/build/my_first_package/build/lib/my_first_package/turtle_cmd_and_pose.py -> /home/minkyo2/ROS2/ros2_package2/install/my_first_package/lib/python3.8/site-packages/my_first_package
[2.658s] byte-compiling /home/minkyo2/ROS2/ros2_package2/install/my_first_package/lib/python3.8/site-packages/my_first_package/turtle_cmd_and_pose.py to turtle_cmd_and_pose.cpython-38.pyc
[2.658s] running install_data
[2.692s] running install_egg_info
[2.724s] removing '/home/minkyo2/ROS2/ros2_package2/install/my_first_package/lib/python3.8/site-packages/my_first_package-0.0.0-py3.8.egg-info' (and everything under it)
[2.724s] Copying ../../build/my_first_package/my_first_package.egg-info to /home/minkyo2/ROS2/ros2_package2/install/my_first_package/lib/python3.8/site-packages/my_first_package-0.0.0-py3.8.egg-info
[2.724s] running install_scripts
[2.888s] Installing my_first_node script to /home/minkyo2/ROS2/ros2_package2/install/my_first_package/lib/my_first_package
[2.890s] Installing my_publisher script to /home/minkyo2/ROS2/ros2_package2/install/my_first_package/lib/my_first_package
[2.893s] Installing my_subscriber script to /home/minkyo2/ROS2/ros2_package2/install/my_first_package/lib/my_first_package
[2.895s] Installing turtle_cmd_and_pose script to /home/minkyo2/ROS2/ros2_package2/install/my_first_package/lib/my_first_package
[2.901s] writing list of installed files to '/home/minkyo2/ROS2/ros2_package2/build/my_first_package/install.log'
[2.990s] Invoked command in '/home/minkyo2/ROS2/ros2_package2/src/my_first_package' returned '0': PYTHONPATH=/home/minkyo2/ROS2/ros2_package2/build/my_first_package/prefix_override:/home/minkyo2/ROS2/ros2_package2/install/my_first_package/lib/python3.8/site-packages:${PYTHONPATH} /usr/bin/python3 setup.py egg_info --egg-base ../../build/my_first_package build --build-base /home/minkyo2/ROS2/ros2_package2/build/my_first_package/build install --record /home/minkyo2/ROS2/ros2_package2/build/my_first_package/install.log --single-version-externally-managed
