[2.705s] Invoking command in '/home/minkyo2/ROS2/ros2_package2/src/my_first_package': PYTHONPATH=/home/minkyo2/ROS2/ros2_package2/build/my_first_package/prefix_override:/home/minkyo2/ROS2/ros2_package2/install/my_first_package/lib/python3.8/site-packages:${PYTHONPATH} /usr/bin/python3 setup.py egg_info --egg-base ../../build/my_first_package build --build-base /home/minkyo2/ROS2/ros2_package2/build/my_first_package/build install --record /home/minkyo2/ROS2/ros2_package2/build/my_first_package/install.log --single-version-externally-managed
[3.656s] running egg_info
[3.732s] writing ../../build/my_first_package/my_first_package.egg-info/PKG-INFO
[3.734s] writing dependency_links to ../../build/my_first_package/my_first_package.egg-info/dependency_links.txt
[3.736s] writing entry points to ../../build/my_first_package/my_first_package.egg-info/entry_points.txt
[3.738s] writing requirements to ../../build/my_first_package/my_first_package.egg-info/requires.txt
[3.739s] writing top-level names to ../../build/my_first_package/my_first_package.egg-info/top_level.txt
[3.871s] reading manifest file '../../build/my_first_package/my_first_package.egg-info/SOURCES.txt'
[3.877s] writing manifest file '../../build/my_first_package/my_first_package.egg-info/SOURCES.txt'
[3.878s] running build
[3.878s] running build_py
[3.880s] running install
[3.882s] /home/minkyo2/.local/lib/python3.8/site-packages/setuptools/command/install.py:34: SetuptoolsDeprecationWarning: setup.py install is deprecated. Use build and pip and other standards-based tools.
[3.882s]   warnings.warn(
[3.908s] running install_lib
[3.964s] running install_data
[3.997s] running install_egg_info
[4.042s] removing '/home/minkyo2/ROS2/ros2_package2/install/my_first_package/lib/python3.8/site-packages/my_first_package-0.0.0-py3.8.egg-info' (and everything under it)
[4.044s] Copying ../../build/my_first_package/my_first_package.egg-info to /home/minkyo2/ROS2/ros2_package2/install/my_first_package/lib/python3.8/site-packages/my_first_package-0.0.0-py3.8.egg-info
[4.048s] running install_scripts
[4.246s] Installing my_first_node script to /home/minkyo2/ROS2/ros2_package2/install/my_first_package/lib/my_first_package
[4.247s] Installing my_publisher script to /home/minkyo2/ROS2/ros2_package2/install/my_first_package/lib/my_first_package
[4.248s] Installing my_subscriber script to /home/minkyo2/ROS2/ros2_package2/install/my_first_package/lib/my_first_package
[4.249s] writing list of installed files to '/home/minkyo2/ROS2/ros2_package2/build/my_first_package/install.log'
[4.316s] Invoked command in '/home/minkyo2/ROS2/ros2_package2/src/my_first_package' returned '0': PYTHONPATH=/home/minkyo2/ROS2/ros2_package2/build/my_first_package/prefix_override:/home/minkyo2/ROS2/ros2_package2/install/my_first_package/lib/python3.8/site-packages:${PYTHONPATH} /usr/bin/python3 setup.py egg_info --egg-base ../../build/my_first_package build --build-base /home/minkyo2/ROS2/ros2_package2/build/my_first_package/build install --record /home/minkyo2/ROS2/ros2_package2/build/my_first_package/install.log --single-version-externally-managed
