[1.681s] Invoking command in '/home/minkyo2/ROS2/ros2_package2/src/my_first_package': PYTHONPATH=/home/minkyo2/ROS2/ros2_package2/build/my_first_package/prefix_override:/home/minkyo2/ROS2/ros2_package2/install/my_first_package/lib/python3.8/site-packages:${PYTHONPATH} /usr/bin/python3 setup.py egg_info --egg-base ../../build/my_first_package build --build-base /home/minkyo2/ROS2/ros2_package2/build/my_first_package/build install --record /home/minkyo2/ROS2/ros2_package2/build/my_first_package/install.log --single-version-externally-managed
[2.294s] running egg_info
[2.317s] writing ../../build/my_first_package/my_first_package.egg-info/PKG-INFO
[2.318s] writing dependency_links to ../../build/my_first_package/my_first_package.egg-info/dependency_links.txt
[2.320s] writing entry points to ../../build/my_first_package/my_first_package.egg-info/entry_points.txt
[2.321s] writing requirements to ../../build/my_first_package/my_first_package.egg-info/requires.txt
[2.322s] writing top-level names to ../../build/my_first_package/my_first_package.egg-info/top_level.txt
[2.421s] reading manifest file '../../build/my_first_package/my_first_package.egg-info/SOURCES.txt'
[2.423s] writing manifest file '../../build/my_first_package/my_first_package.egg-info/SOURCES.txt'
[2.424s] running build
[2.424s] running build_py
[2.426s] copying my_first_package/my_publisher.py -> /home/minkyo2/ROS2/ros2_package2/build/my_first_package/build/lib/my_first_package
[2.427s] /home/minkyo2/.local/lib/python3.8/site-packages/setuptools/command/install.py:34: SetuptoolsDeprecationWarning: setup.py install is deprecated. Use build and pip and other standards-based tools.
[2.427s]   warnings.warn(
[2.427s] running install
[2.439s] running install_lib
[2.475s] copying /home/minkyo2/ROS2/ros2_package2/build/my_first_package/build/lib/my_first_package/my_publisher.py -> /home/minkyo2/ROS2/ros2_package2/install/my_first_package/lib/python3.8/site-packages/my_first_package
[2.476s] byte-compiling /home/minkyo2/ROS2/ros2_package2/install/my_first_package/lib/python3.8/site-packages/my_first_package/my_publisher.py to my_publisher.cpython-38.pyc
[2.477s] running install_data
[2.504s] running install_egg_info
[2.537s] removing '/home/minkyo2/ROS2/ros2_package2/install/my_first_package/lib/python3.8/site-packages/my_first_package-0.0.0-py3.8.egg-info' (and everything under it)
[2.537s] Copying ../../build/my_first_package/my_first_package.egg-info to /home/minkyo2/ROS2/ros2_package2/install/my_first_package/lib/python3.8/site-packages/my_first_package-0.0.0-py3.8.egg-info
[2.538s] running install_scripts
[2.630s] Installing my_first_node script to /home/minkyo2/ROS2/ros2_package2/install/my_first_package/lib/my_first_package
[2.630s] Installing my_publisher script to /home/minkyo2/ROS2/ros2_package2/install/my_first_package/lib/my_first_package
[2.631s] Installing my_subscriber script to /home/minkyo2/ROS2/ros2_package2/install/my_first_package/lib/my_first_package
[2.631s] writing list of installed files to '/home/minkyo2/ROS2/ros2_package2/build/my_first_package/install.log'
[2.683s] Invoked command in '/home/minkyo2/ROS2/ros2_package2/src/my_first_package' returned '0': PYTHONPATH=/home/minkyo2/ROS2/ros2_package2/build/my_first_package/prefix_override:/home/minkyo2/ROS2/ros2_package2/install/my_first_package/lib/python3.8/site-packages:${PYTHONPATH} /usr/bin/python3 setup.py egg_info --egg-base ../../build/my_first_package build --build-base /home/minkyo2/ROS2/ros2_package2/build/my_first_package/build install --record /home/minkyo2/ROS2/ros2_package2/build/my_first_package/install.log --single-version-externally-managed
