[1.840s] Invoking command in '/home/minkyo2/ROS2/ros2_package2/src/my_first_package': PYTHONPATH=/home/minkyo2/ROS2/ros2_package2/build/my_first_package/prefix_override:/home/minkyo2/ROS2/ros2_package2/install/my_first_package/lib/python3.8/site-packages: /usr/bin/python3 setup.py egg_info --egg-base ../../build/my_first_package build --build-base /home/minkyo2/ROS2/ros2_package2/build/my_first_package/build install --record /home/minkyo2/ROS2/ros2_package2/build/my_first_package/install.log --single-version-externally-managed
[2.331s] running egg_info
[2.351s] writing ../../build/my_first_package/my_first_package.egg-info/PKG-INFO
[2.353s] writing dependency_links to ../../build/my_first_package/my_first_package.egg-info/dependency_links.txt
[2.355s] writing entry points to ../../build/my_first_package/my_first_package.egg-info/entry_points.txt
[2.356s] writing requirements to ../../build/my_first_package/my_first_package.egg-info/requires.txt
[2.357s] writing top-level names to ../../build/my_first_package/my_first_package.egg-info/top_level.txt
[2.406s] reading manifest file '../../build/my_first_package/my_first_package.egg-info/SOURCES.txt'
[2.410s] writing manifest file '../../build/my_first_package/my_first_package.egg-info/SOURCES.txt'
[2.412s] running build
[2.414s] running build_py
[2.415s] copying my_first_package/tuetle_cmd_and_pose.py -> /home/minkyo2/ROS2/ros2_package2/build/my_first_package/build/lib/my_first_package
[2.417s] running install
[2.418s] /home/minkyo2/.local/lib/python3.8/site-packages/setuptools/command/install.py:34: SetuptoolsDeprecationWarning: setup.py install is deprecated. Use build and pip and other standards-based tools.
[2.418s]   warnings.warn(
[2.432s] running install_lib
[2.450s] copying /home/minkyo2/ROS2/ros2_package2/build/my_first_package/build/lib/my_first_package/tuetle_cmd_and_pose.py -> /home/minkyo2/ROS2/ros2_package2/install/my_first_package/lib/python3.8/site-packages/my_first_package
[2.452s] byte-compiling /home/minkyo2/ROS2/ros2_package2/install/my_first_package/lib/python3.8/site-packages/my_first_package/tuetle_cmd_and_pose.py to tuetle_cmd_and_pose.cpython-38.pyc
[2.453s]   File "/home/minkyo2/ROS2/ros2_package2/install/my_first_package/lib/python3.8/site-packages/my_first_package/tuetle_cmd_and_pose.py", line 2
[2.453s]     import rclpy.node import Node
[2.453s]                       ^
[2.453s] SyntaxError: invalid syntax
[2.453s] 
[2.454s] running install_data
[2.474s] running install_egg_info
[2.492s] removing '/home/minkyo2/ROS2/ros2_package2/install/my_first_package/lib/python3.8/site-packages/my_first_package-0.0.0-py3.8.egg-info' (and everything under it)
[2.494s] Copying ../../build/my_first_package/my_first_package.egg-info to /home/minkyo2/ROS2/ros2_package2/install/my_first_package/lib/python3.8/site-packages/my_first_package-0.0.0-py3.8.egg-info
[2.498s] running install_scripts
[2.620s] Installing my_first_node script to /home/minkyo2/ROS2/ros2_package2/install/my_first_package/lib/my_first_package
[2.622s] Installing my_publisher script to /home/minkyo2/ROS2/ros2_package2/install/my_first_package/lib/my_first_package
[2.623s] Installing my_subscriber script to /home/minkyo2/ROS2/ros2_package2/install/my_first_package/lib/my_first_package
[2.623s] Installing tuetle_cmd_and_pose script to /home/minkyo2/ROS2/ros2_package2/install/my_first_package/lib/my_first_package
[2.625s] writing list of installed files to '/home/minkyo2/ROS2/ros2_package2/build/my_first_package/install.log'
[2.693s] Invoked command in '/home/minkyo2/ROS2/ros2_package2/src/my_first_package' returned '0': PYTHONPATH=/home/minkyo2/ROS2/ros2_package2/build/my_first_package/prefix_override:/home/minkyo2/ROS2/ros2_package2/install/my_first_package/lib/python3.8/site-packages: /usr/bin/python3 setup.py egg_info --egg-base ../../build/my_first_package build --build-base /home/minkyo2/ROS2/ros2_package2/build/my_first_package/build install --record /home/minkyo2/ROS2/ros2_package2/build/my_first_package/install.log --single-version-externally-managed
