[1.815s] Invoking command in '/home/minkyo2/ROS2/ros2_package2/src/my_first_package': PYTHONPATH=/home/minkyo2/ROS2/ros2_package2/build/my_first_package/prefix_override:/home/minkyo2/ROS2/ros2_package2/install/my_first_package/lib/python3.8/site-packages:${PYTHONPATH} /usr/bin/python3 setup.py egg_info --egg-base ../../build/my_first_package build --build-base /home/minkyo2/ROS2/ros2_package2/build/my_first_package/build install --record /home/minkyo2/ROS2/ros2_package2/build/my_first_package/install.log --single-version-externally-managed
[2.410s] running egg_info
[2.444s] writing ../../build/my_first_package/my_first_package.egg-info/PKG-INFO
[2.448s] writing dependency_links to ../../build/my_first_package/my_first_package.egg-info/dependency_links.txt
[2.448s] writing entry points to ../../build/my_first_package/my_first_package.egg-info/entry_points.txt
[2.448s] writing requirements to ../../build/my_first_package/my_first_package.egg-info/requires.txt
[2.449s] writing top-level names to ../../build/my_first_package/my_first_package.egg-info/top_level.txt
[2.522s] reading manifest file '../../build/my_first_package/my_first_package.egg-info/SOURCES.txt'
[2.525s] writing manifest file '../../build/my_first_package/my_first_package.egg-info/SOURCES.txt'
[2.525s] running build
[2.525s] running build_py
[2.525s] copying my_first_package/tuetle_cmd_and_pose.py -> /home/minkyo2/ROS2/ros2_package2/build/my_first_package/build/lib/my_first_package
[2.526s] running install
[2.527s] /home/minkyo2/.local/lib/python3.8/site-packages/setuptools/command/install.py:34: SetuptoolsDeprecationWarning: setup.py install is deprecated. Use build and pip and other standards-based tools.
[2.527s]   warnings.warn(
[2.536s] running install_lib
[2.558s] copying /home/minkyo2/ROS2/ros2_package2/build/my_first_package/build/lib/my_first_package/tuetle_cmd_and_pose.py -> /home/minkyo2/ROS2/ros2_package2/install/my_first_package/lib/python3.8/site-packages/my_first_package
[2.560s] byte-compiling /home/minkyo2/ROS2/ros2_package2/install/my_first_package/lib/python3.8/site-packages/my_first_package/tuetle_cmd_and_pose.py to tuetle_cmd_and_pose.cpython-38.pyc
[2.560s] running install_data
[2.561s]   File "/home/minkyo2/ROS2/ros2_package2/install/my_first_package/lib/python3.8/site-packages/my_first_package/tuetle_cmd_and_pose.py", line 2
[2.561s]     import rclpy.node import Node
[2.561s]                       ^
[2.561s] SyntaxError: invalid syntax
[2.562s] 
[2.592s] running install_egg_info
[2.617s] removing '/home/minkyo2/ROS2/ros2_package2/install/my_first_package/lib/python3.8/site-packages/my_first_package-0.0.0-py3.8.egg-info' (and everything under it)
[2.618s] Copying ../../build/my_first_package/my_first_package.egg-info to /home/minkyo2/ROS2/ros2_package2/install/my_first_package/lib/python3.8/site-packages/my_first_package-0.0.0-py3.8.egg-info
[2.619s] running install_scripts
[2.737s] Installing my_first_node script to /home/minkyo2/ROS2/ros2_package2/install/my_first_package/lib/my_first_package
[2.738s] Installing my_publisher script to /home/minkyo2/ROS2/ros2_package2/install/my_first_package/lib/my_first_package
[2.738s] Installing my_subscriber script to /home/minkyo2/ROS2/ros2_package2/install/my_first_package/lib/my_first_package
[2.738s] Installing tuetle_cmd_and_pose script to /home/minkyo2/ROS2/ros2_package2/install/my_first_package/lib/my_first_package
[2.739s] writing list of installed files to '/home/minkyo2/ROS2/ros2_package2/build/my_first_package/install.log'
[2.809s] Invoked command in '/home/minkyo2/ROS2/ros2_package2/src/my_first_package' returned '0': PYTHONPATH=/home/minkyo2/ROS2/ros2_package2/build/my_first_package/prefix_override:/home/minkyo2/ROS2/ros2_package2/install/my_first_package/lib/python3.8/site-packages:${PYTHONPATH} /usr/bin/python3 setup.py egg_info --egg-base ../../build/my_first_package build --build-base /home/minkyo2/ROS2/ros2_package2/build/my_first_package/build install --record /home/minkyo2/ROS2/ros2_package2/build/my_first_package/install.log --single-version-externally-managed
