running egg_info
creating ../../build/my_first_package/my_first_package.egg-info
writing ../../build/my_first_package/my_first_package.egg-info/PKG-INFO
writing dependency_links to ../../build/my_first_package/my_first_package.egg-info/dependency_links.txt
writing entry points to ../../build/my_first_package/my_first_package.egg-info/entry_points.txt
writing requirements to ../../build/my_first_package/my_first_package.egg-info/requires.txt
writing top-level names to ../../build/my_first_package/my_first_package.egg-info/top_level.txt
writing manifest file '../../build/my_first_package/my_first_package.egg-info/SOURCES.txt'
reading manifest file '../../build/my_first_package/my_first_package.egg-info/SOURCES.txt'
writing manifest file '../../build/my_first_package/my_first_package.egg-info/SOURCES.txt'
running build
running build_py
creating /home/minkyo2/ROS2/ros2_package2/build/my_first_package/build
creating /home/minkyo2/ROS2/ros2_package2/build/my_first_package/build/lib
creating /home/minkyo2/ROS2/ros2_package2/build/my_first_package/build/lib/my_first_package
copying my_first_package/my_first_node.py -> /home/minkyo2/ROS2/ros2_package2/build/my_first_package/build/lib/my_first_package
copying my_first_package/__init__.py -> /home/minkyo2/ROS2/ros2_package2/build/my_first_package/build/lib/my_first_package
running install
/home/minkyo2/.local/lib/python3.8/site-packages/setuptools/command/install.py:34: SetuptoolsDeprecationWarning: setup.py install is deprecated. Use build and pip and other standards-based tools.
  warnings.warn(
running install_lib
creating /home/minkyo2/ROS2/ros2_package2/install/my_first_package/lib/python3.8/site-packages/my_first_package
copying /home/minkyo2/ROS2/ros2_package2/build/my_first_package/build/lib/my_first_package/my_first_node.py -> /home/minkyo2/ROS2/ros2_package2/install/my_first_package/lib/python3.8/site-packages/my_first_package
copying /home/minkyo2/ROS2/ros2_package2/build/my_first_package/build/lib/my_first_package/__init__.py -> /home/minkyo2/ROS2/ros2_package2/install/my_first_package/lib/python3.8/site-packages/my_first_package
byte-compiling /home/minkyo2/ROS2/ros2_package2/install/my_first_package/lib/python3.8/site-packages/my_first_package/my_first_node.py to my_first_node.cpython-38.pyc
byte-compiling /home/minkyo2/ROS2/ros2_package2/install/my_first_package/lib/python3.8/site-packages/my_first_package/__init__.py to __init__.cpython-38.pyc
running install_data
creating /home/minkyo2/ROS2/ros2_package2/install/my_first_package/share/ament_index
creating /home/minkyo2/ROS2/ros2_package2/install/my_first_package/share/ament_index/resource_index
creating /home/minkyo2/ROS2/ros2_package2/install/my_first_package/share/ament_index/resource_index/packages
copying resource/my_first_package -> /home/minkyo2/ROS2/ros2_package2/install/my_first_package/share/ament_index/resource_index/packages
copying package.xml -> /home/minkyo2/ROS2/ros2_package2/install/my_first_package/share/my_first_package
running install_egg_info
Copying ../../build/my_first_package/my_first_package.egg-info to /home/minkyo2/ROS2/ros2_package2/install/my_first_package/lib/python3.8/site-packages/my_first_package-0.0.0-py3.8.egg-info
running install_scripts
Installing my_first_node script to /home/minkyo2/ROS2/ros2_package2/install/my_first_package/lib/my_first_package
writing list of installed files to '/home/minkyo2/ROS2/ros2_package2/build/my_first_package/install.log'
