[2.864s] Invoking command in '/home/minkyo2/ROS2/ros2_package2/src/my_first_package': PYTHONPATH=/home/minkyo2/ROS2/ros2_package2/build/my_first_package/prefix_override:/home/minkyo2/ROS2/ros2_package2/install/my_first_package/lib/python3.8/site-packages:${PYTHONPATH} /usr/bin/python3 setup.py egg_info --egg-base ../../build/my_first_package build --build-base /home/minkyo2/ROS2/ros2_package2/build/my_first_package/build install --record /home/minkyo2/ROS2/ros2_package2/build/my_first_package/install.log --single-version-externally-managed
[3.815s] running egg_info
[3.816s] creating ../../build/my_first_package/my_first_package.egg-info
[3.884s] writing ../../build/my_first_package/my_first_package.egg-info/PKG-INFO
[3.884s] writing dependency_links to ../../build/my_first_package/my_first_package.egg-info/dependency_links.txt
[3.885s] writing entry points to ../../build/my_first_package/my_first_package.egg-info/entry_points.txt
[3.886s] writing requirements to ../../build/my_first_package/my_first_package.egg-info/requires.txt
[3.887s] writing top-level names to ../../build/my_first_package/my_first_package.egg-info/top_level.txt
[3.899s] writing manifest file '../../build/my_first_package/my_first_package.egg-info/SOURCES.txt'
[4.022s] reading manifest file '../../build/my_first_package/my_first_package.egg-info/SOURCES.txt'
[4.025s] writing manifest file '../../build/my_first_package/my_first_package.egg-info/SOURCES.txt'
[4.025s] running build
[4.026s] running build_py
[4.026s] creating /home/minkyo2/ROS2/ros2_package2/build/my_first_package/build
[4.026s] creating /home/minkyo2/ROS2/ros2_package2/build/my_first_package/build/lib
[4.027s] creating /home/minkyo2/ROS2/ros2_package2/build/my_first_package/build/lib/my_first_package
[4.027s] copying my_first_package/my_first_node.py -> /home/minkyo2/ROS2/ros2_package2/build/my_first_package/build/lib/my_first_package
[4.027s] copying my_first_package/__init__.py -> /home/minkyo2/ROS2/ros2_package2/build/my_first_package/build/lib/my_first_package
[4.027s] running install
[4.029s] /home/minkyo2/.local/lib/python3.8/site-packages/setuptools/command/install.py:34: SetuptoolsDeprecationWarning: setup.py install is deprecated. Use build and pip and other standards-based tools.
[4.030s]   warnings.warn(
[4.046s] running install_lib
[4.078s] creating /home/minkyo2/ROS2/ros2_package2/install/my_first_package/lib/python3.8/site-packages/my_first_package
[4.079s] copying /home/minkyo2/ROS2/ros2_package2/build/my_first_package/build/lib/my_first_package/my_first_node.py -> /home/minkyo2/ROS2/ros2_package2/install/my_first_package/lib/python3.8/site-packages/my_first_package
[4.080s] copying /home/minkyo2/ROS2/ros2_package2/build/my_first_package/build/lib/my_first_package/__init__.py -> /home/minkyo2/ROS2/ros2_package2/install/my_first_package/lib/python3.8/site-packages/my_first_package
[4.082s] byte-compiling /home/minkyo2/ROS2/ros2_package2/install/my_first_package/lib/python3.8/site-packages/my_first_package/my_first_node.py to my_first_node.cpython-38.pyc
[4.084s] byte-compiling /home/minkyo2/ROS2/ros2_package2/install/my_first_package/lib/python3.8/site-packages/my_first_package/__init__.py to __init__.cpython-38.pyc
[4.084s] running install_data
[4.151s] creating /home/minkyo2/ROS2/ros2_package2/install/my_first_package/share/ament_index
[4.151s] creating /home/minkyo2/ROS2/ros2_package2/install/my_first_package/share/ament_index/resource_index
[4.152s] creating /home/minkyo2/ROS2/ros2_package2/install/my_first_package/share/ament_index/resource_index/packages
[4.152s] copying resource/my_first_package -> /home/minkyo2/ROS2/ros2_package2/install/my_first_package/share/ament_index/resource_index/packages
[4.152s] copying package.xml -> /home/minkyo2/ROS2/ros2_package2/install/my_first_package/share/my_first_package
[4.155s] running install_egg_info
[4.218s] Copying ../../build/my_first_package/my_first_package.egg-info to /home/minkyo2/ROS2/ros2_package2/install/my_first_package/lib/python3.8/site-packages/my_first_package-0.0.0-py3.8.egg-info
[4.219s] running install_scripts
[4.364s] Installing my_first_node script to /home/minkyo2/ROS2/ros2_package2/install/my_first_package/lib/my_first_package
[4.365s] writing list of installed files to '/home/minkyo2/ROS2/ros2_package2/build/my_first_package/install.log'
[4.431s] Invoked command in '/home/minkyo2/ROS2/ros2_package2/src/my_first_package' returned '0': PYTHONPATH=/home/minkyo2/ROS2/ros2_package2/build/my_first_package/prefix_override:/home/minkyo2/ROS2/ros2_package2/install/my_first_package/lib/python3.8/site-packages:${PYTHONPATH} /usr/bin/python3 setup.py egg_info --egg-base ../../build/my_first_package build --build-base /home/minkyo2/ROS2/ros2_package2/build/my_first_package/build install --record /home/minkyo2/ROS2/ros2_package2/build/my_first_package/install.log --single-version-externally-managed
