[0.767s] Invoking command in '/home/minkyo2/ROS2/ros2_package2/build/my_first_package_msgs': CMAKE_PREFIX_PATH=/home/minkyo2/ROS2/ros2_package2/install/my_first_package:/opt/ros/galactic /usr/bin/cmake /home/minkyo2/ROS2/ros2_package2/src/my_first_package_msgs -DCMAKE_INSTALL_PREFIX=/home/minkyo2/ROS2/ros2_package2/install/my_first_package_msgs
[1.281s] -- The C compiler identification is GNU 9.4.0
[1.713s] -- The CXX compiler identification is GNU 9.4.0
[1.744s] -- Check for working C compiler: /usr/bin/cc
[1.940s] -- Check for working C compiler: /usr/bin/cc -- works
[1.946s] -- Detecting C compiler ABI info
[2.117s] -- Detecting C compiler ABI info - done
[2.140s] -- Detecting C compile features
[2.143s] -- Detecting C compile features - done
[2.154s] -- Check for working CXX compiler: /usr/bin/c++
[2.288s] -- Check for working CXX compiler: /usr/bin/c++ -- works
[2.291s] -- Detecting CXX compiler ABI info
[2.455s] -- Detecting CXX compiler ABI info - done
[2.487s] -- Detecting CXX compile features
[2.489s] -- Detecting CXX compile features - done
[2.525s] -- Found ament_cmake: 1.1.6 (/opt/ros/galactic/share/ament_cmake/cmake)
[2.605s] -- Found PythonInterp: /usr/bin/python3 (found suitable version "3.8.10", minimum required is "3") 
[2.607s] -- Using PYTHON_EXECUTABLE: /usr/bin/python3
[2.925s] -- Found rosidl_default_generators: 1.1.1 (/opt/ros/galactic/share/rosidl_default_generators/cmake)
[2.952s] -- Using all available rosidl_typesupport_c: rosidl_typesupport_fastrtps_c;rosidl_typesupport_introspection_c
[2.989s] -- Found rosidl_adapter: 2.2.3 (/opt/ros/galactic/share/rosidl_adapter/cmake)
[3.314s] -- Found OpenSSL: /usr/lib/x86_64-linux-gnu/libcrypto.so (found version "1.1.1f")  
[3.374s] -- Found FastRTPS: /opt/ros/galactic/include  
[3.673s] -- Using all available rosidl_typesupport_cpp: rosidl_typesupport_fastrtps_cpp;rosidl_typesupport_introspection_cpp
[3.897s] -- Found PythonInterp: /usr/bin/python3 (found version "3.8.10") 
[4.276s] CMake Error at /opt/ros/galactic/share/rosidl_cmake/cmake/rosidl_generate_interfaces.cmake:229 (message):
[4.276s]   Packages installing interfaces must include
[4.276s]   '<member_of_group>rosidl_interface_packages</member_of_group>' in their
[4.279s]   package.xml
[4.280s] Call Stack (most recent call first):
[4.280s]   CMakeLists.txt:16 (rosidl_generate_interfaces)
[4.280s] 
[4.280s] 
[4.280s] -- Configuring incomplete, errors occurred!
[4.280s] See also "/home/minkyo2/ROS2/ros2_package2/build/my_first_package_msgs/CMakeFiles/CMakeOutput.log".
[4.361s] Invoked command in '/home/minkyo2/ROS2/ros2_package2/build/my_first_package_msgs' returned '1': CMAKE_PREFIX_PATH=/home/minkyo2/ROS2/ros2_package2/install/my_first_package:/opt/ros/galactic /usr/bin/cmake /home/minkyo2/ROS2/ros2_package2/src/my_first_package_msgs -DCMAKE_INSTALL_PREFIX=/home/minkyo2/ROS2/ros2_package2/install/my_first_package_msgs
