[0.592s] DEBUG:colcon:Command line arguments: ['/usr/bin/colcon', 'build']
[0.592s] DEBUG:colcon:Parsed command line arguments: Namespace(allow_overriding=[], ament_cmake_args=None, base_paths=['.'], build_base='build', catkin_cmake_args=None, catkin_skip_building_tests=False, cmake_args=None, cmake_clean_cache=False, cmake_clean_first=False, cmake_force_configure=False, cmake_target=None, cmake_target_skip_unavailable=False, continue_on_error=False, event_handlers=None, executor='parallel', ignore_user_meta=False, install_base='install', log_base=None, log_level=None, main=<bound method BuildVerb.main of <colcon_core.verb.build.BuildVerb object at 0x7fafba4d2df0>>, merge_install=False, metas=['./colcon.meta'], packages_above=None, packages_above_and_dependencies=None, packages_above_depth=None, packages_end=None, packages_ignore=None, packages_ignore_regex=None, packages_select=None, packages_select_build_failed=False, packages_select_by_dep=None, packages_select_regex=None, packages_select_test_failures=False, packages_skip=None, packages_skip_build_finished=False, packages_skip_by_dep=None, packages_skip_regex=None, packages_skip_test_passed=False, packages_skip_up_to=None, packages_start=None, packages_up_to=None, packages_up_to_regex=None, parallel_workers=2, paths=None, symlink_install=False, test_result_base=None, verb_extension=<colcon_core.verb.build.BuildVerb object at 0x7fafba4d2df0>, verb_name='build', verb_parser=<colcon_defaults.argument_parser.defaults.DefaultArgumentsDecorator object at 0x7fafba3fc2e0>)
[0.685s] Level 1:colcon.colcon_core.package_discovery:discover_packages(colcon_meta) check parameters
[0.685s] Level 1:colcon.colcon_core.package_discovery:discover_packages(recursive) check parameters
[0.685s] Level 1:colcon.colcon_core.package_discovery:discover_packages(ignore) check parameters
[0.686s] Level 1:colcon.colcon_core.package_discovery:discover_packages(path) check parameters
[0.686s] Level 1:colcon.colcon_core.package_discovery:discover_packages(colcon_meta) discover
[0.686s] Level 1:colcon.colcon_core.package_discovery:discover_packages(recursive) discover
[0.686s] INFO:colcon.colcon_core.package_discovery:Crawling recursively for packages in '/home/minkyo2/ROS2/ros2_package2'
[0.686s] Level 1:colcon.colcon_core.package_identification:_identify(.) by extensions ['ignore', 'ignore_ament_install']
[0.686s] Level 1:colcon.colcon_core.package_identification:_identify(.) by extension 'ignore'
[0.686s] Level 1:colcon.colcon_core.package_identification:_identify(.) by extension 'ignore_ament_install'
[0.686s] Level 1:colcon.colcon_core.package_identification:_identify(.) by extensions ['colcon_pkg']
[0.686s] Level 1:colcon.colcon_core.package_identification:_identify(.) by extension 'colcon_pkg'
[0.686s] Level 1:colcon.colcon_core.package_identification:_identify(.) by extensions ['colcon_meta']
[0.686s] Level 1:colcon.colcon_core.package_identification:_identify(.) by extension 'colcon_meta'
[0.686s] Level 1:colcon.colcon_core.package_identification:_identify(.) by extensions ['ros']
[0.686s] Level 1:colcon.colcon_core.package_identification:_identify(.) by extension 'ros'
[0.719s] Level 1:colcon.colcon_core.package_identification:_identify(.) by extensions ['cmake', 'python']
[0.719s] Level 1:colcon.colcon_core.package_identification:_identify(.) by extension 'cmake'
[0.719s] Level 1:colcon.colcon_core.package_identification:_identify(.) by extension 'python'
[0.720s] Level 1:colcon.colcon_core.package_identification:_identify(.) by extensions ['python_setup_py']
[0.720s] Level 1:colcon.colcon_core.package_identification:_identify(.) by extension 'python_setup_py'
[0.720s] Level 1:colcon.colcon_core.package_identification:_identify(build) by extensions ['ignore', 'ignore_ament_install']
[0.721s] Level 1:colcon.colcon_core.package_identification:_identify(build) by extension 'ignore'
[0.721s] Level 1:colcon.colcon_core.package_identification:_identify(build) ignored
[0.721s] Level 1:colcon.colcon_core.package_identification:_identify(install) by extensions ['ignore', 'ignore_ament_install']
[0.722s] Level 1:colcon.colcon_core.package_identification:_identify(install) by extension 'ignore'
[0.722s] Level 1:colcon.colcon_core.package_identification:_identify(install) ignored
[0.723s] Level 1:colcon.colcon_core.package_identification:_identify(log) by extensions ['ignore', 'ignore_ament_install']
[0.724s] Level 1:colcon.colcon_core.package_identification:_identify(log) by extension 'ignore'
[0.724s] Level 1:colcon.colcon_core.package_identification:_identify(log) ignored
[0.725s] Level 1:colcon.colcon_core.package_identification:_identify(src) by extensions ['ignore', 'ignore_ament_install']
[0.725s] Level 1:colcon.colcon_core.package_identification:_identify(src) by extension 'ignore'
[0.726s] Level 1:colcon.colcon_core.package_identification:_identify(src) by extension 'ignore_ament_install'
[0.726s] Level 1:colcon.colcon_core.package_identification:_identify(src) by extensions ['colcon_pkg']
[0.726s] Level 1:colcon.colcon_core.package_identification:_identify(src) by extension 'colcon_pkg'
[0.726s] Level 1:colcon.colcon_core.package_identification:_identify(src) by extensions ['colcon_meta']
[0.726s] Level 1:colcon.colcon_core.package_identification:_identify(src) by extension 'colcon_meta'
[0.726s] Level 1:colcon.colcon_core.package_identification:_identify(src) by extensions ['ros']
[0.727s] Level 1:colcon.colcon_core.package_identification:_identify(src) by extension 'ros'
[0.727s] Level 1:colcon.colcon_core.package_identification:_identify(src) by extensions ['cmake', 'python']
[0.727s] Level 1:colcon.colcon_core.package_identification:_identify(src) by extension 'cmake'
[0.727s] Level 1:colcon.colcon_core.package_identification:_identify(src) by extension 'python'
[0.727s] Level 1:colcon.colcon_core.package_identification:_identify(src) by extensions ['python_setup_py']
[0.727s] Level 1:colcon.colcon_core.package_identification:_identify(src) by extension 'python_setup_py'
[0.728s] Level 1:colcon.colcon_core.package_identification:_identify(src/my_first_package) by extensions ['ignore', 'ignore_ament_install']
[0.728s] Level 1:colcon.colcon_core.package_identification:_identify(src/my_first_package) by extension 'ignore'
[0.728s] Level 1:colcon.colcon_core.package_identification:_identify(src/my_first_package) by extension 'ignore_ament_install'
[0.728s] Level 1:colcon.colcon_core.package_identification:_identify(src/my_first_package) by extensions ['colcon_pkg']
[0.728s] Level 1:colcon.colcon_core.package_identification:_identify(src/my_first_package) by extension 'colcon_pkg'
[0.729s] Level 1:colcon.colcon_core.package_identification:_identify(src/my_first_package) by extensions ['colcon_meta']
[0.729s] Level 1:colcon.colcon_core.package_identification:_identify(src/my_first_package) by extension 'colcon_meta'
[0.729s] Level 1:colcon.colcon_core.package_identification:_identify(src/my_first_package) by extensions ['ros']
[0.730s] Level 1:colcon.colcon_core.package_identification:_identify(src/my_first_package) by extension 'ros'
[0.737s] DEBUG:colcon.colcon_core.package_identification:Package 'src/my_first_package' with type 'ros.ament_python' and name 'my_first_package'
[0.737s] Level 1:colcon.colcon_core.package_discovery:discover_packages(recursive) using defaults
[0.737s] Level 1:colcon.colcon_core.package_discovery:discover_packages(ignore) discover
[0.738s] Level 1:colcon.colcon_core.package_discovery:discover_packages(ignore) using defaults
[0.738s] Level 1:colcon.colcon_core.package_discovery:discover_packages(path) discover
[0.738s] Level 1:colcon.colcon_core.package_discovery:discover_packages(path) using defaults
[0.800s] Level 1:colcon.colcon_core.package_discovery:discover_packages(prefix_path) check parameters
[0.800s] Level 1:colcon.colcon_core.package_discovery:discover_packages(prefix_path) discover
[0.814s] DEBUG:colcon.colcon_installed_package_information.package_discovery:Found 1 installed packages in /home/minkyo2/ROS2/ros2_package2/install
[0.823s] DEBUG:colcon.colcon_installed_package_information.package_discovery:Found 268 installed packages in /opt/ros/galactic
[0.829s] Level 1:colcon.colcon_core.package_discovery:discover_packages(prefix_path) using defaults
[0.945s] Level 5:colcon.colcon_core.verb:set package 'my_first_package' build argument 'cmake_args' from command line to 'None'
[0.945s] Level 5:colcon.colcon_core.verb:set package 'my_first_package' build argument 'cmake_target' from command line to 'None'
[0.945s] Level 5:colcon.colcon_core.verb:set package 'my_first_package' build argument 'cmake_target_skip_unavailable' from command line to 'False'
[0.945s] Level 5:colcon.colcon_core.verb:set package 'my_first_package' build argument 'cmake_clean_cache' from command line to 'False'
[0.945s] Level 5:colcon.colcon_core.verb:set package 'my_first_package' build argument 'cmake_clean_first' from command line to 'False'
[0.945s] Level 5:colcon.colcon_core.verb:set package 'my_first_package' build argument 'cmake_force_configure' from command line to 'False'
[0.946s] Level 5:colcon.colcon_core.verb:set package 'my_first_package' build argument 'ament_cmake_args' from command line to 'None'
[0.946s] Level 5:colcon.colcon_core.verb:set package 'my_first_package' build argument 'catkin_cmake_args' from command line to 'None'
[0.946s] Level 5:colcon.colcon_core.verb:set package 'my_first_package' build argument 'catkin_skip_building_tests' from command line to 'False'
[0.946s] DEBUG:colcon.colcon_core.verb:Building package 'my_first_package' with the following arguments: {'ament_cmake_args': None, 'build_base': '/home/minkyo2/ROS2/ros2_package2/build/my_first_package', 'catkin_cmake_args': None, 'catkin_skip_building_tests': False, 'cmake_args': None, 'cmake_clean_cache': False, 'cmake_clean_first': False, 'cmake_force_configure': False, 'cmake_target': None, 'cmake_target_skip_unavailable': False, 'install_base': '/home/minkyo2/ROS2/ros2_package2/install/my_first_package', 'merge_install': False, 'path': '/home/minkyo2/ROS2/ros2_package2/src/my_first_package', 'symlink_install': False, 'test_result_base': None}
[0.951s] INFO:colcon.colcon_core.executor:Executing jobs using 'parallel' executor
[0.988s] DEBUG:colcon.colcon_parallel_executor.executor.parallel:run_until_complete
[0.988s] INFO:colcon.colcon_ros.task.ament_python.build:Building ROS package in '/home/minkyo2/ROS2/ros2_package2/src/my_first_package' with build type 'ament_python'
[0.989s] Level 1:colcon.colcon_core.shell:create_environment_hook('my_first_package', 'ament_prefix_path')
[1.003s] INFO:colcon.colcon_core.plugin_system:Skipping extension 'colcon_core.shell.bat': Not used on non-Windows systems
[1.004s] INFO:colcon.colcon_core.shell:Creating environment hook '/home/minkyo2/ROS2/ros2_package2/install/my_first_package/share/my_first_package/hook/ament_prefix_path.ps1'
[1.006s] INFO:colcon.colcon_core.shell:Creating environment descriptor '/home/minkyo2/ROS2/ros2_package2/install/my_first_package/share/my_first_package/hook/ament_prefix_path.dsv'
[1.008s] INFO:colcon.colcon_core.shell:Creating environment hook '/home/minkyo2/ROS2/ros2_package2/install/my_first_package/share/my_first_package/hook/ament_prefix_path.sh'
[1.020s] INFO:colcon.colcon_core.shell:Skip shell extension 'powershell' for command environment: Not usable outside of PowerShell
[1.020s] DEBUG:colcon.colcon_core.shell:Skip shell extension 'dsv' for command environment
[1.666s] INFO:colcon.colcon_core.task.python.build:Building Python package in '/home/minkyo2/ROS2/ros2_package2/src/my_first_package'
[1.671s] INFO:colcon.colcon_core.shell:Skip shell extension 'powershell' for command environment: Not usable outside of PowerShell
[1.671s] DEBUG:colcon.colcon_core.shell:Skip shell extension 'dsv' for command environment
[3.855s] DEBUG:colcon.colcon_core.event_handler.log_command:Invoking command in '/home/minkyo2/ROS2/ros2_package2/src/my_first_package': PYTHONPATH=/home/minkyo2/ROS2/ros2_package2/build/my_first_package/prefix_override:/home/minkyo2/ROS2/ros2_package2/install/my_first_package/lib/python3.8/site-packages:${PYTHONPATH} /usr/bin/python3 setup.py egg_info --egg-base ../../build/my_first_package build --build-base /home/minkyo2/ROS2/ros2_package2/build/my_first_package/build install --record /home/minkyo2/ROS2/ros2_package2/build/my_first_package/install.log --single-version-externally-managed
[5.321s] DEBUG:colcon.colcon_core.event_handler.log_command:Invoked command in '/home/minkyo2/ROS2/ros2_package2/src/my_first_package' returned '0': PYTHONPATH=/home/minkyo2/ROS2/ros2_package2/build/my_first_package/prefix_override:/home/minkyo2/ROS2/ros2_package2/install/my_first_package/lib/python3.8/site-packages:${PYTHONPATH} /usr/bin/python3 setup.py egg_info --egg-base ../../build/my_first_package build --build-base /home/minkyo2/ROS2/ros2_package2/build/my_first_package/build install --record /home/minkyo2/ROS2/ros2_package2/build/my_first_package/install.log --single-version-externally-managed
[5.330s] Level 1:colcon.colcon_core.environment:checking '/home/minkyo2/ROS2/ros2_package2/install/my_first_package' for CMake module files
[5.331s] Level 1:colcon.colcon_core.environment:checking '/home/minkyo2/ROS2/ros2_package2/install/my_first_package' for CMake config files
[5.332s] Level 1:colcon.colcon_core.environment:checking '/home/minkyo2/ROS2/ros2_package2/install/my_first_package/lib'
[5.332s] Level 1:colcon.colcon_core.environment:checking '/home/minkyo2/ROS2/ros2_package2/install/my_first_package/bin'
[5.332s] Level 1:colcon.colcon_core.environment:checking '/home/minkyo2/ROS2/ros2_package2/install/my_first_package/lib/pkgconfig/my_first_package.pc'
[5.332s] Level 1:colcon.colcon_core.environment:checking '/home/minkyo2/ROS2/ros2_package2/install/my_first_package/lib/python3.8/site-packages'
[5.332s] Level 1:colcon.colcon_core.shell:create_environment_hook('my_first_package', 'pythonpath')
[5.338s] INFO:colcon.colcon_core.shell:Creating environment hook '/home/minkyo2/ROS2/ros2_package2/install/my_first_package/share/my_first_package/hook/pythonpath.ps1'
[5.340s] INFO:colcon.colcon_core.shell:Creating environment descriptor '/home/minkyo2/ROS2/ros2_package2/install/my_first_package/share/my_first_package/hook/pythonpath.dsv'
[5.342s] INFO:colcon.colcon_core.shell:Creating environment hook '/home/minkyo2/ROS2/ros2_package2/install/my_first_package/share/my_first_package/hook/pythonpath.sh'
[5.344s] Level 1:colcon.colcon_core.environment:checking '/home/minkyo2/ROS2/ros2_package2/install/my_first_package/bin'
[5.344s] Level 1:colcon.colcon_core.environment:create_environment_scripts_only(my_first_package)
[5.350s] INFO:colcon.colcon_core.shell:Creating package script '/home/minkyo2/ROS2/ros2_package2/install/my_first_package/share/my_first_package/package.ps1'
[5.352s] INFO:colcon.colcon_core.shell:Creating package descriptor '/home/minkyo2/ROS2/ros2_package2/install/my_first_package/share/my_first_package/package.dsv'
[5.353s] INFO:colcon.colcon_core.shell:Creating package script '/home/minkyo2/ROS2/ros2_package2/install/my_first_package/share/my_first_package/package.sh'
[5.354s] INFO:colcon.colcon_core.shell:Creating package script '/home/minkyo2/ROS2/ros2_package2/install/my_first_package/share/my_first_package/package.bash'
[5.357s] INFO:colcon.colcon_core.shell:Creating package script '/home/minkyo2/ROS2/ros2_package2/install/my_first_package/share/my_first_package/package.zsh'
[5.359s] Level 1:colcon.colcon_core.environment:create_file_with_runtime_dependencies(/home/minkyo2/ROS2/ros2_package2/install/my_first_package/share/colcon-core/packages/my_first_package)
[5.360s] DEBUG:colcon.colcon_parallel_executor.executor.parallel:closing loop
[5.362s] DEBUG:colcon.colcon_parallel_executor.executor.parallel:loop closed
[5.362s] DEBUG:colcon.colcon_parallel_executor.executor.parallel:run_until_complete finished with '0'
[5.362s] DEBUG:colcon.colcon_core.event_reactor:joining thread
[5.378s] INFO:colcon.colcon_core.plugin_system:Skipping extension 'colcon_notification.desktop_notification.terminal_notifier': Not used on non-Darwin systems
[5.378s] INFO:colcon.colcon_core.plugin_system:Skipping extension 'colcon_notification.desktop_notification.win32': Not used on non-Windows systems
[5.379s] INFO:colcon.colcon_notification.desktop_notification:Sending desktop notification using 'notify2'
[5.415s] DEBUG:colcon.colcon_core.event_reactor:joined thread
[5.420s] INFO:colcon.colcon_core.shell:Creating prefix script '/home/minkyo2/ROS2/ros2_package2/install/local_setup.ps1'
[5.425s] INFO:colcon.colcon_core.shell:Creating prefix util module '/home/minkyo2/ROS2/ros2_package2/install/_local_setup_util_ps1.py'
[5.428s] INFO:colcon.colcon_core.shell:Creating prefix chain script '/home/minkyo2/ROS2/ros2_package2/install/setup.ps1'
[5.435s] INFO:colcon.colcon_core.shell:Creating prefix script '/home/minkyo2/ROS2/ros2_package2/install/local_setup.sh'
[5.437s] INFO:colcon.colcon_core.shell:Creating prefix util module '/home/minkyo2/ROS2/ros2_package2/install/_local_setup_util_sh.py'
[5.438s] INFO:colcon.colcon_core.shell:Creating prefix chain script '/home/minkyo2/ROS2/ros2_package2/install/setup.sh'
[5.444s] INFO:colcon.colcon_core.shell:Creating prefix script '/home/minkyo2/ROS2/ros2_package2/install/local_setup.bash'
[5.445s] INFO:colcon.colcon_core.shell:Creating prefix chain script '/home/minkyo2/ROS2/ros2_package2/install/setup.bash'
[5.449s] INFO:colcon.colcon_core.shell:Creating prefix script '/home/minkyo2/ROS2/ros2_package2/install/local_setup.zsh'
[5.450s] INFO:colcon.colcon_core.shell:Creating prefix chain script '/home/minkyo2/ROS2/ros2_package2/install/setup.zsh'
