[2.268s] Invoking command in '/home/minkyo2/ROS2/ros2_package2/src/my_first_package': PYTHONPATH=/home/minkyo2/ROS2/ros2_package2/build/my_first_package/prefix_override:/home/minkyo2/ROS2/ros2_package2/install/my_first_package/lib/python3.8/site-packages:${PYTHONPATH} /usr/bin/python3 setup.py egg_info --egg-base ../../build/my_first_package build --build-base /home/minkyo2/ROS2/ros2_package2/build/my_first_package/build install --record /home/minkyo2/ROS2/ros2_package2/build/my_first_package/install.log --single-version-externally-managed
[2.901s] running egg_info
[2.941s] writing ../../build/my_first_package/my_first_package.egg-info/PKG-INFO
[2.945s] writing dependency_links to ../../build/my_first_package/my_first_package.egg-info/dependency_links.txt
[2.948s] writing entry points to ../../build/my_first_package/my_first_package.egg-info/entry_points.txt
[2.949s] writing requirements to ../../build/my_first_package/my_first_package.egg-info/requires.txt
[2.950s] writing top-level names to ../../build/my_first_package/my_first_package.egg-info/top_level.txt
[2.991s] reading manifest file '../../build/my_first_package/my_first_package.egg-info/SOURCES.txt'
[2.992s] writing manifest file '../../build/my_first_package/my_first_package.egg-info/SOURCES.txt'
[2.993s] running build
[2.993s] running build_py
[2.994s] copying my_first_package/turtle_cmd_and_pose.py -> /home/minkyo2/ROS2/ros2_package2/build/my_first_package/build/lib/my_first_package
[2.995s] running install
[2.995s] /home/minkyo2/.local/lib/python3.8/site-packages/setuptools/command/install.py:34: SetuptoolsDeprecationWarning: setup.py install is deprecated. Use build and pip and other standards-based tools.
[2.995s]   warnings.warn(
[3.003s] running install_lib
[3.020s] copying /home/minkyo2/ROS2/ros2_package2/build/my_first_package/build/lib/my_first_package/turtle_cmd_and_pose.py -> /home/minkyo2/ROS2/ros2_package2/install/my_first_package/lib/python3.8/site-packages/my_first_package
[3.022s] byte-compiling /home/minkyo2/ROS2/ros2_package2/install/my_first_package/lib/python3.8/site-packages/my_first_package/turtle_cmd_and_pose.py to turtle_cmd_and_pose.cpython-38.pyc
[3.024s] running install_data
[3.054s] running install_egg_info
[3.093s] removing '/home/minkyo2/ROS2/ros2_package2/install/my_first_package/lib/python3.8/site-packages/my_first_package-0.0.0-py3.8.egg-info' (and everything under it)
[3.093s] Copying ../../build/my_first_package/my_first_package.egg-info to /home/minkyo2/ROS2/ros2_package2/install/my_first_package/lib/python3.8/site-packages/my_first_package-0.0.0-py3.8.egg-info
[3.095s] running install_scripts
[3.193s] Installing my_first_node script to /home/minkyo2/ROS2/ros2_package2/install/my_first_package/lib/my_first_package
[3.195s] Installing my_publisher script to /home/minkyo2/ROS2/ros2_package2/install/my_first_package/lib/my_first_package
[3.196s] Installing my_subscriber script to /home/minkyo2/ROS2/ros2_package2/install/my_first_package/lib/my_first_package
[3.196s] Installing turtle_cmd_and_pose script to /home/minkyo2/ROS2/ros2_package2/install/my_first_package/lib/my_first_package
[3.197s] writing list of installed files to '/home/minkyo2/ROS2/ros2_package2/build/my_first_package/install.log'
[3.256s] Invoked command in '/home/minkyo2/ROS2/ros2_package2/src/my_first_package' returned '0': PYTHONPATH=/home/minkyo2/ROS2/ros2_package2/build/my_first_package/prefix_override:/home/minkyo2/ROS2/ros2_package2/install/my_first_package/lib/python3.8/site-packages:${PYTHONPATH} /usr/bin/python3 setup.py egg_info --egg-base ../../build/my_first_package build --build-base /home/minkyo2/ROS2/ros2_package2/build/my_first_package/build install --record /home/minkyo2/ROS2/ros2_package2/build/my_first_package/install.log --single-version-externally-managed
