-- Found ament_cmake: 1.1.6 (/opt/ros/galactic/share/ament_cmake/cmake)
-- Found PythonInterp: /usr/bin/python3 (found suitable version "3.8.10", minimum required is "3") 
-- Using PYTHON_EXECUTABLE: /usr/bin/python3
-- Found rosidl_default_generators: 1.1.1 (/opt/ros/galactic/share/rosidl_default_generators/cmake)
-- Using all available rosidl_typesupport_c: rosidl_typesupport_fastrtps_c;rosidl_typesupport_introspection_c
-- Found rosidl_adapter: 2.2.3 (/opt/ros/galactic/share/rosidl_adapter/cmake)
-- Using all available rosidl_typesupport_cpp: rosidl_typesupport_fastrtps_cpp;rosidl_typesupport_introspection_cpp
-- Found PythonInterp: /usr/bin/python3 (found version "3.8.10") 
-- Found ament_cmake_ros: 0.9.2 (/opt/ros/galactic/share/ament_cmake_ros/cmake)
-- Using all available rosidl_typesupport_c: rosidl_typesupport_fastrtps_c;rosidl_typesupport_introspection_c
-- Using all available rosidl_typesupport_cpp: rosidl_typesupport_fastrtps_cpp;rosidl_typesupport_introspection_cpp
-- Found PythonInterp: /usr/bin/python3 (found suitable version "3.8.10", minimum required is "3.5") 
-- Found python_cmake_module: 0.8.1 (/opt/ros/galactic/share/python_cmake_module/cmake)
-- Found PythonLibs: /usr/lib/x86_64-linux-gnu/libpython3.8.so (found suitable version "3.8.10", minimum required is "3.5") 
-- Using PYTHON_EXECUTABLE: /usr/bin/python3
-- Using PYTHON_INCLUDE_DIRS: /usr/include/python3.8
-- Using PYTHON_LIBRARIES: /usr/lib/x86_64-linux-gnu/libpython3.8.so
-- Found PythonExtra: .so  
-- Found ament_lint_auto: 0.10.7 (/opt/ros/galactic/share/ament_lint_auto/cmake)
-- Added test 'copyright' to check source files copyright and LICENSE
-- Added test 'lint_cmake' to check CMake code style
-- Added test 'xmllint' to check XML markup files
-- Configuring done
-- Generating done
-- Build files have been written to: /home/minkyo2/ROS2/ros2_package2/build/my_first_package_msgs
[35m[1mScanning dependencies of target my_first_package_msgs__cpp[0m
[  3%] [34m[1mGenerating C++ code for ROS interfaces[0m
[  6%] [34m[1mGenerating C code for ROS interfaces[0m
[35m[1mScanning dependencies of target my_first_package_msgs__rosidl_generator_c[0m
[  9%] [32mBuilding C object CMakeFiles/my_first_package_msgs__rosidl_generator_c.dir/rosidl_generator_c/my_first_package_msgs/msg/detail/cmd_and_pose_vel__functions.c.o[0m
[  9%] Built target my_first_package_msgs__cpp
[ 12%] [34m[1mGenerating C++ type support dispatch for ROS interfaces[0m
[ 16%] [32m[1mLinking C shared library libmy_first_package_msgs__rosidl_generator_c.so[0m
[ 16%] Built target my_first_package_msgs__rosidl_generator_c
[ 19%] [34m[1mGenerating C++ introspection for ROS interfaces[0m
[35m[1mScanning dependencies of target my_first_package_msgs__rosidl_typesupport_cpp[0m
[ 22%] [32mBuilding CXX object CMakeFiles/my_first_package_msgs__rosidl_typesupport_cpp.dir/rosidl_typesupport_cpp/my_first_package_msgs/msg/cmd_and_pose_vel__type_support.cpp.o[0m
[35m[1mScanning dependencies of target my_first_package_msgs__rosidl_typesupport_introspection_cpp[0m
[ 25%] [32mBuilding CXX object CMakeFiles/my_first_package_msgs__rosidl_typesupport_introspection_cpp.dir/rosidl_typesupport_introspection_cpp/my_first_package_msgs/msg/detail/cmd_and_pose_vel__type_support.cpp.o[0m
[ 29%] [32m[1mLinking CXX shared library libmy_first_package_msgs__rosidl_typesupport_cpp.so[0m
[ 29%] Built target my_first_package_msgs__rosidl_typesupport_cpp
[ 32%] [34m[1mGenerating C++ type support for eProsima Fast-RTPS[0m
[ 35%] [32m[1mLinking CXX shared library libmy_first_package_msgs__rosidl_typesupport_introspection_cpp.so[0m
[ 35%] Built target my_first_package_msgs__rosidl_typesupport_introspection_cpp
[ 38%] [34m[1mGenerating C introspection for ROS interfaces[0m
[35m[1mScanning dependencies of target my_first_package_msgs__rosidl_typesupport_fastrtps_cpp[0m
[ 41%] [32mBuilding CXX object CMakeFiles/my_first_package_msgs__rosidl_typesupport_fastrtps_cpp.dir/rosidl_typesupport_fastrtps_cpp/my_first_package_msgs/msg/detail/dds_fastrtps/cmd_and_pose_vel__type_support.cpp.o[0m
[35m[1mScanning dependencies of target my_first_package_msgs__rosidl_typesupport_introspection_c[0m
[ 45%] [32mBuilding C object CMakeFiles/my_first_package_msgs__rosidl_typesupport_introspection_c.dir/rosidl_typesupport_introspection_c/my_first_package_msgs/msg/detail/cmd_and_pose_vel__type_support.c.o[0m
[ 48%] [32m[1mLinking C shared library libmy_first_package_msgs__rosidl_typesupport_introspection_c.so[0m
[ 48%] Built target my_first_package_msgs__rosidl_typesupport_introspection_c
[ 51%] [34m[1mGenerating C type support dispatch for ROS interfaces[0m
[35m[1mScanning dependencies of target my_first_package_msgs__rosidl_typesupport_c[0m
[ 54%] [32mBuilding CXX object CMakeFiles/my_first_package_msgs__rosidl_typesupport_c.dir/rosidl_typesupport_c/my_first_package_msgs/msg/cmd_and_pose_vel__type_support.cpp.o[0m
[ 58%] [32m[1mLinking CXX shared library libmy_first_package_msgs__rosidl_typesupport_c.so[0m
[ 58%] Built target my_first_package_msgs__rosidl_typesupport_c
[ 61%] [32m[1mLinking CXX shared library libmy_first_package_msgs__rosidl_typesupport_fastrtps_cpp.so[0m
[ 61%] Built target my_first_package_msgs__rosidl_typesupport_fastrtps_cpp
[ 64%] [34m[1mGenerating C type support for eProsima Fast-RTPS[0m
[35m[1mScanning dependencies of target my_first_package_msgs__rosidl_typesupport_fastrtps_c[0m
[ 67%] [32mBuilding CXX object CMakeFiles/my_first_package_msgs__rosidl_typesupport_fastrtps_c.dir/rosidl_typesupport_fastrtps_c/my_first_package_msgs/msg/detail/cmd_and_pose_vel__type_support_c.cpp.o[0m
[ 70%] [32m[1mLinking CXX shared library libmy_first_package_msgs__rosidl_typesupport_fastrtps_c.so[0m
[ 70%] Built target my_first_package_msgs__rosidl_typesupport_fastrtps_c
[35m[1mScanning dependencies of target my_first_package_msgs[0m
[ 70%] Built target my_first_package_msgs
[35m[1mScanning dependencies of target my_first_package_msgs__py[0m
[ 74%] [34m[1mGenerating Python code for ROS interfaces[0m
[ 74%] Built target my_first_package_msgs__py
[35m[1mScanning dependencies of target my_first_package_msgs__python[0m
[ 77%] [32mBuilding C object CMakeFiles/my_first_package_msgs__python.dir/rosidl_generator_py/my_first_package_msgs/msg/_cmd_and_pose_vel_s.c.o[0m
[ 80%] [32m[1mLinking C shared library rosidl_generator_py/my_first_package_msgs/libmy_first_package_msgs__python.so[0m
[ 80%] Built target my_first_package_msgs__python
[35m[1mScanning dependencies of target my_first_package_msgs__rosidl_typesupport_introspection_c__pyext[0m
[35m[1mScanning dependencies of target my_first_package_msgs__rosidl_typesupport_fastrtps_c__pyext[0m
[ 83%] [32mBuilding C object CMakeFiles/my_first_package_msgs__rosidl_typesupport_introspection_c__pyext.dir/rosidl_generator_py/my_first_package_msgs/_my_first_package_msgs_s.ep.rosidl_typesupport_introspection_c.c.o[0m
[ 87%] [32mBuilding C object CMakeFiles/my_first_package_msgs__rosidl_typesupport_fastrtps_c__pyext.dir/rosidl_generator_py/my_first_package_msgs/_my_first_package_msgs_s.ep.rosidl_typesupport_fastrtps_c.c.o[0m
[ 90%] [32m[1mLinking C shared library rosidl_generator_py/my_first_package_msgs/my_first_package_msgs_s__rosidl_typesupport_introspection_c.cpython-38-x86_64-linux-gnu.so[0m
[ 93%] [32m[1mLinking CXX shared library rosidl_generator_py/my_first_package_msgs/my_first_package_msgs_s__rosidl_typesupport_fastrtps_c.cpython-38-x86_64-linux-gnu.so[0m
[ 93%] Built target my_first_package_msgs__rosidl_typesupport_introspection_c__pyext
[35m[1mScanning dependencies of target my_first_package_msgs__rosidl_typesupport_c__pyext[0m
[ 96%] [32mBuilding C object CMakeFiles/my_first_package_msgs__rosidl_typesupport_c__pyext.dir/rosidl_generator_py/my_first_package_msgs/_my_first_package_msgs_s.ep.rosidl_typesupport_c.c.o[0m
[ 96%] Built target my_first_package_msgs__rosidl_typesupport_fastrtps_c__pyext
[100%] [32m[1mLinking C shared library rosidl_generator_py/my_first_package_msgs/my_first_package_msgs_s__rosidl_typesupport_c.cpython-38-x86_64-linux-gnu.so[0m
[100%] Built target my_first_package_msgs__rosidl_typesupport_c__pyext
-- Install configuration: ""
-- Installing: /home/minkyo2/ROS2/ros2_package2/install/my_first_package_msgs/share/ament_index/resource_index/rosidl_interfaces/my_first_package_msgs
-- Installing: /home/minkyo2/ROS2/ros2_package2/install/my_first_package_msgs/include/my_first_package_msgs
-- Installing: /home/minkyo2/ROS2/ros2_package2/install/my_first_package_msgs/include/my_first_package_msgs/msg
-- Installing: /home/minkyo2/ROS2/ros2_package2/install/my_first_package_msgs/include/my_first_package_msgs/msg/cmd_and_pose_vel.h
-- Installing: /home/minkyo2/ROS2/ros2_package2/install/my_first_package_msgs/include/my_first_package_msgs/msg/rosidl_generator_c__visibility_control.h
-- Installing: /home/minkyo2/ROS2/ros2_package2/install/my_first_package_msgs/include/my_first_package_msgs/msg/detail
-- Installing: /home/minkyo2/ROS2/ros2_package2/install/my_first_package_msgs/include/my_first_package_msgs/msg/detail/cmd_and_pose_vel__functions.c
-- Installing: /home/minkyo2/ROS2/ros2_package2/install/my_first_package_msgs/include/my_first_package_msgs/msg/detail/cmd_and_pose_vel__type_support.h
-- Installing: /home/minkyo2/ROS2/ros2_package2/install/my_first_package_msgs/include/my_first_package_msgs/msg/detail/cmd_and_pose_vel__struct.h
-- Installing: /home/minkyo2/ROS2/ros2_package2/install/my_first_package_msgs/include/my_first_package_msgs/msg/detail/cmd_and_pose_vel__functions.h
-- Installing: /home/minkyo2/ROS2/ros2_package2/install/my_first_package_msgs/share/my_first_package_msgs/environment/library_path.sh
-- Installing: /home/minkyo2/ROS2/ros2_package2/install/my_first_package_msgs/share/my_first_package_msgs/environment/library_path.dsv
-- Installing: /home/minkyo2/ROS2/ros2_package2/install/my_first_package_msgs/lib/libmy_first_package_msgs__rosidl_generator_c.so
-- Set runtime path of "/home/minkyo2/ROS2/ros2_package2/install/my_first_package_msgs/lib/libmy_first_package_msgs__rosidl_generator_c.so" to ""
-- Up-to-date: /home/minkyo2/ROS2/ros2_package2/install/my_first_package_msgs/include/my_first_package_msgs
-- Up-to-date: /home/minkyo2/ROS2/ros2_package2/install/my_first_package_msgs/include/my_first_package_msgs/msg
-- Installing: /home/minkyo2/ROS2/ros2_package2/install/my_first_package_msgs/include/my_first_package_msgs/msg/rosidl_typesupport_fastrtps_c__visibility_control.h
-- Up-to-date: /home/minkyo2/ROS2/ros2_package2/install/my_first_package_msgs/include/my_first_package_msgs/msg/detail
-- Installing: /home/minkyo2/ROS2/ros2_package2/install/my_first_package_msgs/include/my_first_package_msgs/msg/detail/cmd_and_pose_vel__rosidl_typesupport_fastrtps_c.h
-- Installing: /home/minkyo2/ROS2/ros2_package2/install/my_first_package_msgs/lib/libmy_first_package_msgs__rosidl_typesupport_fastrtps_c.so
-- Set runtime path of "/home/minkyo2/ROS2/ros2_package2/install/my_first_package_msgs/lib/libmy_first_package_msgs__rosidl_typesupport_fastrtps_c.so" to ""
-- Up-to-date: /home/minkyo2/ROS2/ros2_package2/install/my_first_package_msgs/include/my_first_package_msgs
-- Up-to-date: /home/minkyo2/ROS2/ros2_package2/install/my_first_package_msgs/include/my_first_package_msgs/msg
-- Installing: /home/minkyo2/ROS2/ros2_package2/install/my_first_package_msgs/include/my_first_package_msgs/msg/rosidl_typesupport_fastrtps_cpp__visibility_control.h
-- Up-to-date: /home/minkyo2/ROS2/ros2_package2/install/my_first_package_msgs/include/my_first_package_msgs/msg/detail
-- Installing: /home/minkyo2/ROS2/ros2_package2/install/my_first_package_msgs/include/my_first_package_msgs/msg/detail/dds_fastrtps
-- Installing: /home/minkyo2/ROS2/ros2_package2/install/my_first_package_msgs/include/my_first_package_msgs/msg/detail/cmd_and_pose_vel__rosidl_typesupport_fastrtps_cpp.hpp
-- Installing: /home/minkyo2/ROS2/ros2_package2/install/my_first_package_msgs/lib/libmy_first_package_msgs__rosidl_typesupport_fastrtps_cpp.so
-- Set runtime path of "/home/minkyo2/ROS2/ros2_package2/install/my_first_package_msgs/lib/libmy_first_package_msgs__rosidl_typesupport_fastrtps_cpp.so" to ""
-- Up-to-date: /home/minkyo2/ROS2/ros2_package2/install/my_first_package_msgs/include/my_first_package_msgs
-- Up-to-date: /home/minkyo2/ROS2/ros2_package2/install/my_first_package_msgs/include/my_first_package_msgs/msg
-- Installing: /home/minkyo2/ROS2/ros2_package2/install/my_first_package_msgs/include/my_first_package_msgs/msg/rosidl_typesupport_introspection_c__visibility_control.h
-- Up-to-date: /home/minkyo2/ROS2/ros2_package2/install/my_first_package_msgs/include/my_first_package_msgs/msg/detail
-- Installing: /home/minkyo2/ROS2/ros2_package2/install/my_first_package_msgs/include/my_first_package_msgs/msg/detail/cmd_and_pose_vel__type_support.c
-- Installing: /home/minkyo2/ROS2/ros2_package2/install/my_first_package_msgs/include/my_first_package_msgs/msg/detail/cmd_and_pose_vel__rosidl_typesupport_introspection_c.h
-- Installing: /home/minkyo2/ROS2/ros2_package2/install/my_first_package_msgs/lib/libmy_first_package_msgs__rosidl_typesupport_introspection_c.so
-- Set runtime path of "/home/minkyo2/ROS2/ros2_package2/install/my_first_package_msgs/lib/libmy_first_package_msgs__rosidl_typesupport_introspection_c.so" to ""
-- Installing: /home/minkyo2/ROS2/ros2_package2/install/my_first_package_msgs/lib/libmy_first_package_msgs__rosidl_typesupport_c.so
-- Set runtime path of "/home/minkyo2/ROS2/ros2_package2/install/my_first_package_msgs/lib/libmy_first_package_msgs__rosidl_typesupport_c.so" to ""
-- Up-to-date: /home/minkyo2/ROS2/ros2_package2/install/my_first_package_msgs/include/my_first_package_msgs
-- Up-to-date: /home/minkyo2/ROS2/ros2_package2/install/my_first_package_msgs/include/my_first_package_msgs/msg
-- Installing: /home/minkyo2/ROS2/ros2_package2/install/my_first_package_msgs/include/my_first_package_msgs/msg/cmd_and_pose_vel.hpp
-- Up-to-date: /home/minkyo2/ROS2/ros2_package2/install/my_first_package_msgs/include/my_first_package_msgs/msg/detail
-- Installing: /home/minkyo2/ROS2/ros2_package2/install/my_first_package_msgs/include/my_first_package_msgs/msg/detail/cmd_and_pose_vel__struct.hpp
-- Installing: /home/minkyo2/ROS2/ros2_package2/install/my_first_package_msgs/include/my_first_package_msgs/msg/detail/cmd_and_pose_vel__builder.hpp
-- Installing: /home/minkyo2/ROS2/ros2_package2/install/my_first_package_msgs/include/my_first_package_msgs/msg/detail/cmd_and_pose_vel__traits.hpp
-- Up-to-date: /home/minkyo2/ROS2/ros2_package2/install/my_first_package_msgs/include/my_first_package_msgs
-- Up-to-date: /home/minkyo2/ROS2/ros2_package2/install/my_first_package_msgs/include/my_first_package_msgs/msg
-- Up-to-date: /home/minkyo2/ROS2/ros2_package2/install/my_first_package_msgs/include/my_first_package_msgs/msg/detail
-- Installing: /home/minkyo2/ROS2/ros2_package2/install/my_first_package_msgs/include/my_first_package_msgs/msg/detail/cmd_and_pose_vel__type_support.cpp
-- Installing: /home/minkyo2/ROS2/ros2_package2/install/my_first_package_msgs/include/my_first_package_msgs/msg/detail/cmd_and_pose_vel__rosidl_typesupport_introspection_cpp.hpp
-- Installing: /home/minkyo2/ROS2/ros2_package2/install/my_first_package_msgs/lib/libmy_first_package_msgs__rosidl_typesupport_introspection_cpp.so
-- Set runtime path of "/home/minkyo2/ROS2/ros2_package2/install/my_first_package_msgs/lib/libmy_first_package_msgs__rosidl_typesupport_introspection_cpp.so" to ""
-- Installing: /home/minkyo2/ROS2/ros2_package2/install/my_first_package_msgs/lib/libmy_first_package_msgs__rosidl_typesupport_cpp.so
-- Set runtime path of "/home/minkyo2/ROS2/ros2_package2/install/my_first_package_msgs/lib/libmy_first_package_msgs__rosidl_typesupport_cpp.so" to ""
-- Installing: /home/minkyo2/ROS2/ros2_package2/install/my_first_package_msgs/share/my_first_package_msgs/environment/pythonpath.sh
-- Installing: /home/minkyo2/ROS2/ros2_package2/install/my_first_package_msgs/share/my_first_package_msgs/environment/pythonpath.dsv
-- Installing: /home/minkyo2/ROS2/ros2_package2/install/my_first_package_msgs/lib/python3.8/site-packages/my_first_package_msgs/__init__.py
Compiling '/home/minkyo2/ROS2/ros2_package2/install/my_first_package_msgs/lib/python3.8/site-packages/my_first_package_msgs/__init__.py'...
-- Installing: /home/minkyo2/ROS2/ros2_package2/install/my_first_package_msgs/lib/python3.8/site-packages/my_first_package_msgs/msg
-- Installing: /home/minkyo2/ROS2/ros2_package2/install/my_first_package_msgs/lib/python3.8/site-packages/my_first_package_msgs/msg/_cmd_and_pose_vel.py
-- Installing: /home/minkyo2/ROS2/ros2_package2/install/my_first_package_msgs/lib/python3.8/site-packages/my_first_package_msgs/msg/__init__.py
-- Installing: /home/minkyo2/ROS2/ros2_package2/install/my_first_package_msgs/lib/python3.8/site-packages/my_first_package_msgs/msg/_cmd_and_pose_vel_s.c
-- Installing: /home/minkyo2/ROS2/ros2_package2/install/my_first_package_msgs/lib/python3.8/site-packages/my_first_package_msgs/my_first_package_msgs_s__rosidl_typesupport_fastrtps_c.cpython-38-x86_64-linux-gnu.so
-- Set runtime path of "/home/minkyo2/ROS2/ros2_package2/install/my_first_package_msgs/lib/python3.8/site-packages/my_first_package_msgs/my_first_package_msgs_s__rosidl_typesupport_fastrtps_c.cpython-38-x86_64-linux-gnu.so" to ""
-- Installing: /home/minkyo2/ROS2/ros2_package2/install/my_first_package_msgs/lib/python3.8/site-packages/my_first_package_msgs/my_first_package_msgs_s__rosidl_typesupport_introspection_c.cpython-38-x86_64-linux-gnu.so
-- Set runtime path of "/home/minkyo2/ROS2/ros2_package2/install/my_first_package_msgs/lib/python3.8/site-packages/my_first_package_msgs/my_first_package_msgs_s__rosidl_typesupport_introspection_c.cpython-38-x86_64-linux-gnu.so" to ""
-- Installing: /home/minkyo2/ROS2/ros2_package2/install/my_first_package_msgs/lib/python3.8/site-packages/my_first_package_msgs/my_first_package_msgs_s__rosidl_typesupport_c.cpython-38-x86_64-linux-gnu.so
-- Set runtime path of "/home/minkyo2/ROS2/ros2_package2/install/my_first_package_msgs/lib/python3.8/site-packages/my_first_package_msgs/my_first_package_msgs_s__rosidl_typesupport_c.cpython-38-x86_64-linux-gnu.so" to ""
-- Installing: /home/minkyo2/ROS2/ros2_package2/install/my_first_package_msgs/lib/libmy_first_package_msgs__python.so
-- Set runtime path of "/home/minkyo2/ROS2/ros2_package2/install/my_first_package_msgs/lib/libmy_first_package_msgs__python.so" to ""
-- Installing: /home/minkyo2/ROS2/ros2_package2/install/my_first_package_msgs/share/my_first_package_msgs/msg/CmdAndPoseVel.idl
-- Installing: /home/minkyo2/ROS2/ros2_package2/install/my_first_package_msgs/share/my_first_package_msgs/msg/CmdAndPoseVel.msg
-- Installing: /home/minkyo2/ROS2/ros2_package2/install/my_first_package_msgs/share/ament_index/resource_index/package_run_dependencies/my_first_package_msgs
-- Installing: /home/minkyo2/ROS2/ros2_package2/install/my_first_package_msgs/share/ament_index/resource_index/parent_prefix_path/my_first_package_msgs
-- Installing: /home/minkyo2/ROS2/ros2_package2/install/my_first_package_msgs/share/my_first_package_msgs/environment/ament_prefix_path.sh
-- Installing: /home/minkyo2/ROS2/ros2_package2/install/my_first_package_msgs/share/my_first_package_msgs/environment/ament_prefix_path.dsv
-- Installing: /home/minkyo2/ROS2/ros2_package2/install/my_first_package_msgs/share/my_first_package_msgs/environment/path.sh
-- Installing: /home/minkyo2/ROS2/ros2_package2/install/my_first_package_msgs/share/my_first_package_msgs/environment/path.dsv
-- Installing: /home/minkyo2/ROS2/ros2_package2/install/my_first_package_msgs/share/my_first_package_msgs/local_setup.bash
-- Installing: /home/minkyo2/ROS2/ros2_package2/install/my_first_package_msgs/share/my_first_package_msgs/local_setup.sh
-- Installing: /home/minkyo2/ROS2/ros2_package2/install/my_first_package_msgs/share/my_first_package_msgs/local_setup.zsh
-- Installing: /home/minkyo2/ROS2/ros2_package2/install/my_first_package_msgs/share/my_first_package_msgs/local_setup.dsv
-- Installing: /home/minkyo2/ROS2/ros2_package2/install/my_first_package_msgs/share/my_first_package_msgs/package.dsv
-- Installing: /home/minkyo2/ROS2/ros2_package2/install/my_first_package_msgs/share/ament_index/resource_index/packages/my_first_package_msgs
-- Installing: /home/minkyo2/ROS2/ros2_package2/install/my_first_package_msgs/share/my_first_package_msgs/cmake/my_first_package_msgs__rosidl_generator_cExport.cmake
-- Installing: /home/minkyo2/ROS2/ros2_package2/install/my_first_package_msgs/share/my_first_package_msgs/cmake/my_first_package_msgs__rosidl_generator_cExport-noconfig.cmake
-- Installing: /home/minkyo2/ROS2/ros2_package2/install/my_first_package_msgs/share/my_first_package_msgs/cmake/my_first_package_msgs__rosidl_typesupport_introspection_cExport.cmake
-- Installing: /home/minkyo2/ROS2/ros2_package2/install/my_first_package_msgs/share/my_first_package_msgs/cmake/my_first_package_msgs__rosidl_typesupport_introspection_cExport-noconfig.cmake
-- Installing: /home/minkyo2/ROS2/ros2_package2/install/my_first_package_msgs/share/my_first_package_msgs/cmake/my_first_package_msgs__rosidl_typesupport_cExport.cmake
-- Installing: /home/minkyo2/ROS2/ros2_package2/install/my_first_package_msgs/share/my_first_package_msgs/cmake/my_first_package_msgs__rosidl_typesupport_cExport-noconfig.cmake
-- Installing: /home/minkyo2/ROS2/ros2_package2/install/my_first_package_msgs/share/my_first_package_msgs/cmake/my_first_package_msgs__rosidl_generator_cppExport.cmake
-- Installing: /home/minkyo2/ROS2/ros2_package2/install/my_first_package_msgs/share/my_first_package_msgs/cmake/my_first_package_msgs__rosidl_typesupport_introspection_cppExport.cmake
-- Installing: /home/minkyo2/ROS2/ros2_package2/install/my_first_package_msgs/share/my_first_package_msgs/cmake/my_first_package_msgs__rosidl_typesupport_introspection_cppExport-noconfig.cmake
-- Installing: /home/minkyo2/ROS2/ros2_package2/install/my_first_package_msgs/share/my_first_package_msgs/cmake/my_first_package_msgs__rosidl_typesupport_cppExport.cmake
-- Installing: /home/minkyo2/ROS2/ros2_package2/install/my_first_package_msgs/share/my_first_package_msgs/cmake/my_first_package_msgs__rosidl_typesupport_cppExport-noconfig.cmake
-- Installing: /home/minkyo2/ROS2/ros2_package2/install/my_first_package_msgs/share/my_first_package_msgs/cmake/rosidl_cmake-extras.cmake
-- Installing: /home/minkyo2/ROS2/ros2_package2/install/my_first_package_msgs/share/my_first_package_msgs/cmake/ament_cmake_export_dependencies-extras.cmake
-- Installing: /home/minkyo2/ROS2/ros2_package2/install/my_first_package_msgs/share/my_first_package_msgs/cmake/ament_cmake_export_libraries-extras.cmake
-- Installing: /home/minkyo2/ROS2/ros2_package2/install/my_first_package_msgs/share/my_first_package_msgs/cmake/ament_cmake_export_targets-extras.cmake
-- Installing: /home/minkyo2/ROS2/ros2_package2/install/my_first_package_msgs/share/my_first_package_msgs/cmake/ament_cmake_export_include_directories-extras.cmake
-- Installing: /home/minkyo2/ROS2/ros2_package2/install/my_first_package_msgs/share/my_first_package_msgs/cmake/rosidl_cmake_export_typesupport_libraries-extras.cmake
-- Installing: /home/minkyo2/ROS2/ros2_package2/install/my_first_package_msgs/share/my_first_package_msgs/cmake/rosidl_cmake_export_typesupport_targets-extras.cmake
-- Installing: /home/minkyo2/ROS2/ros2_package2/install/my_first_package_msgs/share/my_first_package_msgs/cmake/my_first_package_msgsConfig.cmake
-- Installing: /home/minkyo2/ROS2/ros2_package2/install/my_first_package_msgs/share/my_first_package_msgs/cmake/my_first_package_msgsConfig-version.cmake
-- Installing: /home/minkyo2/ROS2/ros2_package2/install/my_first_package_msgs/share/my_first_package_msgs/package.xml
