[2.864s] Invoking command in '/home/minkyo2/ROS2/ros2_package2/src/my_first_package': PYTHONPATH=/home/minkyo2/ROS2/ros2_package2/build/my_first_package/prefix_override:/home/minkyo2/ROS2/ros2_package2/install/my_first_package/lib/python3.8/site-packages:${PYTHONPATH} /usr/bin/python3 setup.py egg_info --egg-base ../../build/my_first_package build --build-base /home/minkyo2/ROS2/ros2_package2/build/my_first_package/build install --record /home/minkyo2/ROS2/ros2_package2/build/my_first_package/install.log --single-version-externally-managed
[3.889s] running egg_info
[3.910s] writing ../../build/my_first_package/my_first_package.egg-info/PKG-INFO
[3.914s] writing dependency_links to ../../build/my_first_package/my_first_package.egg-info/dependency_links.txt
[3.922s] writing entry points to ../../build/my_first_package/my_first_package.egg-info/entry_points.txt
[3.923s] writing requirements to ../../build/my_first_package/my_first_package.egg-info/requires.txt
[3.925s] writing top-level names to ../../build/my_first_package/my_first_package.egg-info/top_level.txt
[4.008s] reading manifest file '../../build/my_first_package/my_first_package.egg-info/SOURCES.txt'
[4.010s] writing manifest file '../../build/my_first_package/my_first_package.egg-info/SOURCES.txt'
[4.010s] running build
[4.011s] running build_py
[4.012s] running install
[4.013s] /home/minkyo2/.local/lib/python3.8/site-packages/setuptools/command/install.py:34: SetuptoolsDeprecationWarning: setup.py install is deprecated. Use build and pip and other standards-based tools.
[4.013s]   warnings.warn(
[4.030s] running install_lib
[4.056s] running install_data
[4.080s] running install_egg_info
[4.101s] removing '/home/minkyo2/ROS2/ros2_package2/install/my_first_package/lib/python3.8/site-packages/my_first_package-0.0.0-py3.8.egg-info' (and everything under it)
[4.101s] Copying ../../build/my_first_package/my_first_package.egg-info to /home/minkyo2/ROS2/ros2_package2/install/my_first_package/lib/python3.8/site-packages/my_first_package-0.0.0-py3.8.egg-info
[4.104s] running install_scripts
[4.276s] Installing my_first_node script to /home/minkyo2/ROS2/ros2_package2/install/my_first_package/lib/my_first_package
[4.277s] Installing my_publisher script to /home/minkyo2/ROS2/ros2_package2/install/my_first_package/lib/my_first_package
[4.278s] Installing my_subscriber script to /home/minkyo2/ROS2/ros2_package2/install/my_first_package/lib/my_first_package
[4.279s] writing list of installed files to '/home/minkyo2/ROS2/ros2_package2/build/my_first_package/install.log'
[4.331s] Invoked command in '/home/minkyo2/ROS2/ros2_package2/src/my_first_package' returned '0': PYTHONPATH=/home/minkyo2/ROS2/ros2_package2/build/my_first_package/prefix_override:/home/minkyo2/ROS2/ros2_package2/install/my_first_package/lib/python3.8/site-packages:${PYTHONPATH} /usr/bin/python3 setup.py egg_info --egg-base ../../build/my_first_package build --build-base /home/minkyo2/ROS2/ros2_package2/build/my_first_package/build install --record /home/minkyo2/ROS2/ros2_package2/build/my_first_package/install.log --single-version-externally-managed
