[1.995s] Invoking command in '/home/minkyo2/ROS2/ros2_package2/src/my_first_package': PYTHONPATH=/home/minkyo2/ROS2/ros2_package2/build/my_first_package/prefix_override:/home/minkyo2/ROS2/ros2_package2/install/my_first_package/lib/python3.8/site-packages:${PYTHONPATH} /usr/bin/python3 setup.py egg_info --egg-base ../../build/my_first_package build --build-base /home/minkyo2/ROS2/ros2_package2/build/my_first_package/build install --record /home/minkyo2/ROS2/ros2_package2/build/my_first_package/install.log --single-version-externally-managed
[2.641s] running egg_info
[2.678s] writing ../../build/my_first_package/my_first_package.egg-info/PKG-INFO
[2.680s] writing dependency_links to ../../build/my_first_package/my_first_package.egg-info/dependency_links.txt
[2.681s] writing entry points to ../../build/my_first_package/my_first_package.egg-info/entry_points.txt
[2.681s] writing requirements to ../../build/my_first_package/my_first_package.egg-info/requires.txt
[2.682s] writing top-level names to ../../build/my_first_package/my_first_package.egg-info/top_level.txt
[2.783s] reading manifest file '../../build/my_first_package/my_first_package.egg-info/SOURCES.txt'
[2.786s] writing manifest file '../../build/my_first_package/my_first_package.egg-info/SOURCES.txt'
[2.787s] running build
[2.787s] running build_py
[2.791s] running install
[2.792s] /home/minkyo2/.local/lib/python3.8/site-packages/setuptools/command/install.py:34: SetuptoolsDeprecationWarning: setup.py install is deprecated. Use build and pip and other standards-based tools.
[2.792s]   warnings.warn(
[2.807s] running install_lib
[2.841s] running install_data
[2.877s] running install_egg_info
[2.897s] removing '/home/minkyo2/ROS2/ros2_package2/install/my_first_package/lib/python3.8/site-packages/my_first_package-0.0.0-py3.8.egg-info' (and everything under it)
[2.898s] Copying ../../build/my_first_package/my_first_package.egg-info to /home/minkyo2/ROS2/ros2_package2/install/my_first_package/lib/python3.8/site-packages/my_first_package-0.0.0-py3.8.egg-info
[2.899s] running install_scripts
[3.044s] Installing my_first_node script to /home/minkyo2/ROS2/ros2_package2/install/my_first_package/lib/my_first_package
[3.044s] Installing my_publisher script to /home/minkyo2/ROS2/ros2_package2/install/my_first_package/lib/my_first_package
[3.045s] Installing my_subscriber script to /home/minkyo2/ROS2/ros2_package2/install/my_first_package/lib/my_first_package
[3.045s] writing list of installed files to '/home/minkyo2/ROS2/ros2_package2/build/my_first_package/install.log'
[3.111s] Invoked command in '/home/minkyo2/ROS2/ros2_package2/src/my_first_package' returned '0': PYTHONPATH=/home/minkyo2/ROS2/ros2_package2/build/my_first_package/prefix_override:/home/minkyo2/ROS2/ros2_package2/install/my_first_package/lib/python3.8/site-packages:${PYTHONPATH} /usr/bin/python3 setup.py egg_info --egg-base ../../build/my_first_package build --build-base /home/minkyo2/ROS2/ros2_package2/build/my_first_package/build install --record /home/minkyo2/ROS2/ros2_package2/build/my_first_package/install.log --single-version-externally-managed
