[1.873s] Invoking command in '/home/minkyo2/ROS2/ros2_package2/src/my_first_package': PYTHONPATH=/home/minkyo2/ROS2/ros2_package2/build/my_first_package/prefix_override:/home/minkyo2/ROS2/ros2_package2/install/my_first_package/lib/python3.8/site-packages:${PYTHONPATH} /usr/bin/python3 setup.py egg_info --egg-base ../../build/my_first_package build --build-base /home/minkyo2/ROS2/ros2_package2/build/my_first_package/build install --record /home/minkyo2/ROS2/ros2_package2/build/my_first_package/install.log --single-version-externally-managed
[2.729s] running egg_info
[2.766s] writing ../../build/my_first_package/my_first_package.egg-info/PKG-INFO
[2.769s] writing dependency_links to ../../build/my_first_package/my_first_package.egg-info/dependency_links.txt
[2.770s] writing entry points to ../../build/my_first_package/my_first_package.egg-info/entry_points.txt
[2.772s] writing requirements to ../../build/my_first_package/my_first_package.egg-info/requires.txt
[2.773s] writing top-level names to ../../build/my_first_package/my_first_package.egg-info/top_level.txt
[2.906s] reading manifest file '../../build/my_first_package/my_first_package.egg-info/SOURCES.txt'
[2.910s] writing manifest file '../../build/my_first_package/my_first_package.egg-info/SOURCES.txt'
[2.911s] running build
[2.911s] running build_py
[2.914s] copying my_first_package/tuetle_cmd_and_pose.py -> /home/minkyo2/ROS2/ros2_package2/build/my_first_package/build/lib/my_first_package
[2.914s] running install
[2.915s] /home/minkyo2/.local/lib/python3.8/site-packages/setuptools/command/install.py:34: SetuptoolsDeprecationWarning: setup.py install is deprecated. Use build and pip and other standards-based tools.
[2.915s]   warnings.warn(
[2.921s] running install_lib
[2.959s] copying /home/minkyo2/ROS2/ros2_package2/build/my_first_package/build/lib/my_first_package/tuetle_cmd_and_pose.py -> /home/minkyo2/ROS2/ros2_package2/install/my_first_package/lib/python3.8/site-packages/my_first_package
[2.962s] byte-compiling /home/minkyo2/ROS2/ros2_package2/install/my_first_package/lib/python3.8/site-packages/my_first_package/tuetle_cmd_and_pose.py to tuetle_cmd_and_pose.cpython-38.pyc
[2.963s] running install_data
[2.992s] running install_egg_info
[3.022s] removing '/home/minkyo2/ROS2/ros2_package2/install/my_first_package/lib/python3.8/site-packages/my_first_package-0.0.0-py3.8.egg-info' (and everything under it)
[3.023s] Copying ../../build/my_first_package/my_first_package.egg-info to /home/minkyo2/ROS2/ros2_package2/install/my_first_package/lib/python3.8/site-packages/my_first_package-0.0.0-py3.8.egg-info
[3.025s] running install_scripts
[3.216s] Installing my_first_node script to /home/minkyo2/ROS2/ros2_package2/install/my_first_package/lib/my_first_package
[3.217s] Installing my_publisher script to /home/minkyo2/ROS2/ros2_package2/install/my_first_package/lib/my_first_package
[3.217s] Installing my_subscriber script to /home/minkyo2/ROS2/ros2_package2/install/my_first_package/lib/my_first_package
[3.218s] Installing tuetle_cmd_and_pose script to /home/minkyo2/ROS2/ros2_package2/install/my_first_package/lib/my_first_package
[3.221s] writing list of installed files to '/home/minkyo2/ROS2/ros2_package2/build/my_first_package/install.log'
[3.278s] Invoked command in '/home/minkyo2/ROS2/ros2_package2/src/my_first_package' returned '0': PYTHONPATH=/home/minkyo2/ROS2/ros2_package2/build/my_first_package/prefix_override:/home/minkyo2/ROS2/ros2_package2/install/my_first_package/lib/python3.8/site-packages:${PYTHONPATH} /usr/bin/python3 setup.py egg_info --egg-base ../../build/my_first_package build --build-base /home/minkyo2/ROS2/ros2_package2/build/my_first_package/build install --record /home/minkyo2/ROS2/ros2_package2/build/my_first_package/install.log --single-version-externally-managed
